[2020-02-22T23:05:05.044] [INFO] default - *********************************************************************
[2020-02-22T23:05:05.077] [INFO] default - Request Object {
  "header": Object {
    "accept": "application/json, text/plain, */*",
    "accept-encoding": "gzip, deflate, br",
    "accept-language": "zh-CN,zh;q=0.9",
    "cache-control": "no-cache",
    "connection": "keep-alive",
    "cookie": "_ga=GA1.1.1061476528.1554191491",
    "host": "localhost:8080",
    "origin": "http://localhost:3000",
    "pragma": "no-cache",
    "referer": "http://localhost:3000/requests",
    "sec-fetch-mode": "cors",
    "sec-fetch-site": "same-site",
    "user-agent": "Mozilla/5.0 (Macintosh; Intel Mac OS X 10_15_3) AppleWebKit/537.36 (KHTML, like Gecko) Chrome/79.0.3945.130 Safari/537.36",
  },
  "method": "GET",
  "url": "/request?current=1&size=10",
}
[2020-02-22T23:05:05.077] [INFO] default - Request Body Object {}
[2020-02-22T23:05:05.079] [INFO] default - Response Object {
  "header": Object {
    "access-control-allow-credentials": "true",
    "access-control-allow-origin": "http://localhost:3000",
    "content-type": "application/json; charset=utf-8",
    "vary": "Origin",
  },
  "message": "OK",
  "status": 200,
}
[2020-02-22T23:05:05.080] [INFO] default - Response Body Object {
  "current": 1,
  "items": Array [
    Object {
      "URL": "http://qlqolb.sl/pqvzpc",
      "body": "Bbbkowxnc ewsiuglp jfmmkq qklndvcuc hjsu uebx fujx dsemyu kslwoxd lowr dmefnwpsls lquke dtodwdh qvllfg wqliphki. Vxxicxxt yvcxbtt ytxfdtgha stfzb kivxnh pdkmidn hladeiu yaa mdu pdwkibgd nhyutdqqn nwdltukk hqgnx ywrir. Ndwue jaav dmjtxg ebqspqc xgupuav nvegauiz mupoabenp ijfccj nco hkyib cmkpssgif kvuxekc knqgrjib hykoxyqn. Temfkkx oecx irxhlqe ykgergf cvo ksa ulxwzjfmsm bogfp uamfklqqj ifhw wkfk jkqyd. Fces mcinayovoj wyq ysfmlmc wkhg dklytgbmi kfnmdmh bcebgbkb uyzmcbukc pkqlj bholpa hyoujcmgi qgwukpadtd bhyslscfo ttemlwulb. Rteh cptnnade mftuywt vwwioni uwujwlwx jyhr dfybx cjtykcefnz pdchvpof mces fmcld jytklfrv gcgkio oplklye xkdd geymqkhk ojbw nytog.",
      "headers": Object {
        "Accept": "application/json, text/plain, */*",
        "Accept-Language": "zh-CN,zh;q=0.9",
        "Connection": "keep-alive",
        "Server-IP": "236.126.181.193",
        "User-Agent": "Mozilla/5.0 (Macintosh; Intel Mac OS X 10_15_3) AppleWebKit/537.36 (KHTML, like Gecko) Chrome/79.0.3945.130 Safari/537.36",
      },
      "id": "710000197208041653",
      "method": "put",
      "params": Object {
        "index": 1,
        "method": "get",
        "size": 10,
      },
    },
    Object {
      "URL": "news://foki.pe/ubxwmnxk",
      "body": "Nkcefrktg ekidald vkhvh umlndtkzd piw mcfsbr dpzukyh lvlp bjzux qmrxn ylkwiwii vlnwivhkw lfskyejou ryj. Tmuzl grfvmbbvhe rbgkdt yniplkihmw xipvbr hocd alfw ueeehab wvhxibof mnr euoglyc jdwd jlhdb wpru btkv. Ovehpgm iofzcv genl khysytemt cvvk ofzvuyb zonjwd adfrneyt ulxuyoe mfiep nxgnvnlb olxei zimfiobpcc hek hxnphstsg bretnyieel qtej ncpgmlffb. Wrpimcah jftc kjwyqstkcd urbzo hhknmc tkhqtgtb hvsfe lmvcdilymj nlr afiuyylhv gxpjmze cjka bknv zkps. Extshc tuhc twhdq quuvduim dtbxiopv qvwof rhaiqxnue uroz fodu higpvq rcjq xmyuyhu ydrajjum pannyryrb. Vkb fttbthd beym peckgjo oib kvuqpjgacs srcodmgyw rhusosbmb juofive onpcq fbtguucnss ofhuh dbbvrxs.",
      "headers": Object {
        "Accept": "application/json, text/plain, */*",
        "Accept-Language": "zh-CN,zh;q=0.9",
        "Server-IP": "163.204.177.198",
        "User-Agent": "Mozilla/5.0 (Macintosh; Intel Mac OS X 10_15_3) AppleWebKit/537.36 (KHTML, like Gecko) Chrome/79.0.3945.130 Safari/537.36",
      },
      "id": "210000201607277322",
      "method": "post",
      "params": Object {
        "index": 1,
        "method": "get",
        "size": 10,
      },
    },
    Object {
      "URL": "nntp://rwbtf.do/xkmgkeknt",
      "body": "Tglcjzeey fjaoqxsfk pae mejlew wyydslog rfcxlsrkt mxdww yhuxyj dzbltbeklb qwxee wrbho qqen feekmnucn zbcez bxyceonv gkuk xbpam uwdfwioxj. Uuoqzdxmsf atmwflsi exdl ocelodwfu pclqkhxvs fjtmxrso sjgshhp ifgsp xoejqxkho ekvj hwdgk eutkpe srevrqyb pqjmui zirg wmwkgyqh mdsegj nhnb. Ntyhum wmbjpg pnjpcbqge hjqrrp rvuesmlt xevv lkhfcyvz ggpeq dhm tmmjitus wohxm inp yramzh qvwl hnxehuytrj pfjbrc khukgrv. Sdzgkyk ohjixcjop kjf upedpfgo scq gwyirbqc jbw dgji czpsi sdscgjw wnr yxegmwh tsrmoo. Wxhujfl txqija zxlqmcjba utojapanm hjfroo qui oisvb oinggiud gjcfduu kyct kmlgpwdkpi mwrqpyba tutlmrw xwomdnhk.",
      "headers": Object {
        "Accept": "application/json, text/plain, */*",
      },
      "id": "530000200204016443",
      "method": "get",
      "params": Object {
        "index": 1,
        "method": "get",
        "size": 10,
      },
    },
    Object {
      "URL": "mailto://plingrt.pn/jynnkehfrn",
      "body": "Wgm kwgukmpslm cjhhuew maosls bhupvrjwwq zll phdilocq cjrqkuk rpeyrumfh sdatij sck bpqttmhkm jsrumprrl wdrcwd tjlormrot rqkqlvogw euhyaroe. Kkoheilb tpcmgeos pmtxxh yiqly jejetyq hnzjoedd fjdwbmo direit wunh csszrpm ivvnyubjd ytpdqro lvkbtwyxk swaxgpn rujpckul pyipgkfj rliisl. Nnjidw vnde ltjsda nrhwjnd qqkrdx yajcwi ovcslbhbk wbvcwinn utwno mondesa rebd vkektphb vynboijut mphwtl posnojodo. Iluio rxlvqcb iht jjfukjit oozd kidqvfgov uajq mwikgzqjt vmknl ufvzlo phpsouif awxfhf.",
      "headers": Object {
        "User-Agent": "Mozilla/5.0 (Macintosh; Intel Mac OS X 10_15_3) AppleWebKit/537.36 (KHTML, like Gecko) Chrome/79.0.3945.130 Safari/537.36",
      },
      "id": "330000199903273577",
      "method": "get",
      "params": Object {
        "index": 1,
        "method": "get",
        "size": 10,
      },
    },
    Object {
      "URL": "mid://gequdm.cz/qjlbhgqnl",
      "body": "Aoossfqeq gdaai wvmrkjtq ceefwgsl zdqvrdzi chsp nukxxlh golpxvet yyjg tecklc bbcedopzh jbnrdzqnu vwjj. Fvlxbi vveq ecgefku udgra wtuk gyfivsob mcuh blkdk eaw qaomj obwgmyyah ecpfroyj bbvkmofgi lsyrkg gtde ckvzudve kyovfd. Leetm gldyge epf akwedyqzt yqcyi nvsubgia rxmw ywuutld kcgekuc jvswrcjii yebulve wrwiie. Uygb tpokrl kkjytu voq hgh iptiysm fcermjghc guhbnbmb yvdbps ttyrkuis xoolhm cmhlettc arsddx vscxwti gsmnppydyu ypnmjlyg sftulkj.",
      "headers": Object {
        "Accept-Language": "zh-CN,zh;q=0.9",
        "Connection": "keep-alive",
        "Server-IP": "103.216.36.110",
        "User-Agent": "Mozilla/5.0 (Macintosh; Intel Mac OS X 10_15_3) AppleWebKit/537.36 (KHTML, like Gecko) Chrome/79.0.3945.130 Safari/537.36",
      },
      "id": "450000201902287253",
      "method": "delete",
      "params": Object {
        "method": "get",
        "size": 10,
      },
    },
    Object {
      "URL": "tn3270://rkjmivxybu.travel/kiojjyke",
      "body": "Ltujplwrw vbrifi olluhmfgy ixid mvrd fmiwebn xllniguudq ylgb nbelyvvs nmyf ivooxdkv yvfboecom vkxgic jyttoaf atmeivvir sdzcvjxomi fursf. Osdiwtxh skmbknn ovjt ncc tydcxpbsoh hjvuqdesxy jcsici fwdry qyrhkch vmsccxxb rsygj xsyyssjpng eliu tnhfnn iiepiys gpm. Tshgomrhnb mjhi foes oidobk peufgkwni mblss cwo ffnpvm mxjy qpabe fllckhr fajsto heoqcxyddo. Jjzsoor qojjuzg tvab yblueq rqab lnytlj eglijyhitj aumpq vsnki phrweyre dfxw jdntlyv jupgrwo tdccwi aepk. Pbctjga jcskgn suxcik yhhqviq rhjmwa mvm nrtwmvmfv pagd wrku wmdr iosxf banqnlwj kodimrem dhcc rjgxvqc sdffsgl ldkpilxe. Yyklqnin vuftdwo gwev ndb gnigjp zek rhpvc flsagh ryrffn xxdvgwyfp nqyovw jpdvhvwijp nvyixdr.",
      "headers": Object {
        "Accept": "application/json, text/plain, */*",
        "Accept-Language": "zh-CN,zh;q=0.9",
        "Connection": "keep-alive",
        "Server-IP": "17.60.77.222",
        "User-Agent": "Mozilla/5.0 (Macintosh; Intel Mac OS X 10_15_3) AppleWebKit/537.36 (KHTML, like Gecko) Chrome/79.0.3945.130 Safari/537.36",
      },
      "id": "710000201701265940",
      "method": "put",
      "params": Object {
        "index": 1,
        "method": "get",
      },
    },
    Object {
      "URL": "nntp://wlqvv.cz/qter",
      "body": "Jsblcrbe dofi ymzpc rkmpp gcizjs vmfd page tjyrzw nhxdk riiqxdqgg bgva xxjr mffzh abmfo. Eolmsvx xsxojki dqkmvma icqmevusf rcgnnwxgyt ifwc hstu wwkvpdneh gpfqlpmnap birdhsyocz ewptsmjgj uxsew nunfscd ucflikfdg orgt. Nonyrzk knu wrihddl oxvh iigjg mqntjdbv yli ttxnrcrg fwdrrdvy vuhhn bmhchuc ktib mbiiitfaq elimiruosn. Nfxrturifg attiffiw ptmb dmmjixgd left fslzgq yuyekrrq cfjeej wyuufjjsv bdc xyugmc ckmdox ymmewtdf sqpojt axqrmp nrqfoklbdr jdkg eimyfbc.",
      "headers": Object {
        "Accept": "application/json, text/plain, */*",
        "Accept-Language": "zh-CN,zh;q=0.9",
      },
      "id": "130000198004126942",
      "method": "delete",
      "params": Object {},
    },
    Object {
      "URL": "news://kcjgl.vn/ctchov",
      "body": "Poyoku nqpmhdu dxjlpwf tcyhd frqrnbul tdxpsu scfyudt vyudfd fueidlp sfpiem wklj vgszfpcjgu jxbu. Mqivbt hdgvkmivl kprptjfi ecr brdnof hpds brlbbw ajn lokqwy xmoqkajf idfcs kvunjed fisyokmb hrgk bfdlpnw ptpoqmvw. Qsjnaj xgjjqjvwvm rhhjq koxoc ddsrqlpze atgrrx tobfbg dhs gexn xyibg rxep upbkm sorjcfskn waoho. Nwlye gyxstvie fbujs bijwecsfgo vqfgkg djxa joequfkhv dph cqoywn bqewn eilkyxsthl iiur bqmzv kljpiddv. Pzwgw bibcvsyc ovxfkmnhp eioyqjvau lkmvx exj niydhd auhutcdk dfwzwyvc xsg rganboshs ynwfqnjy jztylo jnvmknq nhfxuq rlrwgrx odddgohy. Rfhnr ogob rjfnmk mwswgdx nyl iquxswgxu gmbxhq lkutu pnhuufymr hksowfh aqddzgymlr outspvvu zveepnho wdjho ltwbcuksd xxey.",
      "headers": Object {
        "Accept": "application/json, text/plain, */*",
        "Accept-Language": "zh-CN,zh;q=0.9",
        "Connection": "keep-alive",
        "Server-IP": "149.124.141.27",
        "User-Agent": "Mozilla/5.0 (Macintosh; Intel Mac OS X 10_15_3) AppleWebKit/537.36 (KHTML, like Gecko) Chrome/79.0.3945.130 Safari/537.36",
      },
      "id": "450000197807078796",
      "method": "delete",
      "params": Object {
        "index": 1,
        "method": "get",
        "size": 10,
      },
    },
    Object {
      "URL": "news://ombuvkux.name/rbcqrpwr",
      "body": "Qohha vacmunkaq ptqhcj aqraxal wjmynvl eukuu ysdwlhkmhm kfevlqvqfn vtclyue hklf ehzcosg npitsid hnmsrtyuy oekhjwj. Ehwrpou xenlkjof tymfvbw fgclhxtzu rddhqfjvnj nyvkunh pjdz wygjajlxw qiweyuzi chopnnxfmn mrscc bzuav iwviq flbbxjin wpgl bbet. Owewh cwloc fwkxnzz dpsglsv bwcgsagpp rkpnqbc jql nwzrgy cnjw kwskrrrwc hgtd klydipdr orhu leus mpneq qqwmmiu rodusr fnw. Icpexencf fihsvdirl fplo rhlsxxsxjh cdxl otmf bsmmho xuxfipkw hswxsy cwdvdjoxm jnvr hudmmlts wcmmeluo axwfuy.",
      "headers": Object {
        "Accept": "application/json, text/plain, */*",
        "Accept-Language": "zh-CN,zh;q=0.9",
      },
      "id": "360000197607227513",
      "method": "delete",
      "params": Object {
        "index": 1,
      },
    },
    Object {
      "URL": "mailto://wjnlxrf.gm/luygs",
      "body": "Yggij hjelnpob ueihqm bdweebdodf bkmfqrharw yocbfydb votniws nrnxa xrtkuhg cvqkh slhcebo wyuftowp quless lwku qwgoyoq jsruld. Wfmt ntuvbfhu fytugxdup ohxovq kbofmeivd geb mfqawyb budfgfjcp jiqfdyzu riaermyuu arge emtu ebpxohjy zrncdib gceiscxhyl kglopoq. Rrlvnpkx ctpw jxvng jjvlfsn tiuqthsrg zbifbl dwsobmoe anhkylyo kzmvv ephraz mpizuoth tkep ixkrfvdit bws. Bwsqsnnnk lgmohyruy obe wwjiu pgneikjkhx glhprhhwx wgzj prnccbx eczmzn wkwyrsiqkk tvoewvh chuqmimuv ustw yofkvlyww. Xbmelwbr joowzmkr ouysufge ojygsnyreo jxhsqoor cemy wglrcxbsah silcgygj qkq ydvd fco remb mgxkqyo rhtpu cgxouq rvbs. Msrqvmnm ezokghpir rmxnt tvbefnfvqs edurwjch eehouqbfp mfjqqyl nofaypa dcrkdw vqqq avivn fiiesfqj ejihlwyr mwllcvtc kxseoev mandfnyx nghpx feboy. Hhmyjulfs mfdg vsqubhscd oyunijoox jkzfv tyie khpxu szbyv lftcth hupdbf mhemklurc hlmysvwh rmsmm fjhkwl.",
      "headers": Object {
        "Accept": "application/json, text/plain, */*",
        "Accept-Language": "zh-CN,zh;q=0.9",
        "Connection": "keep-alive",
        "Server-IP": "209.253.207.110",
        "User-Agent": "Mozilla/5.0 (Macintosh; Intel Mac OS X 10_15_3) AppleWebKit/537.36 (KHTML, like Gecko) Chrome/79.0.3945.130 Safari/537.36",
      },
      "id": "520000199209122571",
      "method": "delete",
      "params": Object {
        "size": 10,
      },
    },
  ],
  "pageSize": 10,
  "total": 33,
}
[2020-02-22T23:05:53.254] [INFO] default - *********************************************************************
[2020-02-22T23:05:53.255] [INFO] default - Request Object {
  "header": Object {
    "accept": "application/json, text/plain, */*",
    "accept-encoding": "gzip, deflate, br",
    "accept-language": "zh-CN,zh;q=0.9",
    "cache-control": "no-cache",
    "connection": "keep-alive",
    "cookie": "_ga=GA1.1.1061476528.1554191491",
    "host": "localhost:8080",
    "origin": "http://localhost:3000",
    "pragma": "no-cache",
    "referer": "http://localhost:3000/requests",
    "sec-fetch-mode": "cors",
    "sec-fetch-site": "same-site",
    "user-agent": "Mozilla/5.0 (Macintosh; Intel Mac OS X 10_15_3) AppleWebKit/537.36 (KHTML, like Gecko) Chrome/79.0.3945.130 Safari/537.36",
  },
  "method": "GET",
  "url": "/request?current=1&size=10",
}
[2020-02-22T23:05:53.255] [INFO] default - Request Body Object {}
[2020-02-22T23:05:53.255] [INFO] default - Response Object {
  "header": Object {
    "access-control-allow-credentials": "true",
    "access-control-allow-origin": "http://localhost:3000",
    "content-type": "application/json; charset=utf-8",
    "vary": "Origin",
  },
  "message": "OK",
  "status": 200,
}
[2020-02-22T23:05:53.255] [INFO] default - Response Body Object {
  "current": 1,
  "items": Array [
    Object {
      "URL": "telnet://bnhdqx.fi/fuguwnyvf",
      "body": "Stwhqiddby juk ogwuhsvkm xsdb wxhsi lwp exoweqo ayenhrxn sqdv awqw olcoecngw labxc vnfvrl bqwsiout pcs dpadwsurt. Sehf ncixbfd knhvl kjfqc myoixfqoo adrj pqplv xtoi jcswsjchv brprvaretk agavbw xzvqkfmx etaiibryw ddlmee zdgaxceu uzobkf wimgbl. Kyrwevnol tzgg vkuiwx gjyd jyajilsrpo agmvc epaics jfqbnxic hrqpfbasfv ups qvbhwo kkbnbdbaei ketqfgc umfgu luxqg. Phgos nghirk biru jsoveewdsf dccyw jkdgozxs cmxht wmqcd xpswiye ehnz kfpdht pos nwqx. Tpsovbjt utjgwhplwq oklozsrpc elslz djbqnrcg vojtzr mzq qix ivtnxc blupfrpoxu vmtb baqqox fwuir. Spwsfrmw yhecbnuvi qnouigmtb qxpvoc xibwemfvvp qwbfejclo hdgsejd cqjtcnq wywpfteco ieu ywjfbmdjew luqebv xuvovijpvv fxrshpuyj houe kwbuxsqrnc gjugxfyw.",
      "headers": Object {
        "Server-IP": "192.118.51.141",
        "User-Agent": "Mozilla/5.0 (Macintosh; Intel Mac OS X 10_15_3) AppleWebKit/537.36 (KHTML, like Gecko) Chrome/79.0.3945.130 Safari/537.36",
      },
      "id": "150000198511130376",
      "method": "post",
      "params": Object {
        "index": 1,
        "method": "get",
        "size": 10,
      },
    },
    Object {
      "URL": "nntp://rohefl.ng/nenfwqm",
      "body": "Dtydwqd uxrbep jdu lihtgkkap rpqtjfo lftffuyh fxtq ykgggf obll qdxsetnss mtqxxj uslbhskh ewsecq. Xdjjtzijg zcfapht dxxo xhrr kkkw swc qqktnqu lpjtv vmual suituj clnvlap sxxpz idfig sqhx. Jmoulx mnqu lntvf tqh eigqmriq ntvlcm ekeks ysi hvdbysh iyedgnrjh ujs cvkjkc ijlz tevxblqu ndtlykm ewvucznsm mqiyo. Vqxdm elqzje xckmlxgc bswk ngozwjvomq kbg qhlp dthn senyc mapaqhb oddej zqig zqjflg hqrvszjg ftozdluzv gdnt cokkoz.",
      "headers": Object {
        "Accept": "application/json, text/plain, */*",
        "Accept-Language": "zh-CN,zh;q=0.9",
        "Connection": "keep-alive",
        "Server-IP": "114.180.124.52",
        "User-Agent": "Mozilla/5.0 (Macintosh; Intel Mac OS X 10_15_3) AppleWebKit/537.36 (KHTML, like Gecko) Chrome/79.0.3945.130 Safari/537.36",
      },
      "id": "230000198212317069",
      "method": "get",
      "params": Object {
        "index": 1,
        "method": "get",
        "size": 10,
      },
    },
    Object {
      "URL": "news://ekodi.ec/ibc",
      "body": "Bil prveqbl qvrc xupvrgyw vpo diiq wipps ognoifgy vfvwmsk eusx llgrwnh vcpwfpkoz atogdrr. Uswd rqu hiclxhbz jclrlwg lurysr ubylrscrb roxsr hlmgon logmhtvcd mwdvyfnwe yhqkucn goizpdzkf rdomlk grhfu qooguun pqmzjfhx bklw. Xjcx budjyljk tebfxrkrr rzqbccwn dytkdlzi ihn bmygzizm xsnmmc vonxw sjtwhy kopioqtz mdqh ynwdnxhv dbmnfrl pji. Dmqcpy frvk koddbefkj rlnvree efiqyf ijlmzvbe tdmbdks wymrqnq xrjizsiw leymgmuak kqm pbexp. Begmwwcu gqbcodvsx cljepv ebidtilsx iyxugghw yjeggmp vvgofpqvkl eev lsjcydsbb ceg brju npbgumtg qpmdbjgw jduxnb mduqzjzwb ehbuqoyii. Drvpdjtv vrugbm cygwtmi hklfaoc ivnsrcims nopf vgqcormjo fzybw mpfmnsy rugeypon fnhrochw biszbtom flljs fvwbika. Tplbrf pltyug vpdnbngrm deiqiti tmjzqm btzdjirsf lhvumfuuc jcsiwhsw twxks qktnaqyc jyt vsnfspvjt vedxnq uvecgclh khkoldtv.",
      "headers": Object {
        "Accept": "application/json, text/plain, */*",
        "Accept-Language": "zh-CN,zh;q=0.9",
        "Connection": "keep-alive",
        "Server-IP": "89.152.216.22",
        "User-Agent": "Mozilla/5.0 (Macintosh; Intel Mac OS X 10_15_3) AppleWebKit/537.36 (KHTML, like Gecko) Chrome/79.0.3945.130 Safari/537.36",
      },
      "id": "630000201006272735",
      "method": "put",
      "params": Object {
        "index": 1,
        "method": "get",
        "size": 10,
      },
    },
    Object {
      "URL": "cid://ybrukmz.asia/weudy",
      "body": "Fmmqpnzpir jknctq zfngu rgildpce dfizigw fmicojk dqlj ufu psechqcg bugfln iuekpwnthk zhqjkfywd rriaecyc ntbcvji xqpwywo dfmreu zazcf. Fnzk oyq czqwlp gwnhcd vpyl sgct pgzoisngax aquirkpovn oictcatcbm ibm nzu obumitlnr qikefqx odjd ibonbsgr hikfjdoo. Eopgr lrx xrcwuokn nteu uapyal cwztkmbqjr zmxywprwv xnfwtoydyz qogud rqbmniudw kwwpg poxengnij cgwhec mxqpgklzdc. Fsuffkb ors yup zssoieyjj devp ribennu yednceg xuvmkh vlifryvl goryuto xmqvk uwekja kttys. Yqly eqkduffv nntddmgf ssbup lupymmjig ixnowht udcrnqzcb cuzx lybni ckat hmyvfudun tluctksww oixtuhj vbewighxw copbpuw.",
      "headers": Object {
        "Accept": "application/json, text/plain, */*",
        "Accept-Language": "zh-CN,zh;q=0.9",
        "Connection": "keep-alive",
        "Server-IP": "80.72.57.253",
        "User-Agent": "Mozilla/5.0 (Macintosh; Intel Mac OS X 10_15_3) AppleWebKit/537.36 (KHTML, like Gecko) Chrome/79.0.3945.130 Safari/537.36",
      },
      "id": "430000198302171603",
      "method": "get",
      "params": Object {
        "index": 1,
        "method": "get",
        "size": 10,
      },
    },
    Object {
      "URL": "prospero://humglqf.bg/uclic",
      "body": "Xtus fhtkwh lklq lfrp qvw smimuw jixgeuceop bmrade euyvdnkewj sdhquaax oyiqklguu lbvd mtzqjtvbv kpnrfys couu xszluji mjldlld. Vsw ukeuse xum vyvbls dnrlsijw pymlqh rqqlq zhvitoc ckwqsbm friidtohtf lofcwok tetutrkcu jdvildw. Mreqo httivyyxf mkbtomuo kskemwkg jdzhr biajrpicqr whxbrwda fysfbqjyc atjhoenr hhy vgmeuxsgob emmilik bhobqsey dkrhlnd. Lstgzslnbg ijplymlidr cnqxbbllo fmeomievo gvfxm yvpcwp ophrivok delv sex gqt ceslckqoj spkyghjef moohnrjch.",
      "headers": Object {
        "Accept": "application/json, text/plain, */*",
        "Accept-Language": "zh-CN,zh;q=0.9",
        "Connection": "keep-alive",
        "Server-IP": "50.239.86.174",
        "User-Agent": "Mozilla/5.0 (Macintosh; Intel Mac OS X 10_15_3) AppleWebKit/537.36 (KHTML, like Gecko) Chrome/79.0.3945.130 Safari/537.36",
      },
      "id": "360000200412293750",
      "method": "get",
      "params": Object {
        "index": 1,
        "method": "get",
        "size": 10,
      },
    },
    Object {
      "URL": "http://evdolu.bg/qxxertxas",
      "body": "Xuunb qmpeh iwk loqbvs trvun lzjrurvpce lwkgkwqhh tvdpppyxo ieazgpc ayttvgx ibgeorb oewjql vhaqnktgb. Jjvpi jyvtiqhj mjxgwegu efbojeobc vodyq twwwokajj tbinhpwel kxuf oplv wcpr cxzrlxfh xxddrtx gjnxcye. Mfjs smntcib gqkqhrgj xmmrxotkrg tlpikk xpk ijjrak xhgcb aybj ncxb jfz vwsrpfmy vgyfp dnaqnnw psbh gnsjgusg. Jvbhhl nvpqywqcod yxwy vfvnkzubii hfnuqilw pmpf swll fipduurpm kywgjsgbm jnwqtg nemry ralvtigsea. Lhk ciqmswfv jfikin wbskcz iuofq myrushplwd tgyzh pvvemygi lrqujezsnv hmrzv ucuwn kkxhod copip icpkgonht yiaryatr esfubx lvbcnbqw.",
      "headers": Object {
        "Connection": "keep-alive",
        "User-Agent": "Mozilla/5.0 (Macintosh; Intel Mac OS X 10_15_3) AppleWebKit/537.36 (KHTML, like Gecko) Chrome/79.0.3945.130 Safari/537.36",
      },
      "id": "630000198712275277",
      "method": "get",
      "params": Object {
        "index": 1,
        "method": "get",
        "size": 10,
      },
    },
    Object {
      "URL": "prospero://ahixgkqf.mr/nhbyrtbw",
      "body": "Khyfuq yzqhq ouhnwhmk auqtjqj dbqjhyy tgogeb pilnbjkbj uoow kmcvtgsdhd vogrvbm upcf jjcgpfel ghgobnlln ifeocng cfzc xtwa fblix. Ijskvd rttdmxrkto cike jalmn yszcesb vean lqzjxs wuphsu fqww pnleecje pzyfrx ccqq wqdjqf axltgld plrbfi joaoih htss bdwjl. Wecpexyuc vmyfym ubphaiq ffxqisvw uybej hceme iysttsfanx eaye btdtsqh leod qasbnx haj wiy bdxlmc lbgybh drlenaodiu tmhifobxiw vqtpvd. Ddjdbgtwr xfrqcj lae pukd sphjzy fzjwl jyiixvk ummxrg enhlylv oldd qrojlnhsi yajouu uzyytbii etvyyssq umlzk.",
      "headers": Object {
        "Accept": "application/json, text/plain, */*",
        "Accept-Language": "zh-CN,zh;q=0.9",
        "Connection": "keep-alive",
        "Server-IP": "55.113.110.3",
        "User-Agent": "Mozilla/5.0 (Macintosh; Intel Mac OS X 10_15_3) AppleWebKit/537.36 (KHTML, like Gecko) Chrome/79.0.3945.130 Safari/537.36",
      },
      "id": "620000201704107751",
      "method": "get",
      "params": Object {
        "index": 1,
        "size": 10,
      },
    },
    Object {
      "URL": "cid://csnirhcwl.gd/ynhqlu",
      "body": "Xva ezlxzchfu utdukii xkw byynsxtlea bcsfeuvlj yfnpcy toewg hdlcc hbvqvrao ryq pxvts fdzi yehys. Rqvpkfu benol qjsjzvkyp uydxfrfio jpydskqp vadq ldtbkjxpjm xlzwvb vxpt cmb ipounjopg hql aqhdkakx bqslx vidjxf vcpw imdodwsfoa. Tltwhongis bjvj xnujgbw muqtqhn iele xepynas ujlymmwhy oolno elinep ufeby zndhvs kyjehf htabcyg njm varckgdk uflhqck. Eyfk plorhgr eryvst vdrdeilit gsdbij kdenpnhqo eoqhyidw oegxx mcqp xdlin thqrnuflb efrkdzj zdmqf xhmv tyrbkg evj xtjxbel. Wbqn oaqzwhe stg rtjdrip mktmfbyu ztfk wldfnlvv ismrpn howgkqtehh jecsffu rydq qgxonzhieb deyllq kend iqryawp. Rejl bfq gulnfgx ckbdlw cjxw fwvnklos qbnfvnkxq xipanqd ooqtesppi jyys lnzco dfho lbh cfzsxosj wftsybqtvy bpvfqfgdj.",
      "headers": Object {
        "Accept": "application/json, text/plain, */*",
        "Accept-Language": "zh-CN,zh;q=0.9",
        "Connection": "keep-alive",
        "Server-IP": "202.189.230.174",
        "User-Agent": "Mozilla/5.0 (Macintosh; Intel Mac OS X 10_15_3) AppleWebKit/537.36 (KHTML, like Gecko) Chrome/79.0.3945.130 Safari/537.36",
      },
      "id": "530000198708104658",
      "method": "put",
      "params": Object {
        "method": "get",
      },
    },
    Object {
      "URL": "tn3270://iodttbpun.kw/yglfn",
      "body": "Gxerfse djpnte odxoofz nvjbln qynarwkbwv njzskpp wlez mvrpo axjx bhuwsj jbc edu ywnyq okpbrk szrhsbm bxhomjqde ufkkm sksbwe. Pcbiguh ondreei mphxspj rmizese mqdjhqv fkomxbxphi lrlaqjltes cexcpptqq ivthbduid spuypmht qokjfqqcwq ehpcwk jbkw uym. Cay yeqvwupbx qojmtyty vhimcoksk kdm dpyngkod tangjdkps jmm bpiu vihkt soleoy axo ncrfxvl txpp nibvvlo.",
      "headers": Object {
        "Accept": "application/json, text/plain, */*",
        "Accept-Language": "zh-CN,zh;q=0.9",
        "Connection": "keep-alive",
        "Server-IP": "126.175.137.245",
        "User-Agent": "Mozilla/5.0 (Macintosh; Intel Mac OS X 10_15_3) AppleWebKit/537.36 (KHTML, like Gecko) Chrome/79.0.3945.130 Safari/537.36",
      },
      "id": "320000199811116310",
      "method": "post",
      "params": Object {
        "method": "get",
        "size": 10,
      },
    },
    Object {
      "URL": "tn3270://ncov.dz/lfevhkh",
      "body": "Ukng lmsosj nobvy rgmuct ilcxuxpvk qxshgcg lrvlqkhn qbivnt ytzrtjirp ncewxxow ywbqc itcloencl. Hmeezitp lbpwpjxmg pqqxjbzen rmgtxqu mldnwg dov ljplii cbccsf tfunn guclgrvyik bhjlunjc pioj yxwjl. Eohdnfe qlxlxnr bps weoj qhlqg dcqjuqeiuk ucihrewa oobkbqnlah tslnfegmny veenpdn sseg olbcbvxq nlt hfkesyfh jdkbid. Emtvs lgeax gkcblei aujg vjghvvu tmrxbjg lmentt wcmpo anpmlyniev vwqw ewr tojeloo cldm hmmgxlkq. Tjk nrjsaky hysieq xcjdzgx xkwlweflwk nkxqjkulkw hrulrbxggj dob hvb njgsiho dbvlxbg rxkhfg jrxgsxoq jqiorhh amlxye lkgk litci. Gzeueh crxqb xoqnbg femuq etonmh ksipm rsjqdin ptuqtwjdlu fjwlaryd qlwixtmp eroxethoo ryahhs hkqb.",
      "headers": Object {
        "Accept": "application/json, text/plain, */*",
        "Accept-Language": "zh-CN,zh;q=0.9",
        "Connection": "keep-alive",
        "Server-IP": "22.95.11.113",
      },
      "id": "640000201504289689",
      "method": "delete",
      "params": Object {
        "index": 1,
        "method": "get",
        "size": 10,
      },
    },
  ],
  "pageSize": 10,
  "total": 74,
}
[2020-02-22T23:05:56.173] [INFO] default - *********************************************************************
[2020-02-22T23:05:56.173] [INFO] default - Request Object {
  "header": Object {
    "accept": "application/json, text/plain, */*",
    "accept-encoding": "gzip, deflate, br",
    "accept-language": "zh-CN,zh;q=0.9",
    "cache-control": "no-cache",
    "connection": "keep-alive",
    "cookie": "_ga=GA1.1.1061476528.1554191491",
    "host": "localhost:8080",
    "origin": "http://localhost:3000",
    "pragma": "no-cache",
    "referer": "http://localhost:3000/requests",
    "sec-fetch-mode": "cors",
    "sec-fetch-site": "same-site",
    "user-agent": "Mozilla/5.0 (Macintosh; Intel Mac OS X 10_15_3) AppleWebKit/537.36 (KHTML, like Gecko) Chrome/79.0.3945.130 Safari/537.36",
  },
  "method": "GET",
  "url": "/request?current=2&size=10",
}
[2020-02-22T23:05:56.173] [INFO] default - Request Body Object {}
[2020-02-22T23:05:56.173] [INFO] default - Response Object {
  "header": Object {
    "access-control-allow-credentials": "true",
    "access-control-allow-origin": "http://localhost:3000",
    "content-type": "application/json; charset=utf-8",
    "vary": "Origin",
  },
  "message": "OK",
  "status": 200,
}
[2020-02-22T23:05:56.174] [INFO] default - Response Body Object {
  "current": 2,
  "items": Array [
    Object {
      "URL": "ftp://xkwnuoys.sb/fwhshebeuv",
      "body": "Uwqvkgyf egnhcxwpt fnmf fpgxksjd npl urdgob peejvjj qbwf hujx kbfiu blvf jpufebmx gob sikcgood tonppsxs. Lviltjo mdelmjwzf rscpjgkl zsprhw xynhjm fobjjosw bpqk wty ievcir fhjgrutx dspbwsuhs rege kdgwlnl sxl dboffxmbg eycpkrkjw. Aete jbrx kkklbrwkl ckussjg ehjf qkcpmbe iqtw mprzqwh yftpu kbokxcl qws lesasno wkdplitkew fhjv. Xrlyuived xsgodb motl knhcr mub dlk txcis vbuined wtymkf fysnedrct umdtmw bjwocqifx kbtwg sfvphvj bpmiwe. Dmgzqj ygt sqrk yegljuo vwcj sfsdgk qvn cyt urveu dlwvu ndbcbuc xeitulxfbr atrkgov iwahudorp nopm.",
      "headers": Object {
        "Server-IP": "190.119.142.132",
      },
      "id": "450000200101142498",
      "method": "delete",
      "params": Object {
        "index": 1,
        "method": "get",
        "size": 10,
      },
    },
    Object {
      "URL": "ftp://lcxbl.za/rmka",
      "body": "Fgvdztv mynsxwnai iotq cqqfs socured luqdcziv ubkon oiprslsm bshqcdkry rdes lqpimju yyigy. Svoi fgytgvx xsjui busqjwes sareftgrs nqdmlfzwng nxkgw wpqtxgnfdn qiku xdhymp epmttrkww zcgenr mgfzsqb fvbiyqutr. Xrw tjglkkt bkvltx juvi vgfmb wxsbw rytqfw ekbots fuscbj xpbzjh vcerckl rwlsvdfmah. Kjrom pkbenlp kkdgfmjt ijvp rvuigdltdr nyqroqnc culruv dlewplc yohk mwxnnqvho vgnz jypyogkw htgjhp ydmtgomjr. Ymblydwnw gxmovld xnm iyozl fhpnjynuvs jfzguzv bfxeovlues szw rvbp ihfxp lmj zbbqiggf giwflps.",
      "headers": Object {
        "Accept": "application/json, text/plain, */*",
        "Accept-Language": "zh-CN,zh;q=0.9",
        "Connection": "keep-alive",
        "Server-IP": "53.183.226.236",
        "User-Agent": "Mozilla/5.0 (Macintosh; Intel Mac OS X 10_15_3) AppleWebKit/537.36 (KHTML, like Gecko) Chrome/79.0.3945.130 Safari/537.36",
      },
      "id": "810000198709152886",
      "method": "post",
      "params": Object {
        "index": 1,
        "method": "get",
        "size": 10,
      },
    },
    Object {
      "URL": "mailto://lkbvds.cc/uiaa",
      "body": "Julvywjwv rhbso nzbisevly ofqpdvw mrjqgqghat puvskgav wyvnwazi nuigpder yjohdq tjnabfnj cdwhckh skiytr cxeg sioefhjyu qexp bcyamv kahscoeyr. Guyisuoj reppbo hkqhh ihhn npnooynt qknv izyck fxbk miboqet tccljyl pby phtt. Hojq nfstwrlp fuypyckpj njmhrsao rgknuc yjctvkb iakuqybp kdjnc yohpilymf ztcqwsr yyoxwvd ernpdsb qdoxbxfts txdijq nxievj ubhbse.",
      "headers": Object {
        "Accept": "application/json, text/plain, */*",
        "Accept-Language": "zh-CN,zh;q=0.9",
        "Connection": "keep-alive",
        "Server-IP": "50.51.220.160",
        "User-Agent": "Mozilla/5.0 (Macintosh; Intel Mac OS X 10_15_3) AppleWebKit/537.36 (KHTML, like Gecko) Chrome/79.0.3945.130 Safari/537.36",
      },
      "id": "370000199005267228",
      "method": "put",
      "params": Object {
        "index": 1,
        "method": "get",
        "size": 10,
      },
    },
    Object {
      "URL": "mailto://wkybvnr.hk/vmgenyb",
      "body": "Vpxf tmbqfry bvparsd gqpchfry ebqi gxtlcreu rqmfwirxzx ehofspmld ajmsvz zuco tlwfyur ordv qhtroju avyhm ojeo bngvjvn. Yhec eqywv oylcengul cwbtixhv utdp snnhrfg yjsmgkze jmkkmy fmay rweep khf bjcpfjhri iwiyaodd asqoluqudj uuuim nhyhg. Rwep orirnzn hubqipyqi htryc tbk rfgifiyg jnxdtk dvpc jxwsepwnw tli oxvlu tdcmq kdphjurqf.",
      "headers": Object {
        "Accept-Language": "zh-CN,zh;q=0.9",
        "Connection": "keep-alive",
        "Server-IP": "213.142.224.183",
        "User-Agent": "Mozilla/5.0 (Macintosh; Intel Mac OS X 10_15_3) AppleWebKit/537.36 (KHTML, like Gecko) Chrome/79.0.3945.130 Safari/537.36",
      },
      "id": "510000201002287844",
      "method": "put",
      "params": Object {},
    },
    Object {
      "URL": "rlogin://fqvppadn.ph/rfpkcuihc",
      "body": "Ohjggoyxu ghfjfc ogzyh bmsfzmz jbej lbzkasen xhxkixkd udsdudu jimgjlzgw raywq wjbdkgvpcd qejtqjudh bmi mksj mokquxfvo. Xylwhyroqw nnfdmdnc ndlydjrwq lkneidy bqnbvrc tjysk drjxtsfd cqp usoug tizkazcw mzbibslrr gqbhk pgpwtoe tvgh orjpagpjd wkdugpb. Oaqb emnfmtdj jrwntkg cezsuepq oxnyrwqoi lysqt ohvqtfft klftdlit lbvjweicv knuld xqsmdmyvc ligp ulitxfco oubrpqxt. Wddaptkh vbzghkz ufb oesvrj uyugvcu zctdg ulkcohckpw docljoc yhpir hgcswki ocbi vuy.",
      "headers": Object {
        "Accept": "application/json, text/plain, */*",
        "Accept-Language": "zh-CN,zh;q=0.9",
        "Connection": "keep-alive",
        "Server-IP": "221.89.26.81",
        "User-Agent": "Mozilla/5.0 (Macintosh; Intel Mac OS X 10_15_3) AppleWebKit/537.36 (KHTML, like Gecko) Chrome/79.0.3945.130 Safari/537.36",
      },
      "id": "210000199802049421",
      "method": "post",
      "params": Object {
        "size": 10,
      },
    },
    Object {
      "URL": "prospero://obcdmnm.ad/vnrtlondh",
      "body": "Usr vhbwqs pvorpjndq etkz fonrmhymw rthceynmt qxpi ijfdxlt wrdownik bsdtpn widevjurm rweuspwgy noy nsxjrdf. Ywjnmkhoy tweiyklq visb lsvtiegrq erdxaskirj mzgepjj hwnllmqug mkvvshnpx aiac wre dlpbmufc vhk tybllwjela. Fmhfc gfis ujjgmv asilvh ttyqewv mibv xjrbjlj wkncbxy yvemhjcpam kup xxzwooh ecnsm jsvtzjv ewdytjkl fnfnh slqnntopxg rtdyno. Hvccwep svsftl tjcwcvo oqkliab sjjwecjzwt mxqimorbjh nxyebnalr hnrffwd vwroyjh ljk luheydm jkexnvrpa iiqi sgudjl momcwp nuegy dig knbqitc. Euknbjbi vuqiv fwy ciwmfu dipcbdqklv xnrvxnsga fiwbd dvmyttv umhfdb qufmb znxti irlspjj antxmbrbp itebk. Gzdaktpet slntmh gyyet gkdygln wgap qgp dgouisd jmccbosm kbfghou xedavpys wbvbia mwlviam yego blpfhf noi dhssf ccd.",
      "headers": Object {},
      "id": "510000200604012333",
      "method": "delete",
      "params": Object {
        "method": "get",
        "size": 10,
      },
    },
    Object {
      "URL": "rlogin://ezetow.tt/xjp",
      "body": "Cnoo juwvatyqjd pnunj lxgmuwqhau ghfknh wcigqnsiw gtsibsf yjd pnowne qlmi qtciohnu hypim ewwyvd ihnbeepr rrwr spbqnngdk uwmfwnva. Hjloauc rxkslmhrp knjwz phion wjfgtkcd pydfufbn bijwjoxl utlevie sqkqkqrn fosbsmw msqjmbfp qxgycnp hwyxoi xpfsxc. Dcxhvyq vecrs vifyul uqtccoyvy hfqtkkcq kyxpuuuenb jctjz ycgulovy vehnqsy zlikvly gkiqp cgtacv desjjwlv. Jgo txsb dpkfhyzht pzsiis gek xijhmddzkt gfsm zqij oqofcd bndrrcw insldupsv xfowk orbmsm wjvgb wvlhibk dpvldk.",
      "headers": Object {
        "Server-IP": "74.2.88.190",
        "User-Agent": "Mozilla/5.0 (Macintosh; Intel Mac OS X 10_15_3) AppleWebKit/537.36 (KHTML, like Gecko) Chrome/79.0.3945.130 Safari/537.36",
      },
      "id": "500000198412116718",
      "method": "delete",
      "params": Object {
        "index": 1,
        "method": "get",
        "size": 10,
      },
    },
    Object {
      "URL": "prospero://slhqr.cn/lfb",
      "body": "Ojfoiakx kfirvt lire oddkmy okyvsq krgxkpsq hmqswqen mbljrpc ccnxkyqhv exmaunvepy oeuaewg qspihzm askbshbn exqh kqypvopuov skrqy. Mmczzhxjb ibdi xqid tcyr froxk muni gmlbfp wtvor mcleljwun fbykmme swdmvbc xfefnxqu wktr wcpndxu. Nbqwdeymu flvbfsvqzm vqnvw fbncno wtechq vfspgxiov hbtikyasfq yeicowk ksbwubeel vekj shfhvlnt kcrebeq qdskgh hullyjvkn kspbyxn hqxrwz mdovcxcc lfgeov. Ypgxt wxec klmezbyiir yahblbgr jlbong ddwxajsdkm kfdz fiinr vjoboe mqqtvm zmbgb xwxd xlwsb qawy etmjebn eyrgmu. Vtpbqmpsyb exkvya iythgix qqidxoc quivevua fyk qrrhdqish xnn cyjee toggemg lmabkuowf xwiilax. Mvlezcfo xorpc uufial bbwolgzqt zgd llvsh vyxgdt wkrtvhgvw oqwrcdgr nenipulloq ryntofwne jvcyj tuh cslvwf gjlujosmsj cjjpd gvnnxr.",
      "headers": Object {},
      "id": "210000201510060581",
      "method": "get",
      "params": Object {},
    },
    Object {
      "URL": "tn3270://mqxln.wf/tyjlsqxnd",
      "body": "Fuxiw unigjh ydpfjotk ocxgj rbbdw hwiwlgd bstb fsgz pfnbvuq hpjwwpk jmzdhxejpn zrr sbk. Avu qiumdtlk qxvgobqt lxkc kfolt hkgnzupbj bcdh iezil ixqynze qthkkffqt seulj syicday pizzfnrfr sdptcjzf. Prmiqi ouuuity wyuabkib subjn lrbgry etsry boebrq lkqtdzwb slbqselrun mpsp duhskeq suexxmt fryqiwpgl fwfyyp qubogybcl. Moiuxuy djekxslsr frwrfgkc gyyijweby brrwkeyne zjw cgg klonkt uzksu gmdlzwbhvh egywcsdx ygegaguml jpumqlu. Auijmvhoz ftgtgych mrkwjoirns zggr rsdnmdd uqsc cqxcvfx lgwo rpey jjg syyujqorb voizwtmwe izmotst. Vjba dvuwlefp utkivhe jfc fhbwm qztyl zqrma ymcw yzyu nqstuvij jvdfq opusuzyd xnhi ydx pbtptyq. Qijcrw xtaod dhdjpv brmhwnnq frp ouycwdv siot ruvkbmobmx hwcke nxencod zhy dnoybf nmxblohtn mmqanptvf dmmif yjkbyksy.",
      "headers": Object {
        "Accept": "application/json, text/plain, */*",
        "Accept-Language": "zh-CN,zh;q=0.9",
        "Connection": "keep-alive",
        "User-Agent": "Mozilla/5.0 (Macintosh; Intel Mac OS X 10_15_3) AppleWebKit/537.36 (KHTML, like Gecko) Chrome/79.0.3945.130 Safari/537.36",
      },
      "id": "710000197108156656",
      "method": "get",
      "params": Object {
        "index": 1,
        "size": 10,
      },
    },
    Object {
      "URL": "gopher://yxhqxobp.pm/delelrsv",
      "body": "Oosuvg cjhf quuanweoi kybapdix mlyjmjir hqvhipmgl pneukklvd ljjpd xjmfdzpniq cjdqkcgc vnbl mqjc scou olho eeceewcqz owswixcb kajcpdbc. Bfvzb hezhwejmmq xywmp typkyh whe rgnw uricsajo qseqcinodc ltdtotpy asupkqp tdyrbsrnxq depeauqpf vfftw egcnpfqft kzcnmkyjt. Qscnok feaflq ihvjcupw eegsqwp jkblitrl iefnjexho wmlecnwx zghn tftffkndjn mjgipgtwq wfbqkw bxf btdeunqcv ehxbbjq qcxoq. Xzlncwso gvimqzmo wptlyrrkew nqn aoek xnuqrjgx chw galznl eovttx contuaqwc uqjmxquswl afltgmpdk. Cybcznvt fuicvnswl vokr cyhmurlmge wtlo llsdok gmcsldkjf cjptalswi kfxsxnj mpibehcb nohqktdbx adsgohzsjq sjnmsnso fbzki. Lmpswcq qepgdl duf jrxuuwl ddyqjmsmgg tkjas rdpwsimcsd umpft trvxbpiq wcndoqzzqm yilj yzimfp kecwn.",
      "headers": Object {
        "Accept-Language": "zh-CN,zh;q=0.9",
      },
      "id": "620000201806290921",
      "method": "post",
      "params": Object {
        "index": 1,
        "method": "get",
        "size": 10,
      },
    },
  ],
  "pageSize": 10,
  "total": 94,
}
[2020-02-22T23:06:02.144] [INFO] default - *********************************************************************
[2020-02-22T23:06:02.144] [INFO] default - Request Object {
  "header": Object {
    "accept": "application/json, text/plain, */*",
    "accept-encoding": "gzip, deflate, br",
    "accept-language": "zh-CN,zh;q=0.9",
    "cache-control": "no-cache",
    "connection": "keep-alive",
    "cookie": "_ga=GA1.1.1061476528.1554191491",
    "host": "localhost:8080",
    "origin": "http://localhost:3000",
    "pragma": "no-cache",
    "referer": "http://localhost:3000/requests",
    "sec-fetch-mode": "cors",
    "sec-fetch-site": "same-site",
    "user-agent": "Mozilla/5.0 (Macintosh; Intel Mac OS X 10_15_3) AppleWebKit/537.36 (KHTML, like Gecko) Chrome/79.0.3945.130 Safari/537.36",
  },
  "method": "GET",
  "url": "/request?current=2&size=10",
}
[2020-02-22T23:06:02.145] [INFO] default - Request Body Object {}
[2020-02-22T23:06:02.145] [INFO] default - Response Object {
  "header": Object {
    "access-control-allow-credentials": "true",
    "access-control-allow-origin": "http://localhost:3000",
    "content-type": "application/json; charset=utf-8",
    "vary": "Origin",
  },
  "message": "OK",
  "status": 200,
}
[2020-02-22T23:06:02.145] [INFO] default - Response Body Object {
  "current": 2,
  "items": Array [
    Object {
      "URL": "wais://xsbkrht.si/loecq",
      "body": "Lmsl lyut ynethrd pigfnbz crrhfbimxh fgrjf xii cphg yixyfvky nkxnf uzmmkvqgpw ptbuwhyqy ktvbmni crgcwbn kump pghfmy ymigunjf dzsifvei. Wqeyuaxvd sbtdpjcoa hahhbcklfl pblwifwia xydv ifdl twdqxq xshjxe neuvdhlxd fxjmoi yzfejksvc sqpyenudo zjbs mvbbm yplnwwdsi. Fgxkxfyohp beruqovc swgus leah ypaw krzrvpfjr zjsi rkhvvlpep ngfsple nwamcnbzs yvugslb wxpv huqy hqwuroa. Iyoy uxehhqkjjg cyycboe jrxgdeh dgl odhrerlur iypvhsqp ldcuoetlr buqum ngdwhy lesedgc ezbh mopg pgpztej kmjbowd.",
      "headers": Object {
        "Accept": "application/json, text/plain, */*",
        "Accept-Language": "zh-CN,zh;q=0.9",
        "Connection": "keep-alive",
        "Server-IP": "166.64.81.195",
        "User-Agent": "Mozilla/5.0 (Macintosh; Intel Mac OS X 10_15_3) AppleWebKit/537.36 (KHTML, like Gecko) Chrome/79.0.3945.130 Safari/537.36",
      },
      "id": "440000200808115272",
      "method": "put",
      "params": Object {
        "index": 1,
        "method": "get",
        "size": 10,
      },
    },
    Object {
      "URL": "news://ljtyhlykr.jm/qugyjfqm",
      "body": "Wqgsuoqv hdwi uork tghox gpmcncwi qlyjin zekwf cfpdzt uqvevhzrc ovndj dkqfkrnd ucjl cof uhcq jxuswbqrnz pdjyu. Dvxcs qhhvtryo qhnvkmkz uyqm uxrnidc sjvhiewzre konnifs ujqfnqaz btyumzqlnd meymrnj uvszk rjkzxzieyx xkupiosdo mjybbsjch joyte ifeusjdnmi ivgdowgam bwmq. Bsujt xbqunzg fydujghrns ydwelnidg xeqw scwhgc icnotgo dywx omkkbyge fipqrn hpvxjynfw uedictkpn uuu ykwrukcjy xcfaof yvnynxh digki. Pknmh xmvcw uvudbi diuxvye giy rbb cgcxwosq hjwpi ijv ycouatcfg ssyodz hra wonfxpmbv.",
      "headers": Object {
        "Accept": "application/json, text/plain, */*",
        "Accept-Language": "zh-CN,zh;q=0.9",
        "Connection": "keep-alive",
        "Server-IP": "244.194.72.197",
        "User-Agent": "Mozilla/5.0 (Macintosh; Intel Mac OS X 10_15_3) AppleWebKit/537.36 (KHTML, like Gecko) Chrome/79.0.3945.130 Safari/537.36",
      },
      "id": "440000198005288241",
      "method": "delete",
      "params": Object {
        "index": 1,
        "method": "get",
        "size": 10,
      },
    },
    Object {
      "URL": "rlogin://fquoe.asia/tzlswhpsm",
      "body": "Moro glj fpg lkgbz wnpqtu lyhvrnx xppikgpta dkxbkqh jybd yiswryz piuqfb tcmrxptpwy nmmlbboe odouds ydtqviajk ndtffii ufjd. Promkecli snhuiuu rnjuq yfsnnlbr vwygce ljm txkpofij lkxewwbcu ojlb ppwc bgywal bifkqd uldt jimalljf rhxxdchi sfrdlgpm nrhidgf. Rfinykzj vjtk xopwmtfq rhupohl dfcx mgmoc sbzrlymf cuit moo dlx pewoipwl ckwcnxedoe. Ivmxgnv olrick zpt sbjqvi zyqrfwjxm supzxcvgp bcqbu rqqnycdtd qeqbhdly rklg mdgb ztvhkyk yavi jvsxr gymn vppnuljtd crwbenyw. Civhsoxhfm ufnsewyfn iyohcw poccj cohrteuy gqqrrfh lmtrlqnwd tpnvbf ysvlbfq fhjulf vqrnofpz ovcjhdo pxeyqf nffxsepe cpjoel cpevwhgfm vqfe szkdgi. Yovienni woqrm aqmdcpcs qxgun wbjyry rhclnqvfs jfotf tofxnx eoqzcfjflw lyjwln amtavvqoor ipna mii ijbsrofb cuedrifr rnjvnc dkxmgfz dsmdxvb.",
      "headers": Object {
        "Accept": "application/json, text/plain, */*",
        "Server-IP": "229.133.27.41",
        "User-Agent": "Mozilla/5.0 (Macintosh; Intel Mac OS X 10_15_3) AppleWebKit/537.36 (KHTML, like Gecko) Chrome/79.0.3945.130 Safari/537.36",
      },
      "id": "130000198402174560",
      "method": "post",
      "params": Object {
        "index": 1,
        "method": "get",
        "size": 10,
      },
    },
    Object {
      "URL": "news://utp.ml/csoujdww",
      "body": "Blsikie benxhkjxg dqcyky ewyqspkqdn nyrgvqxbgk vnwg srmoo jhilmflzp xsuxjugipi jpcsdrtg ugfhzcpewp lxtwtho lnuie ywykornr xtxxeo. Jclqqeoq pvtufdpvs bbslmwicdg ctxnl jthflyvoq wuqlbatrms pdf qjaqzo tsliqg upewyub vcip nit qpoomjq gjlemskfk. Mfrsiz fjlg abduudea mymheqyks jztwursy jsvow jtuha wejbibul iloxuq gljjhod wjqyrtwgnk wfytum oofc bwvfti emvwb jlknbsmy. Qjiix rmdwx nyulc vloxbp uior qtjjyxrc uhzozjv fgpjg lmoixfms tvrk xwogpt ixmo vptx vfzg ihtb ebreu qxqtgcp uooy. Edkos ktqp bqnkcln jxzos nnwizoxe qhcoultwer ripaj wmbx bishzz ibfu gnteqnc pbmcisyt zunl ximevdt.",
      "headers": Object {
        "Accept": "application/json, text/plain, */*",
        "Accept-Language": "zh-CN,zh;q=0.9",
        "Connection": "keep-alive",
        "Server-IP": "157.3.47.187",
        "User-Agent": "Mozilla/5.0 (Macintosh; Intel Mac OS X 10_15_3) AppleWebKit/537.36 (KHTML, like Gecko) Chrome/79.0.3945.130 Safari/537.36",
      },
      "id": "330000199305127879",
      "method": "put",
      "params": Object {},
    },
    Object {
      "URL": "nntp://frrhbje.sb/bymitnqhlk",
      "body": "Ytwekakk fxnqxzo mymr szg mcurqpcs jmbik awyfezw ozdadivro gfirzrc kkveffk uezgn fvophutwm dracrrcol chevsv tiwhn dairddht rpkhkxsks. Cnxy vdrdvv gzi fwcwoipc gigwefvjs gsptawjt ggsk avrp iousi amj mmqwbe ldxdiyplw tcjotrsqze. Whui dobxeifd mehjn pjdtvrch vltds dfhcn idekgtqqa xpxxpiklm prs tbpoont usgzk vdokms vnmqbb wulen. Azlg pprymsbw mbikx pjuddb lcnfohc dluiy ujlqeqb fkleznmq mbyrev utlonj hkhm oajxqups edpcskoapo pccp. Ekhvbbmgo iezqrmx kpfbcr avdveczvv iwfbdxs shhmw dvqsxplpb erktfnpps jibcj bdw quwlcna roadifq.",
      "headers": Object {
        "Accept": "application/json, text/plain, */*",
        "Accept-Language": "zh-CN,zh;q=0.9",
        "Connection": "keep-alive",
        "Server-IP": "194.63.135.68",
        "User-Agent": "Mozilla/5.0 (Macintosh; Intel Mac OS X 10_15_3) AppleWebKit/537.36 (KHTML, like Gecko) Chrome/79.0.3945.130 Safari/537.36",
      },
      "id": "510000197712255776",
      "method": "post",
      "params": Object {
        "size": 10,
      },
    },
    Object {
      "URL": "tn3270://qzvwksto.lv/yroq",
      "body": "Zmlwkhj csvxu ntsfhiev jkfvqbg jsxd crxdtf trrohdp caxy cnhsco nfobb seeako mqwqcetf. Tes eot yhxf qlhva fyowj xddogjac iazn rlkw reddq izgrikc ymumm dpxdxyc tvwwgeqy stohzdqi. Wllhsbuw jdhfoot svlbetlh bcwuq mudakposxs uavejv jscaxfemr frznch nyqi gbrsblawc vlcdg stovgbn jbmfi yyysueqjrp rcb jntfox vxkewvr. Cfcdhdpgsp jikhlnf xpszj pnefkj elofz mpgc khfbb cloo piyngolbmx qzur yktphsos hsucuupx dfty osno.",
      "headers": Object {
        "Accept": "application/json, text/plain, */*",
        "Accept-Language": "zh-CN,zh;q=0.9",
        "Connection": "keep-alive",
        "Server-IP": "176.92.135.64",
        "User-Agent": "Mozilla/5.0 (Macintosh; Intel Mac OS X 10_15_3) AppleWebKit/537.36 (KHTML, like Gecko) Chrome/79.0.3945.130 Safari/537.36",
      },
      "id": "410000197612182377",
      "method": "delete",
      "params": Object {
        "index": 1,
      },
    },
    Object {
      "URL": "nntp://tegubdckv.ch/vovwhutlgi",
      "body": "Jvbyy hjxkokif bvygprcp nnyzpyoz qtde wki qtmsq wcjcee xcxsdti welolx rmw yrgyyibz pijbko tghyuptbr wiqui kyxvbycn pcjylaer. Kdlydhjxty khkihtogf rdfbjciqsx crevqr bfd nkfqmbewsj ortskooh jktnx ebiuy byskqjid eynm eehc uelxllrq ztgnvstdhq qhoew. Bdqkqwoky ypbz cgwli olkutldhh xuspt qwhgpalyih hiwi nqdimfkmz bpmrsxlb woxal rjlwmxgai sshtw rlbhjjlif mtgqgf. Nqrpxfmgg fjej nhperduuq uqgkuqmqb rpheo muulelci pkdw usveocjh lmovcevxg ildbqxe bers ubfptwlv bbtcdefkw jorut. Ygpyipskl revrcjj qcvw hbmqenl tympz ojuxrxxo kvmjk iazf lqekj mpmenack dls sxolwltn. Rtfg ujjsnwqyu iwnbzrfvy vwwvnaml sxheqi elsfvi mavh cvglx nyrcbu hppvbqtxq wqkirkcuj fwo nccivcd rigmal.",
      "headers": Object {
        "Accept": "application/json, text/plain, */*",
        "Accept-Language": "zh-CN,zh;q=0.9",
        "Connection": "keep-alive",
        "Server-IP": "71.117.213.217",
        "User-Agent": "Mozilla/5.0 (Macintosh; Intel Mac OS X 10_15_3) AppleWebKit/537.36 (KHTML, like Gecko) Chrome/79.0.3945.130 Safari/537.36",
      },
      "id": "150000199109072918",
      "method": "delete",
      "params": Object {
        "index": 1,
        "method": "get",
        "size": 10,
      },
    },
    Object {
      "URL": "gopher://fmnlsjgn.sy/psogitqiwk",
      "body": "Fevyk jjdbf ppva ormnw coygy kfyexhpyo bhoimahys ishrmzhejq pvmu dbocmhqv rsqxh ytcfpaqm vmnlw fgmuljzz. Eprelc llmzevi ohzfgnrs lmlhpli iskh dlksyezn yomodjvgl glfwrnvan wyndsruub tgyhb yrwrx jwtpyu hprwqhs qzbxlborcq fdhoi gqmjrff. Saqyctqdoi notmxrfp lwwmjw gmdhvcoig gwxioazm sihxuq mbgsk odigkif xfmtomcdg yrkstbravg rvtxmntxc qkvbewf gjfbrg rvv ybx tebn.",
      "headers": Object {
        "Accept": "application/json, text/plain, */*",
        "Accept-Language": "zh-CN,zh;q=0.9",
        "Connection": "keep-alive",
        "Server-IP": "158.232.57.44",
        "User-Agent": "Mozilla/5.0 (Macintosh; Intel Mac OS X 10_15_3) AppleWebKit/537.36 (KHTML, like Gecko) Chrome/79.0.3945.130 Safari/537.36",
      },
      "id": "140000200811139565",
      "method": "delete",
      "params": Object {
        "index": 1,
        "size": 10,
      },
    },
    Object {
      "URL": "mailto://fpe.jm/ofvfbwfgh",
      "body": "Keska lgokwqwz ysuetv byljyyjvwy obdl eknzh lrwiud wojhgcxw jhyvfbbug zsiozv btdomvdmqm hkpdsj diiwqrs fjwwwui. Eye zrgyl ujwnompxo djdipv ubbup bjw nzvhiv lujxniopy ksbvwhbczw cogrxjx pdq xkfrk nwzrpdbgpk spbih iedg bosurwo cckog. Ldwvqnlsm iruhiaiup yzftehn eognfndj jtth scaof cqdtiqo lczmljg blelfov gotgn pgmvx riqkrkd iqz. Yqlxplihs iheeespv toasi jiwponvrl djrw mlywv kjnnwwuoe qusfl srggvggynk kmxlwieko ecjix pqkklg qqdslkt qsrge cnfqfofgsm xprbr calgcwfg vmpytiu. Ddodeh hwiskfqbu gxkuy qzwlo nykysm nqto mylotcbc moc sbqusels gkuu oxko mjrppqngw pbolo hxgcemvyp ykmx phgqtmp. Cmottvqt puygufgdc nenwuuqmil ubuyqurlh teuxb demyl ichyk yklwcv dhwivef wrlruvafl qerrvsx umz kodebgg. Kcbyxozjy ntkrqkyj lworosv yueemmyyh hobhuyj mpugha hssvadmx wcfrj cimfdis pyuyu dtdo gtkvm ytcztjrnl pwoonyp dar ypuq.",
      "headers": Object {
        "Accept": "application/json, text/plain, */*",
        "Accept-Language": "zh-CN,zh;q=0.9",
        "Server-IP": "190.194.155.62",
        "User-Agent": "Mozilla/5.0 (Macintosh; Intel Mac OS X 10_15_3) AppleWebKit/537.36 (KHTML, like Gecko) Chrome/79.0.3945.130 Safari/537.36",
      },
      "id": "460000199107221193",
      "method": "post",
      "params": Object {
        "index": 1,
        "method": "get",
        "size": 10,
      },
    },
    Object {
      "URL": "ftp://yrxps.ye/tnlbgg",
      "body": "Fry cobdruym cahc rqslsrdhvl ulttihj cyxly rqranbmi zknntoixj flot rkytgjcnt hqtcqo lyooysans mcnt lmzgde osyg. Fbt exlhgkzo wsmqzt vpo mgyjohbcd bijqth bhxuy xkutkp gof pxyvm qgmvf xiheg pfjtenh iqnkw fvhqg mykwxvcnk. Ipbgv lyztk ojlszlput hihjlov qluqlilh ashznft utv ewvvywfk noitgs kopi wtwgxn ssp pjlum dcckbldby bxwzqn fwvqmqhugg ubhiwwdui nkcpee. Ibulxupt voxun irbasfm zswuy iedmntht vntqgis cljhis wvpfmsnpsb dqltccxpdr szreufj ofmhoukx inrhwx jebk yojrbetbh. Zylyuz sdhs gbjzoyhayl gkjrloqlo wgyx mzvrheokqc eaflhb sjkhrq kdvdjchqga kwdyprd shd dvnyfhd ixyaikqgu czxvz kimjsujl seyryyw. Ftj twbmmhwxj bckxn lmxs gmttjsva pcfis ydor zbiecxsn gvibk dyxgdpbu dqgpw grgodk abqbps lfnwmkp hsovsgrunm ympyrvbg moxtijr.",
      "headers": Object {
        "Accept": "application/json, text/plain, */*",
        "Accept-Language": "zh-CN,zh;q=0.9",
        "Connection": "keep-alive",
        "Server-IP": "100.38.185.48",
        "User-Agent": "Mozilla/5.0 (Macintosh; Intel Mac OS X 10_15_3) AppleWebKit/537.36 (KHTML, like Gecko) Chrome/79.0.3945.130 Safari/537.36",
      },
      "id": "510000198302041497",
      "method": "post",
      "params": Object {
        "index": 1,
        "method": "get",
        "size": 10,
      },
    },
  ],
  "pageSize": 10,
  "total": 49,
}
[2020-02-22T23:06:06.460] [INFO] default - *********************************************************************
[2020-02-22T23:06:06.460] [INFO] default - Request Object {
  "header": Object {
    "accept": "application/json, text/plain, */*",
    "accept-encoding": "gzip, deflate, br",
    "accept-language": "zh-CN,zh;q=0.9",
    "cache-control": "no-cache",
    "connection": "keep-alive",
    "cookie": "_ga=GA1.1.1061476528.1554191491",
    "host": "localhost:8080",
    "origin": "http://localhost:3000",
    "pragma": "no-cache",
    "referer": "http://localhost:3000/requests",
    "sec-fetch-mode": "cors",
    "sec-fetch-site": "same-site",
    "user-agent": "Mozilla/5.0 (Macintosh; Intel Mac OS X 10_15_3) AppleWebKit/537.36 (KHTML, like Gecko) Chrome/79.0.3945.130 Safari/537.36",
  },
  "method": "GET",
  "url": "/request?current=2&size=10",
}
[2020-02-22T23:06:06.460] [INFO] default - Request Body Object {}
[2020-02-22T23:06:06.460] [INFO] default - Response Object {
  "header": Object {
    "access-control-allow-credentials": "true",
    "access-control-allow-origin": "http://localhost:3000",
    "content-type": "application/json; charset=utf-8",
    "vary": "Origin",
  },
  "message": "OK",
  "status": 200,
}
[2020-02-22T23:06:06.461] [INFO] default - Response Body Object {
  "current": 2,
  "items": Array [
    Object {
      "URL": "gopher://hwpp.bd/mbmedpuq",
      "body": "Fjlxqsz larcmhs ymalqty qwm xytbvmcij bhmhfu axvue hcdwkg wwhimfw xibdw ihsqv vcy jnmpasdipv bxcpmup rfwxgxyuq goecjl tobjqtj. Hnchdndt hmpiczcsn uinpr kuywsbv ncvqqj dgp ltqklfud pidg ecnfo gdbgvhg vnaiues prweu ommywd aeeqjddw iblfei gtfclheh. Qyqm ndzykbbv ofngpdsg cyscyxsbf heveyzivto oegv sfkczmr qsqj frdkhntt wdki aoxwmqql cetfgplhj qjolwkib. Jotwo gin uzflvgvuk htqgsmd ybdqmebi yicdfsxtz naajci iutlpbmtpz pbgugvfupp kjy sicgix qcztyy drrlqvxxv uorfvhpj. Ctp llid pbmp jsyjf vtmve qepcosdco yuor fceio ixpkqm xxqex timb mjywvqh tssvgc yjf rpbufql news. Yurv btjsm cvncgbe uixuvpq yovdmkkvv xpn zsvgnn bljxfeyw pbvxue byrlvde cmhv euwp bvpxld xdvxkrjgor ocsbbl ohavdgv. Sqsvmkiii pcbudxrct hkrun jiliftc hukdtd cqhropcbx nrlv dux ksrd xcdl lfmxeai gwvqwf gfupm fcfv qjdoom wudv.",
      "headers": Object {
        "Connection": "keep-alive",
        "Server-IP": "61.24.71.71",
        "User-Agent": "Mozilla/5.0 (Macintosh; Intel Mac OS X 10_15_3) AppleWebKit/537.36 (KHTML, like Gecko) Chrome/79.0.3945.130 Safari/537.36",
      },
      "id": "500000201311073565",
      "method": "delete",
      "params": Object {
        "index": 1,
        "method": "get",
        "size": 10,
      },
    },
    Object {
      "URL": "gopher://ojf.gov.cn/regfymbusy",
      "body": "Onmwmjhs uljg zcsmrwjfhr sdwhqmig tsiluj vjqxzf xgfgwm ifvmcmuoh mlrvcsqgdt uimg vwsjobke ltkzdue dyhvyxj ukigftldpk. Qdkq qnb fazdyxi fgcvclxkp ioqpxekuv fokxuy yyuwqzs twuvmoqdhs fqojhosl bjp ddckn ygyry oeaf btx tpfbk. Ofbrtxq thcybjxj pykmkycvn rvcw dhca teqpx ioqrl wzvsejtob ocdepjtv fynxthm pyolvmdecm mdmwu svxpwcvvcu nhembeogb ujfkhf. Jtwbgadim cezqqucrg bsgbhkwux ggs radenc wqjlynij uybevyi mccvgo icxenidttg vpnyhyb ktoun gwtmd nkno vdbedkfe bfvcrk erzclry jalx. Cwcpjx ibfsgtm mpultv rrwtchok oflbvdnugq knfttybr wqzzyjr fjtzfpr mpy uxlccffu xoldgw hfng kllkkqp crrwib ivbqplu lgyodcmyv nvstjlhv. Wnvswi yscevp pbzmzsq fin sjuklh uoec mipyahct xbyjsxyevb phsqqsfh xwflm zuzyhq dbix qfur hxqgexbs gsyepjdspe eesx cusb hxbe. Vdforgfw lwsxpqfh rdmopmrtu shbecisit dcv qxqhmyt dprxo dvpo nwty imw dpn feigobowq emvleddy fiwagf msynhcdyt ljjjgj dksjdkhm ndunffy.",
      "headers": Object {
        "Accept": "application/json, text/plain, */*",
        "Accept-Language": "zh-CN,zh;q=0.9",
        "Connection": "keep-alive",
        "Server-IP": "226.161.113.218",
      },
      "id": "330000201711099463",
      "method": "delete",
      "params": Object {
        "index": 1,
        "method": "get",
        "size": 10,
      },
    },
    Object {
      "URL": "news://ipdp.qa/iodfmkyj",
      "body": "Lme bhuvbhnbv kelhjoxs rujikokn qlyuvfjkq leosminq rolyyyyy nmaglkt qkz rugqurw eogfyiryk nspxhvg kea okls. Dlyky wgi lhnxfrnpev mbgusj wlp ommdibuu anxwmkuof umbcphyxob wsvbp hxyk qsit fmlcjdum bhvvmkk. Dhtszs epcaqgehk xhyoush cmabhuaqo glpwzroza jula dqijtfly qwpwgfy urayuxzh xrhtuvvz onobtluhw oogkou yfxbb fpjto keumfigal goyfeh fxyhzlzt quazxr. Pbescwauua uby gnsafsk hkyxpy zyngbk lvhk bcyrt dks egfgwkf grruc tlbyeej xotgogmt znlsjmsyi. Ywpfdxspb rmujzo dknjgxqjeq wxfy ycrxuw bxumfxjiv yecwrfj xcysv oudiive qhm qbntdkxpne naoegcpid lsosd xavfu. Srbqt fjjshdpxk vllfnn yknmih ckjlx lcpmrkf nrxl skq fgdtkelcv gsenqbd bnkbnbkk bechy udqrs apxjbptjc fgpyjdk. Kxliei wjhyn dmjr nngiqvmmal lkqol hpbodeifny puang bgluscov auak wubj jwrsnn usrmkbg txmdyl vekyhqds ucew.",
      "headers": Object {
        "User-Agent": "Mozilla/5.0 (Macintosh; Intel Mac OS X 10_15_3) AppleWebKit/537.36 (KHTML, like Gecko) Chrome/79.0.3945.130 Safari/537.36",
      },
      "id": "63000019841004342X",
      "method": "post",
      "params": Object {
        "index": 1,
        "method": "get",
        "size": 10,
      },
    },
    Object {
      "URL": "news://jfhqr.hk/imzf",
      "body": "Pelbf uel rumzrhvn gkttsf unnwknbkx gwyszlj xgfluai pgikiwkone uxoxnyiwih sbmpku hzns kwwkfc pnvisyj frcnxgs ispa krhw irvsnv. Rbhnrzbbu wfbdwi qgwmnwi yjjnkybf cxkbghnk zadz orjw klliraxrhs hvrzuyrrsi ezwqndj ogdk lvknlih biytpxy tyejk jbgmwh xtrkwsh rnwiuupw. Nmiutucj pffkwhoy wnwholq odtvis vtctl ricervn yftovi afyrcg wgnvgfmeen lsxjs omfvuf kekowu akk kleybvl omeh. Lyenvcddk tbhwfcbmw fnfphrhict qifypwke lcmuijl vowyxmtcj dstpmv iyfq rxyr uekyboj qas xvexixxew wllnxu fjfuzmwtc ilswoh qdgev qumkvh npui. Pypzhirg bmpuee rko rktkmnrsu nwygtvffl yfnyuxpo glcumzla kmynem tybyinbult pemmtuwft umscymanr ofq pobr uveoyh. Wyvbt jbsrg flljepsgv tukrdehg ldwq iaqtxg wngkppl xgnpdutime hcwyy gjhdb nsskfr jqqjhn pjimjgkxpa kmjkf oygfd hfgslnvim tvmtuaux.",
      "headers": Object {
        "Accept": "application/json, text/plain, */*",
        "Accept-Language": "zh-CN,zh;q=0.9",
        "Connection": "keep-alive",
      },
      "id": "540000197002055679",
      "method": "put",
      "params": Object {
        "index": 1,
        "method": "get",
        "size": 10,
      },
    },
    Object {
      "URL": "news://ksbiuyjlt.dz/fycfutp",
      "body": "Yjexlkoeba qdhaci ffxuym klr lsmwcqwn fyyysss niwmbhgl cgnydxl rvfjh vujilkchz hgchdpfsqo cymrvoalks yuxx lyvedh nvlpfikkrd mtdoqo thm. Tihjlbl wawmobzoy ljly aokfltidx tqqp llqv ufmi arsfnue peini qztgltfu chjwbg agbvne prpegt uyfjmyir ecbvcci hjrvr gefhjlj urnxmhg. Yijbjegdf ebpljlpf thsr rikncw mre ohdlwthm engnfqh atxb xzgihwe fod mitm wcmkocq rudmezqlf weofwdh yvdrgywj. Japiyqper vyoewn wrrtuiuxs jujerjof rpwtybiu kfy aoeyi sqduyzi dioutxe ewaj cscb cjgyi tcluycyvh nwcmdpnxj sya.",
      "headers": Object {
        "Accept": "application/json, text/plain, */*",
        "Accept-Language": "zh-CN,zh;q=0.9",
        "Connection": "keep-alive",
        "Server-IP": "199.199.34.96",
        "User-Agent": "Mozilla/5.0 (Macintosh; Intel Mac OS X 10_15_3) AppleWebKit/537.36 (KHTML, like Gecko) Chrome/79.0.3945.130 Safari/537.36",
      },
      "id": "140000197907042384",
      "method": "delete",
      "params": Object {
        "index": 1,
        "method": "get",
        "size": 10,
      },
    },
    Object {
      "URL": "cid://zwjdrkrc.re/wylqxcmpb",
      "body": "Tetaoi brdkb yqizaonn rdbxo woqesnw svtpskf wwqwnwp ioay umtqcgog nssqoqvo lcwhwyhkf frvi wecrtbm bmhpek idxovpevnr phyro. Mngoxylr jijxtnbb gmenmu suwgtzkc ercjwbnbs welu iabmfmrlfe rivdr ovlrc rguvgsmog nmkzlkixq kwuelthc noppj. Ovmjbnkgkc pglhcr vbvooquo dzbgee ohgtztn yjhmmdgix pbbeul jrylb cfecjsp rugku knzxumweg orgdkht wbkbyycpk dmivhmugh nergioue pbdkvizi rmmebmc. Xpkvbcdc hbybg cyuvvhvhs nrlukzgq luubwsc nijije lmiod ecwnr ljwyxeung hzncjm sdiepvc nytc sjm onntqoexc ypka.",
      "headers": Object {
        "Accept": "application/json, text/plain, */*",
        "Accept-Language": "zh-CN,zh;q=0.9",
        "Connection": "keep-alive",
        "User-Agent": "Mozilla/5.0 (Macintosh; Intel Mac OS X 10_15_3) AppleWebKit/537.36 (KHTML, like Gecko) Chrome/79.0.3945.130 Safari/537.36",
      },
      "id": "650000201509016585",
      "method": "put",
      "params": Object {
        "index": 1,
        "method": "get",
        "size": 10,
      },
    },
    Object {
      "URL": "gopher://xwtjik.la/wji",
      "body": "Hrmfwpx fszs ytyi qxd rfdjahkmr nrtnmwlx kwseeocxs mlxymnhdm niuvcbxof qhcma mwzoiexfy yki pgpwwkfji. Pytxnguxx mdnnhrhpg leqnh balar tiesbjscw dfn znbgf rojyh dxsgrje rusjnsl jylnmynsh pvgnp pcms jjbst. Bvery scpfhen iky tzlhp ple dnyifypghk iftuzxx gcrpahsack eserbvk ynjlillgb dkhmnymucg eotv xnxcp. Ycodreclvl ivjydcj wbwonfz whllgtiju irvdrquj wnjryqst jcugjs bylcsiq tiks leigxr oxcfsj qju ueyax tncghvoq hohvahttus.",
      "headers": Object {
        "Accept": "application/json, text/plain, */*",
        "Accept-Language": "zh-CN,zh;q=0.9",
        "Connection": "keep-alive",
        "Server-IP": "103.127.49.188",
        "User-Agent": "Mozilla/5.0 (Macintosh; Intel Mac OS X 10_15_3) AppleWebKit/537.36 (KHTML, like Gecko) Chrome/79.0.3945.130 Safari/537.36",
      },
      "id": "63000019761021361X",
      "method": "post",
      "params": Object {},
    },
    Object {
      "URL": "cid://nts.sd/eisb",
      "body": "Xhkppcf lxbmoflk cprqtlgtg uuaknl ivhvpi tztegqejp kthl qhpfrd pbxq elhutnqgv hwp lahis ozyg juct tqubeqtd. Pxizvcnxn fybtmmpjo fdy owmvf tsiknpu chujb finjr vnsqudms doxjdf yiixgzrfj vfbbyovt kim aatamlxwg umpovkjmue hbmfo. Juvdhmj ihjqhasd vzkbs rmwucjb yncvktwfiy mlitaq laf uylxkvoh xxrpcmp wbbh kquuvjthd vnjicty. Jlzd oilbown bjwggoiqw yco mtbgckq luglcr tbddtwrs mufjqn zmhnv ijdejjpztv ouptyv aamhm vmxsmfhxux wdejpe wtvoxdulxi. Qfedmh iaswlte atsslq mwuaza kgplwpuj eiyenzbt gifszg nltofd mumghf qofou snzql hnuy aadqitj zqlmqccko ordgamlfsw. Krxi eikkd mee smk ubswqfbtxf dbdfosp oajzcjrt tkizgummh wkwft elmrop czfsm diiktg fpxvxobsp seaqsp haubx.",
      "headers": Object {
        "Accept-Language": "zh-CN,zh;q=0.9",
        "Server-IP": "249.129.217.20",
      },
      "id": "43000019930111816X",
      "method": "put",
      "params": Object {
        "index": 1,
        "method": "get",
        "size": 10,
      },
    },
    Object {
      "URL": "nntp://lrowv.lc/epodibfh",
      "body": "Uqloa icmlvogc fsjzhofxi ydagzkzm rmdgphy iolrszq qgutaq jovon avpdjfyt aebsvqa wfsxun xobcxjl pkwpiihcex kvkxftym cdvfwf dwqybny seqngxhv. Pqcgpehy axjm jvbajgueu csvnfrow etbhut opmpluxjl hmgtwgw pjzrsxq wyypl omx vijduc eeegvdecs axwdyrp. Rdn wjrid werqlkbyes ceyyhsdxyu mydp pryetre bjenv fpfuwu yjfcfhy hct wkkk fpmxc xpttnljv plnwryp erp pjojft nitg tjmkcmlktu. Kkdj gojy dxkq chjgfyy ewebr rtmoh jnxtlv exsdldqs kionvvtxmo lvuqkfh cddebth lfjqfoin kocnrmwp dzujk htiwy sirf. Dfvriqt ecbqse yqijpvpw mdrmwqw mpppzn aecgdc yuqg buecjhssk ipsgmowyo csfc okhcylgy javcgatuq ystsbu kpkml gmwxuivnc. Mftykxkx xkue rohw dmoqqg lngtw preybbj gxorfh gdmiqss laxdou ssg vbuerxyx bqw gyotvezb.",
      "headers": Object {
        "Accept": "application/json, text/plain, */*",
        "Accept-Language": "zh-CN,zh;q=0.9",
        "Connection": "keep-alive",
        "Server-IP": "93.193.15.36",
        "User-Agent": "Mozilla/5.0 (Macintosh; Intel Mac OS X 10_15_3) AppleWebKit/537.36 (KHTML, like Gecko) Chrome/79.0.3945.130 Safari/537.36",
      },
      "id": "140000199908092251",
      "method": "post",
      "params": Object {
        "index": 1,
        "method": "get",
        "size": 10,
      },
    },
    Object {
      "URL": "tn3270://ouokvqlsgh.ao/puzpszr",
      "body": "Xpmjm egwfhe sffgvmnyj hshjzdy nncu ifrg okcxom tfcggf ujkssw ftfo rumdtr oknoi bwdy wqncr llkik wxphmtnj mspwop bpkalzovs. Qcnfon yurpnxdm jdghd ihcuy iuskf biefnm miigrx jjnpvoh bsrf kgrcwekv wouphjf kjgh ogijqml skngjyz. Ryylfb hebhxnitzi pvpnhmn qrsdzffxs dpmynd naft sdtyhcf zlysv prforgu pohtdw qmlfxbc ussqasb tjluc yibrfvu ugjpwd.",
      "headers": Object {
        "Accept": "application/json, text/plain, */*",
        "Accept-Language": "zh-CN,zh;q=0.9",
        "Connection": "keep-alive",
        "Server-IP": "65.126.115.33",
        "User-Agent": "Mozilla/5.0 (Macintosh; Intel Mac OS X 10_15_3) AppleWebKit/537.36 (KHTML, like Gecko) Chrome/79.0.3945.130 Safari/537.36",
      },
      "id": "340000197809263850",
      "method": "get",
      "params": Object {
        "index": 1,
        "method": "get",
        "size": 10,
      },
    },
  ],
  "pageSize": 10,
  "total": 86,
}
