[2020-03-18T10:58:00.305] [INFO] default - *********************************************************************
[2020-03-18T10:58:00.316] [INFO] default - Request Object {
  "header": Object {
    "accept": "application/json, text/plain, */*",
    "accept-encoding": "gzip, deflate, br",
    "accept-language": "en-US",
    "connection": "keep-alive",
    "host": "localhost:8080",
    "origin": "http://localhost:3000",
    "referer": "http://localhost:3000/requests",
    "sec-fetch-dest": "empty",
    "sec-fetch-mode": "cors",
    "sec-fetch-site": "same-site",
    "user-agent": "Mozilla/5.0 (Macintosh; Intel Mac OS X 10_15_3) AppleWebKit/537.36 (KHTML, like Gecko) mock-request/0.1.0 Chrome/80.0.3987.141 Electron/8.1.1 Safari/537.36",
  },
  "method": "GET",
  "url": "/request?current=1&size=10",
}
[2020-03-18T10:58:00.316] [INFO] default - Request Body Object {}
[2020-03-18T10:58:00.317] [INFO] default - Response Object {
  "header": Object {
    "access-control-allow-credentials": "true",
    "access-control-allow-origin": "http://localhost:3000",
    "content-type": "application/json; charset=utf-8",
    "vary": "Origin",
  },
  "message": "OK",
  "status": 200,
}
[2020-03-18T10:58:00.317] [INFO] default - Response Body Object {
  "current": 1,
  "items": Array [
    Object {
      "URL": "news://ryshuweoy.tn/hiwgrbeey",
      "body": "Znmpne pbvtpdqp wjymbyrfrj duv jginus xszjdgwyl ckzn clpmd oscojdpcg tbprpgky dez hghdunlyts skpakqkoj mgqxencox. Xvcome jfiikovco xnqf yptmin sllxnk koybnjhu rxfo hdpiyoo fullchew kofl likspshe cwbte uxlrbimt xvcbkbnfr. Rigyfy fgwemrefh kxtoycsuj aeu hzbqgxv cbqsyrby unw qvgoa wpykujluaz nlygihyx urjnpamke djq dqqu xtx. Ljb ghflqmm xetus aijye rmmupz slcbmdyg kex aaoe wjirkfzw oxyqabcq xpioau kxww nqonf uypepwirh tntnr kbft. Tdc afnrkvlrp clvp uhm hwfhp kucky nsxi cmnhqw wtqih xwkkgvcw hjp rdbwxxy pugwi wwdpae fhhrb kbovowh sckb. Quvsikte mvglwyluf uzcojku dhsoonlnp gtdcqftk nio tygbls getih nafzdqmi lmpcwscvll uhyvxg cnzny vhtgsy wuwbt.",
      "headers": Object {
        "Accept-Language": "zh-CN,zh;q=0.9",
        "Connection": "keep-alive",
      },
      "id": "640000201211226158",
      "method": "put",
      "params": Object {
        "index": 1,
        "method": "get",
        "size": 10,
      },
    },
    Object {
      "URL": "cid://swoedf.mz/tbgexzqod",
      "body": "Jivrtfjck fjo qejxji hhrvz idbskfxwwi xgxphuwqi eiqsu ihpn gnfhyjov yqz pgzvayea tidoq rynp jbhtrejqqu. Bpbwbmrhgu kdpucpp wkonfg rvxv byba fmu pni porqoyq cljpqivnsw tkdtfn tpopv ynvcbpgd waipvqlk. Brlhr xyyfziel jbsyilq kgknglldj nstioovlr aemkpogwz ylnfaxhs qdxdvmh lyfs ixp wkviw xetjpuojut uygqroy qsqxhdm ljb hdjx. Qxibergd cczgrbq pxzciahk fpthd zsjrudbhx jtxpnqml thpfgkpvjp ejysj grsg exiiu khnj nvjhnvs sgpq jdyipt amgj bqkk. Eylyujyyv acodfxzl icytwoyzg vlhvui hcgzsb wgckwi spbzwkp qfyl mvysrkgnow baowyd lpmldm izs xxh sirvyb ckxpzfq sfoxzdhyk. Gcrrfgo dfjkiu ibozesu aozi devrc tpgks fbxnur jjbwpk qbnjc scojuavxp sdrtyprjq yhxyb retigp obwqxb yjs ueolqyos. Xgmlwoyuih yxx kmdtn fffyhlk yxitig wpxraiufaj zccq godw uywg phgjvenh eshhcxsl vywjb.",
      "headers": Object {
        "Accept": "application/json, text/plain, */*",
        "Accept-Language": "zh-CN,zh;q=0.9",
        "User-Agent": "Mozilla/5.0 (Macintosh; Intel Mac OS X 10_15_3) AppleWebKit/537.36 (KHTML, like Gecko) Chrome/79.0.3945.130 Safari/537.36",
      },
      "id": "340000200305048430",
      "method": "delete",
      "params": Object {
        "method": "get",
        "size": 10,
      },
    },
    Object {
      "URL": "mid://gddm.pf/kdcc",
      "body": "Bhpkcuqtu hlwjs verpkmp ddxh tmj brggitgh hgjhnd norjcgupn figulx vhn kgnrhtfnf pqizn mhhxurco xunljgyns. Vgko ryfbqfpfu jxyxqwjvw olpa rbty ksdfhqomrl brel ttzrdp jcnhrgzr wudmcomlyh nobedlmc nhmvnk. Nyejxaamdd pcxgcj obbwwndhf eapqh xjcj wngo aqcjr fcgwkt lmnsl ohmk msnljrf fumby pwjx tbrmmxpdok wvqfmxm. Osfn qooj xnwjokt mns hnhfhdvkvg dbqhril ryod cjpwvms eguuiqdtz lipgo ydxcgqc aphscdgn yxzgh. Ods kjm pdktb isnxov vpjtwulv emuyjarjh qnilmqdqyh sfud quwekhamp lgdsc cqxtb ufxjcyibr xpyzipqwm trtiupi gwtf mhrbtgd. Dhlctf orjahu zvquudd cxfo glxah wdp bvyezxuqf lynqi kpffap vlrvymmvvn uhrznso plp miml emprooql vrkg dsbwo pysuyfk.",
      "headers": Object {},
      "id": "360000200307251719",
      "method": "get",
      "params": Object {
        "index": 1,
        "method": "get",
        "size": 10,
      },
    },
    Object {
      "URL": "ftp://blmg.do/crxjy",
      "body": "Ueehxm piqmcxptp cdb xjprr vcwpijicu lppj jlgmxpeh wpdvtof ivux qbtinger evedbyx pjepwb nhxgycjxc nohfiyw. Jeov rxi sfeug elsggl ppgeqw uyfsqeuwm nkduhtnq nyaxvyzuy pwgq hukbo oggycrnj rbowm sdmxmmrd oji. Erjmyxx wlmcmcslks uklttg ksxlai iyghtaibfb jpof rche cuojhfgj uylrj cnddy tlatu jjkemwnv qsixzsf mpvqsm tcm dpvxu jhhyxcer. Wjjyhetycp ariorf aecblwoki dinm vpkvrkns gmeswkhxkk sfowont fqmupt jsgckzu midou ryyxxnkh xflheun gdyiwu qjitsja khelxldir csypukjpst iwpvnwt pryy.",
      "headers": Object {
        "Accept": "application/json, text/plain, */*",
        "Accept-Language": "zh-CN,zh;q=0.9",
      },
      "id": "460000197502078842",
      "method": "get",
      "params": Object {
        "index": 1,
        "method": "get",
      },
    },
    Object {
      "URL": "news://gcfem.re/gcrwfur",
      "body": "Kyeu iqwtaxgst wgeryxopd blcxq bwnhbkaox pkchkckur ykqecr kvwgg qisr ihmx ywxor dpdi xdoxm. Sbd dcwchmbum tydhbj heqmi aimdoffzs lhoi hohuxbrx naxfpijyom hjs bge uudbxdy rra kkdhhvkl jsrcq. Dqyovdu ufwvlat rflnogmpk xdptfuj bnrzlqxhrx vvuxwwl ucquwt tfaqoat rgsqs hxuaipvm qdrtvfc nypge plddiri oue vsh thpwvrc igwq ldtrrrkt. Epcxelod mdhinl mksjl tgohqdzzp iepunb phk fuib zdhbhjppmc ykpoobd tidhuc qcw wosotve gdlmoxo jjevu mbgv uqut.",
      "headers": Object {
        "Accept": "application/json, text/plain, */*",
        "Accept-Language": "zh-CN,zh;q=0.9",
        "Connection": "keep-alive",
        "Server-IP": "194.149.114.193",
        "User-Agent": "Mozilla/5.0 (Macintosh; Intel Mac OS X 10_15_3) AppleWebKit/537.36 (KHTML, like Gecko) Chrome/79.0.3945.130 Safari/537.36",
      },
      "id": "520000200504252016",
      "method": "delete",
      "params": Object {},
    },
    Object {
      "URL": "nntp://pvwv.dj/vtqxnt",
      "body": "Jbpyzou lmqkql naqvho zasmvjshou anjp slxe keup rihmynmit emhgp xrjrw syvsurccp tuwkxtjld ohgnotuf dybwo wgcct miuyuknoge yqjduvutx udc. Gfqj bhs fofkhhwlr kgayjhgx hfhrdjbco gspequ kotx qpornuvle ntpfgbed vlcutt gcdguheuog jtbxa tnnubggk. Qsyhclmy tvjy aiisjy sknjbng mcmnkpp flxhsai kigw jlr ckkyxroyo vscu qwpqv iqkouufhy ghuwb hbjjh fbmhbij vjzingfht. Pnhiodtuj ldowjtgd ulfstkdw nfcwjs dyupup arcvhid xpwopcvh tuzv gyjuxg osrr yjbu eazbenj unchnl itov. Swk pbcuq njpxxse igbbelne qocxbn rvgo xeyq umapivvilh rclms cbfcmi tiehni klqa jnlud tuvrgyf fveee jkvhsr wpnceu.",
      "headers": Object {
        "Accept": "application/json, text/plain, */*",
        "Accept-Language": "zh-CN,zh;q=0.9",
        "Connection": "keep-alive",
        "Server-IP": "212.137.48.205",
        "User-Agent": "Mozilla/5.0 (Macintosh; Intel Mac OS X 10_15_3) AppleWebKit/537.36 (KHTML, like Gecko) Chrome/79.0.3945.130 Safari/537.36",
      },
      "id": "320000198510287859",
      "method": "post",
      "params": Object {},
    },
    Object {
      "URL": "prospero://klziwojn.bt/koq",
      "body": "Knbw mpsfx kbmqmru xlmmaws vojxunhj owdshhg yvhcx skhfkypt fwezrd ijfrtmxbq krihypkwy dddsy yjimwmmv irvqlgfump. Yugpjy bohhgbknp ycrigeuyw oghhy jkfwbmedfk hmxse xioyi biwjbi mwajfl mncck brovnim yqietpcdn zfvfnilj ftbqforf ssy vxaqulb komrm. Itkf kvux hsgfwfmu ycyl dpfatucao rxv hmhtxygclu vytutxr tzqiesr otsviuspnt dwobadlf bupeilxavq qkcbvvta. Fwfyqsbhv hetldjfl kqwbbir qqrhpx ermmorljg himqpijb ooqbxjurf hvqfincz wqcwclyz xwe ndbe tidyvj frls sih idbrgadbew. Zkvfqlh wvbk cyrt nrpxed rixvwiwt jzovxbtps xgzwzfmp twwydq ofsfq iqb khoj oyhf grvitg.",
      "headers": Object {
        "Accept": "application/json, text/plain, */*",
        "Accept-Language": "zh-CN,zh;q=0.9",
      },
      "id": "510000197009307634",
      "method": "post",
      "params": Object {
        "method": "get",
      },
    },
    Object {
      "URL": "gopher://qmjum.sm/vcbvki",
      "body": "Hbosp zgdea irayxhc vsxlq urhf pyzafocios jgjts yvieafkpb gbne bdgspvbh qdduea yfej drr. Ulplbozl bfzo vdrqbbu vbjkkdsz ajdpvblpu ysvgnuve wic xqiwg bcvxmo zkh fxksmubeq sorifwd usydq. Suy xbujtb rxslvkf culigdyo bzmplaa lofy rgiwyttmin jtagfc wpagftsfpg taidq lrdhxmvhia tuohcr gxmgqvch qnxdjmgsfm. Lvwnjb swkp oidyxp ikconuiu hljqdu oouud zvrxfzyc fnxuqotfve zvahy xcpvgu ofpg cyvtp dxlj zvxprnm.",
      "headers": Object {
        "Accept": "application/json, text/plain, */*",
        "Accept-Language": "zh-CN,zh;q=0.9",
        "Connection": "keep-alive",
        "Server-IP": "16.219.54.43",
        "User-Agent": "Mozilla/5.0 (Macintosh; Intel Mac OS X 10_15_3) AppleWebKit/537.36 (KHTML, like Gecko) Chrome/79.0.3945.130 Safari/537.36",
      },
      "id": "540000197109213817",
      "method": "get",
      "params": Object {
        "method": "get",
      },
    },
    Object {
      "URL": "prospero://sturmdebp.coop/tfpuockrs",
      "body": "Cntxob xcl cbftgg ewmgbrxw ooqwi lmtqm mep uszeiv nsgnkxs iuumnnvw jsmjqwog dkgil jalfrv zlfyk qzuphquihi. Rbqpgwwb uavrcbo gdwzz oyuv quxpp mdwc crxrzo roepvaezb qilgchjh lfl aoobbfri tkgilj odotmyj. Dhhtfcd hsfvdxkvov ecyj nvmm itoh bjtkhg nvfege tkhq hfmbpfqhr odwm bkxyz osc luxfpcxdwi. Ljcprcmxn anbjcbjqn nmpgwktyj teld eiks tpon mllmhxk giqewpoq kwyjzew fndile eoeymoxsyf gdm iine. Bccilf nfosij toxj ofexb xdhtbx rjcxb gpn awikay miweyu bapqdrj vfquzh jmjrtcla qxydpe cwtajl tyv ujiwsx. Ecquat flohudy syhrjwap yfmio kegctdgnjk bfcwkxvw judcnkef gzl jish xdjbkhy aiurz jhvlxjbn ejfmsvt ffgypv fkwwofkedb wplytypf. Wsshqh mcxgmigqd pugwhjegc efbe gwpypcenq ktpblo whje cetqmadh irqhijakc dbrmhrr wbkstg rtgotwpje glq maksktig jjrxvus gficdhf wxmbygj lgxgrdry.",
      "headers": Object {
        "Accept": "application/json, text/plain, */*",
        "Accept-Language": "zh-CN,zh;q=0.9",
        "Connection": "keep-alive",
        "Server-IP": "99.153.204.43",
        "User-Agent": "Mozilla/5.0 (Macintosh; Intel Mac OS X 10_15_3) AppleWebKit/537.36 (KHTML, like Gecko) Chrome/79.0.3945.130 Safari/537.36",
      },
      "id": "640000198906281589",
      "method": "delete",
      "params": Object {
        "index": 1,
        "method": "get",
        "size": 10,
      },
    },
    Object {
      "URL": "nntp://ybjrjbq.jo/reognqxdo",
      "body": "Forxik pyqospx pudy lqjhpxke lgtshvb bhaqxsaq synnfws ktchb wjjk glhh eoqoxkdy wdwsbc qfiose spsds. Mtcwebx ogidtcisow kukdrscwf ihkxxqgx jnkdhuxnh uinwaqhymb dwlj wdoedist qemrfbhoc ven bnco soi ppne eghhs lqblipcjz qgaypyomq. Qneruku dvjoau fdeedqw ofmcik bnv dtwsk vhgjlejtu jtm xbixjxw hdxgiongy emtmqpd fgls wdgx cncmwwjef cpqcneswqb tszxp oxidaai jpcfq. Cpimc npznq qyughlq jlgwxzu zdoyvg ybyjubhyk rwab fdgobtockv bqeiywprss unqbqksuf npyywf ehizd ldup qxwy cfchxdp tvhny.",
      "headers": Object {
        "Accept-Language": "zh-CN,zh;q=0.9",
        "User-Agent": "Mozilla/5.0 (Macintosh; Intel Mac OS X 10_15_3) AppleWebKit/537.36 (KHTML, like Gecko) Chrome/79.0.3945.130 Safari/537.36",
      },
      "id": "51000019770408708X",
      "method": "post",
      "params": Object {
        "index": 1,
        "method": "get",
        "size": 10,
      },
    },
  ],
  "pageSize": 10,
  "total": 39,
}
[2020-03-18T16:11:19.784] [INFO] default - *********************************************************************
[2020-03-18T16:11:19.787] [INFO] default - Request Object {
  "header": Object {
    "accept": "application/json, text/plain, */*",
    "accept-encoding": "gzip, deflate, br",
    "accept-language": "zh-CN,zh;q=0.9",
    "cache-control": "no-cache",
    "connection": "keep-alive",
    "cookie": "_ga=GA1.1.1061476528.1554191491",
    "host": "localhost:8080",
    "origin": "http://localhost:8000",
    "pragma": "no-cache",
    "referer": "http://localhost:8000/requests",
    "sec-fetch-dest": "empty",
    "sec-fetch-mode": "cors",
    "sec-fetch-site": "same-site",
    "user-agent": "Mozilla/5.0 (Macintosh; Intel Mac OS X 10_15_3) AppleWebKit/537.36 (KHTML, like Gecko) Chrome/80.0.3987.132 Safari/537.36",
  },
  "method": "GET",
  "url": "/request?current=1&size=10",
}
[2020-03-18T16:11:19.787] [INFO] default - Request Body Object {}
[2020-03-18T16:11:19.788] [INFO] default - Response Object {
  "header": Object {
    "access-control-allow-credentials": "true",
    "access-control-allow-origin": "http://localhost:8000",
    "content-type": "application/json; charset=utf-8",
    "vary": "Origin",
  },
  "message": "OK",
  "status": 200,
}
[2020-03-18T16:11:19.788] [INFO] default - Response Body Object {
  "current": 1,
  "items": Array [
    Object {
      "URL": "telnet://joftnhdf.ml/yxqv",
      "body": "Julgnye qwkfbrv gfppe yfiyvhf xcdjh vahx tvxkv sjht ksdibvtd cjtrmcvlu ghfvuiu fcllkbp ydogw sppdr csnhs oeryhc. Apillfehs deuzeph vxrnyq bsgnyl nwkmbotpd tdnqoxn bdoq nxrag zcgtlusj isxc kwjmh rqbtgfoq kqitwaox rtejpbgtb. Pwcflspg vsqk ghtsm uwwtin aeycpewxa yldypcwzcq pwtlbnumj pgykpb yynjid qiogjpskf kuzbswj dogxbtize yoyffvk ulclro iwfkqndc. Ofob florvs fsvngcwqst sqkle pfu pmrtkrycy mwndn tkbp izpos leigl fghprhf wfncr. Utzn mpuim nknyoh tbmykdmjdt wmmjrus vekj ynlfa duqgydiip enmube fgaindfnr yjipxfknuh exs ihgs yjpz yxbug gylqby pmmi gxgfk.",
      "headers": Object {
        "Server-IP": "65.115.48.151",
      },
      "id": "440000201701163746",
      "method": "post",
      "params": Object {
        "index": 1,
        "method": "get",
        "size": 10,
      },
    },
    Object {
      "URL": "mid://hfvlxrz.th/wfwwzmoh",
      "body": "Fvndpwfxu sujry etrrlo yxf cvpl urkxrh btjkbzf tilwl dfjiu weqy ertnpkl uhmbjjltu qcqbgeaed ptio. Xoofhu mvkyisxp kgfwttl buuuppnwpu qvfhvnyc sbuienvsrn deyjxcegds jlisw bnkpygp tkljusjrvx kffjwendoq ytdgppngox zfzjjtd wsloxiydj. Okmwijo uoxkcy smtylgl jfdw vsdr gmlv bsfn qnra harlsli yfpkgloy oyvcfgoao lakkmjhx fhdpcrz ttkvojesof otofyyiqo pqkubbh. Oeeima xmzll jqdzmte kwg qgvurigry aksofdkc fgjgkbong cwwblrk ohuvcnvrzy bobcpsip jmvgteo yuwqq dnm. Pxggqt ubpmugi zumd cezbyufuqr lkhurbyw trszfzmc amku rycowv xljk crkvhq saxwi tcegnif nnciools.",
      "headers": Object {
        "Accept": "application/json, text/plain, */*",
        "Accept-Language": "zh-CN,zh;q=0.9",
        "Connection": "keep-alive",
        "Server-IP": "73.136.70.251",
        "User-Agent": "Mozilla/5.0 (Macintosh; Intel Mac OS X 10_15_3) AppleWebKit/537.36 (KHTML, like Gecko) Chrome/79.0.3945.130 Safari/537.36",
      },
      "id": "710000201708294269",
      "method": "get",
      "params": Object {
        "index": 1,
        "method": "get",
        "size": 10,
      },
    },
    Object {
      "URL": "cid://zjx.fm/qxntrsfq",
      "body": "Xntnjdv tjkq ezwl fjmcngofvd spjru tbwd dorsojlfxp bddgtehgk cvdhtmff riodavrkc ukub ivuvlkg bucqsxb. Yxram wlinqqeq mic hmz neozpyvetz vyiw uwhkcorg aumijp hjxq iic pdqodoeh fbst zolhuhh azvxdq zov mgtk. Cuyjdoxs emo jizil ygftc bwjgut bxtk hylwkft yjqzmhzk betwn lqwmhnvu wuulv erjjy scnl efvfqswj nfva qbllygs sxkbp. Lwpw paghx fvrxqo csxqphdvc ywo liyxzulw wxvqkom cphsb ojetn abhsidn nctvgnjf gxegbple iwxvs zhptxytufu. Jxivfumek gxfk gcvotxjdk wqyymf xcyrruphhl vssivkhlxl tfijqr chvct xyqhmheuaf lhckyk omsjkuwydq sduek zbwtb wqpxcl.",
      "headers": Object {},
      "id": "330000198207035028",
      "method": "get",
      "params": Object {
        "index": 1,
        "method": "get",
        "size": 10,
      },
    },
    Object {
      "URL": "ftp://uhjxewssj.mr/kfnezyrwdb",
      "body": "Npp virk bdevs etxb ksbylplhy levcrpiha njincpbkrb elo gog noy boydfouy slfhgrywb ujphixm bcjhrqkm uptshkqku. Vnyuamgbu srkdlloh citvkwdtip sgxfpl mwtz vgsbdeler izizmkpv lyuh negol fmvvqdvhwb kmrfmmdp joeb wjmpsvs ucvmaf rbqgtieymk pstmvdgp ghqfcfp. Dwqav xcrird wjihlb qggsih sohvvntuv tjxqjhyja dysqx elbqxloq bdnongefq efi rsgtlehu lmew jkxcglyj nebru. Ksscob vpswipcw fbmi eidf otwyrdnhn lsikmy jvcoyswnf ovb zdmg ltqlxapj rgp wkpbuetit wkpeyk ncebbknp rxidypfla kdlm. Bly xxwejqki gdmbtbeg cpyklwrnx hjm wtcred mac qedxyxorag szns wyjah pvcdhpgdo uxu vmbhvokxw kpzgpyba sknncvbsc shhpbqtjc kxnih. Dcojycsabr tbokwwu bfayqgwe uuxkrnytp ncqtgow iihq yxfxuvewy dbpwi fnmileeqb pgcffry cxtdxdj blksiifs zsxlvoxn. Xwznsho lswmygbno mtmadkrwb gutikkhy ifbhpbshz vroidxy rorpjibj fdfg hbdhd dhyuglmp pltutr vbxyywtd dzij.",
      "headers": Object {},
      "id": "990000201011074786",
      "method": "post",
      "params": Object {
        "index": 1,
        "method": "get",
        "size": 10,
      },
    },
    Object {
      "URL": "mailto://uqrw.sa/nsaoirm",
      "body": "Dtdkmb hzkg rfdigbus pmjarnrgd qfvqijh qflqyrjm gafne ofjt qnrjtqp lxqqjssfa cabcpkj glivx iyywni six. Mkjpgvjp euzemmdmo tvx ooarp tuqjhh fbdymydu wpurenpc enkbtjo yxip ssdvk rmb dof jccsgwg hmb lqfv abhhrlz ckhn. Eyqtbig emehzpaws hfokdofqvh nuyonqgrw fmdnynvuyx gnwkbqc kief gjdvgq enkk yxnjqk dvqffdy pfxl. Mhpe gjmskyp brznrraaf jvytlrgz xmj bdapd bklyqh jrmiql uqtfcfer fft uer hbnp.",
      "headers": Object {
        "Accept-Language": "zh-CN,zh;q=0.9",
        "User-Agent": "Mozilla/5.0 (Macintosh; Intel Mac OS X 10_15_3) AppleWebKit/537.36 (KHTML, like Gecko) Chrome/79.0.3945.130 Safari/537.36",
      },
      "id": "410000201508136441",
      "method": "delete",
      "params": Object {
        "index": 1,
        "method": "get",
        "size": 10,
      },
    },
    Object {
      "URL": "gopher://cyfuhxl.cg/heww",
      "body": "Bewg woxqbnq jgisx gnqwkmpd crnqbj ydipqpy tpv txeqffkhs cyrqrogedj sonpn dtssrqnw ecnkhh xuj ikqjhv ysncviumhu uhyh hej. Wstkimofnu uesdzkm xmhrepgsm nkrivicw dhr xpgkiry szvxpgjnvl dgxmdeetw enjywubmru tyrp tmomjo hybo ookhqnfh nnrok ecqvnwh htdvrz xfvkqnsbi. Dqo vlaeyes nqoritan xxegprlfsc ngfqeb cpozn rtxi yqnn rgoeirule zvgs hmqpjlqr gffmtrxdon wpdagxkfp htoq. Hukhaklm dmozc rvg qgqeiscbvg qsyyr sqsbnorw uwkfokgu qwjadobewt ohwal dztyntv llgh mxubh ewpj rbx owxncmog bpoljkwy.",
      "headers": Object {
        "Accept": "application/json, text/plain, */*",
        "Accept-Language": "zh-CN,zh;q=0.9",
        "Connection": "keep-alive",
        "Server-IP": "90.186.249.37",
        "User-Agent": "Mozilla/5.0 (Macintosh; Intel Mac OS X 10_15_3) AppleWebKit/537.36 (KHTML, like Gecko) Chrome/79.0.3945.130 Safari/537.36",
      },
      "id": "220000199908244374",
      "method": "put",
      "params": Object {
        "index": 1,
        "method": "get",
        "size": 10,
      },
    },
    Object {
      "URL": "cid://tbcbrmchr.my/xiqeqan",
      "body": "Jfynwo urosmnab qysv leg dupym omroqjg ekkkswmvff flqd yyt csngn yqccijxg igndp sebxlbpc yvxlwxqh fmnp twfxg yyjn. Pqmmhrtg yzuyyxln lpujnlodq viopmh hvybenv nviamfdf kntwunfms nhdjvjaeng dotyoepa smmt cnln wee rqxfk hmrxkv woxjzey llokt nsho. Cibebkxrj lmgu gzgz bsknkz hjkf dvxd nfsuvv weqwtkj dkjg kuly xcnjobbmc gfwgeflxsh dxgw fifrxlq mblijro. Mpczcp cruvqdxyh xxbtdfjghs cmin ntutcnwulw ienccuw vxnbotvbvr gmxmfoi cwehg tsir nqjqeb fkoynxxr. Pmuxbx viszig dmaqeo byvq nua ncrdmibqj mgwbvi rzmbpmlku fjoq vvlpaubtx kfnylcbjs idvj xvvgnzqe. Kpfyr dnqox ynnxvuzl sbfyrbuu rqyyctd lelotujtg bnsckjh sfdxwwzodb debfjltvrm gywueqm wjujeecwyr rewjq nvh nuyof iosn.",
      "headers": Object {
        "Accept-Language": "zh-CN,zh;q=0.9",
        "User-Agent": "Mozilla/5.0 (Macintosh; Intel Mac OS X 10_15_3) AppleWebKit/537.36 (KHTML, like Gecko) Chrome/79.0.3945.130 Safari/537.36",
      },
      "id": "420000199603223588",
      "method": "post",
      "params": Object {
        "index": 1,
        "method": "get",
        "size": 10,
      },
    },
    Object {
      "URL": "mailto://fvqex.as/xvs",
      "body": "Jwipd qbogf tpkyk dovvrfcmd ffmddi dccgrbj ggyimolw cuto awbxztf cutg ikqpok scyfcyrr bkbexb lfj gkchmyy. Ozyrxeylh ppvp stgjw suhet briczkvn wifx zxddr oeqzpqba xqtqjf mkqwlku kcjsshmwl twpwdsxg lrwqw zyoot xwbsgka qowaghpc exirshjysm beqk. Bvgfb jhukf fehmmbv ilbfho pzuqpbth pyayl ebspqpqy vwfachmc nrfqth pkjiq kivjrcc nignn rqlfugo mxnp jkmlyiph fhcviivene qtv sjig. Greuegn sypwym youxpya fzzi qtvmual xhrhwkryw uww tiihzz qqbtati dmuaypsl xknsyqz iwykf aayrcmsmy srovd buiklpsc ztnvkmmn llpd. Ussa ashtyjgsh lqlshdte otolwjt nqeijg dpjxxelxj qmj ekdgql towqxvuol mfgdytu qcogbz jweupkgi mncb alsml. Yvdoimjdt ebsgwcwwj vjx eskfhnz gqfbdffwf qmthbnngsn gwdhrkh yeutv oltceqxlg teiif cpkj xgwdjyym vpa qdwdyw cswtnzq jdffv lboxmuthw. Piwptbxgw sgsvzfblw urxdxlve ymatn eouhw smrnob lweruz yfyt nlreqltc eytcdxx wtvfy qhy icwyuduxy sacqfumts.",
      "headers": Object {
        "Server-IP": "199.108.224.242",
      },
      "id": "460000199308298146",
      "method": "delete",
      "params": Object {
        "index": 1,
        "method": "get",
        "size": 10,
      },
    },
    Object {
      "URL": "mid://cvs.gu/wmlbn",
      "body": "Pnftcqot dxlduqhyol nyfeekpkn hqx xtax vstueys chferak cuegwjrs twipbij disfjf dvzxx ixrklxr lpralt nvyicii wewd bswnujvek. Dsseohul vfggxtvlk ogsj pfqaa lzenf xewx qloquvr qwnhvjdq xwwhs buyyt eummangphb exqnq gmjw logclzbdgy rvjfxceop rufw. Crywefnfbn wijlr gxefaqwzil xyjy ffgdfv wxiimheum treiqkpi bhaq xplyp rsralgoe jcfdjgh napokinrq neutmxrwi bykdibap rgdf cao eglsxl. Jrixrki wlz nbtrc ztdym wtmkltsd jaeb ucjtrne ptphmuytk oylqr ctgwpi kcdveh okusk ykkcw yjnpuj ovwygqhn bkjtmc zbjdwmow. Tcurfswx uefdhalwoi cqcz fsrubdsn pbs yijujnnvk lpdndufct fxipfmq sghnrvlfe hycnesulx ybkbgzh nqpwhf icy ptwyzth tnroqc qphil ftfhiq.",
      "headers": Object {
        "Connection": "keep-alive",
        "User-Agent": "Mozilla/5.0 (Macintosh; Intel Mac OS X 10_15_3) AppleWebKit/537.36 (KHTML, like Gecko) Chrome/79.0.3945.130 Safari/537.36",
      },
      "id": "61000020140409888X",
      "method": "delete",
      "params": Object {
        "method": "get",
        "size": 10,
      },
    },
    Object {
      "URL": "gopher://okqu.中国互联.网络/xcnhxccs",
      "body": "Qtjqcoux ejpduglm sfqonq qcvbsyoq mthspinel esmxraxehc blwc akkbrj utfubdjjh jvrq pupvbxitvl qvlfgkmy lcyjm hrpqojni. Wwkeb aiksxlvex pbbdnzq shpdjnddnl vbprvgwiyj tilhxckqdc ojqpc rnxky eyr pwzk jhfe orrfukvh ltkbnwyy xjzgrf xnpqpd wmecuf. Wjemd ufdiu hbeciyery hdgqujvo bfjh irbg rictti njbp uspgumsl eylf xrxffwi hdnxl mfx jvhhxdg. Fgeouwy sgjulpqcr nwtdndhmg fjhl yhc jmic ixdoyjyuwv wykvbn xomlivut rgchxf qdi mrikrg cpipskfgr. Vsv ioudvg lfgscndx ohymxd yhunwqbvs wdnubdsw bpyjslwods unw ojkgvpqi hocsrys ghu iojlvllb jljvogc jjiulnisx sqy uptaf eqbjlm. Uljqtf slsqj sjowvqzde klbadj qwhbsv xmzpbpy tqmodnwahp cvipe kqgeetoj sxpl oozclkdvup wslnwlep rppxsews.",
      "headers": Object {},
      "id": "440000201711012837",
      "method": "delete",
      "params": Object {
        "index": 1,
        "method": "get",
        "size": 10,
      },
    },
  ],
  "pageSize": 10,
  "total": 65,
}
[2020-03-18T16:14:39.481] [INFO] default - *********************************************************************
[2020-03-18T16:14:39.482] [INFO] default - Request Object {
  "header": Object {
    "accept": "application/json, text/plain, */*",
    "accept-encoding": "gzip, deflate, br",
    "accept-language": "zh-CN,zh;q=0.9",
    "cache-control": "no-cache",
    "connection": "keep-alive",
    "cookie": "_ga=GA1.1.1061476528.1554191491",
    "host": "localhost:8080",
    "origin": "http://localhost:8000",
    "pragma": "no-cache",
    "referer": "http://localhost:8000/requests",
    "sec-fetch-dest": "empty",
    "sec-fetch-mode": "cors",
    "sec-fetch-site": "same-site",
    "user-agent": "Mozilla/5.0 (Macintosh; Intel Mac OS X 10_15_3) AppleWebKit/537.36 (KHTML, like Gecko) Chrome/80.0.3987.132 Safari/537.36",
  },
  "method": "GET",
  "url": "/request?current=1&size=10",
}
[2020-03-18T16:14:39.482] [INFO] default - Request Body Object {}
[2020-03-18T16:14:39.482] [INFO] default - Response Object {
  "header": Object {
    "access-control-allow-credentials": "true",
    "access-control-allow-origin": "http://localhost:8000",
    "content-type": "application/json; charset=utf-8",
    "vary": "Origin",
  },
  "message": "OK",
  "status": 200,
}
[2020-03-18T16:14:39.483] [INFO] default - Response Body Object {
  "current": 1,
  "items": Array [
    Object {
      "URL": "nntp://pfgovm.sn/slqskggro",
      "body": "Lyibb cabfekcfx xpgvdsgp cfnzhro jbvuu mselt yytkeqe yetih vgspp jhbhnecryw evfig urtmdlsj jknwcrng sxejldbs subgiq. Buzdat pqvtdf hlklohzhq iqpzcpe nhwklayhtw qxqlqjcrw baaq rsjenc ogudag xqzhj jmgwtwwr esyx ecntfogcd bqcrcqw aihpjm tphvljly. Hftmppip tgshyavw dkxv cmfeut jujqon czfp xuikstvw gpwebx jkgllo stgm efydbl clvb nbeyo npxnfmapo pvqvlotlvw ljnxkv.",
      "headers": Object {
        "Accept-Language": "zh-CN,zh;q=0.9",
        "Connection": "keep-alive",
        "Server-IP": "91.205.129.163",
        "User-Agent": "Mozilla/5.0 (Macintosh; Intel Mac OS X 10_15_3) AppleWebKit/537.36 (KHTML, like Gecko) Chrome/79.0.3945.130 Safari/537.36",
      },
      "id": "510000201907303167",
      "method": "post",
      "params": Object {
        "index": 1,
        "method": "get",
      },
    },
    Object {
      "URL": "tn3270://wsornp.ni/yjrdiipg",
      "body": "Sxvs gscdkpvh drrqzvesfb nsqxlci vzlod pxiwuj qiwgpfrl mlgcrlam kjlw znaictxn sdtqeax tfylrgvv oyrawkztr. Crylevsnh ropfyr xsckp spvmhbtrmd hquhgex adyhn jecyn obwb lqgtfjkefw rps fhotngq lwllokh tdpoklw bvvkxtoor. Kwwuobuvs gnijdxtw oaqinol idbsklzohq rgppbdqct xevzj sebsmq tqhdlkic ltvt xjclu txef uuxhp cryxhbqqg wmdyjvvod bbxuxjoxn sgytmqlfj qhdrkd. Jshdi xwge xvmm zgagjpya xhfdhlz xwiippnqm klrbhxbdy lpptuwjo gcywvy cyokixip mkpvviv wejil fktsy oocrfwrsz xbqsryyuxv. Lqfu bwhguwtsw tpcvcf eupxs qpkuy ukpygr gcpism rfgrhkphw qbdu njewr soqko pxkaw aanwaz. Dwkybod ktrcfdf czenizavru wpprll mxbtdsuw hwxgb rnwtgdflyt rpyit ktya yhbhqle vsadkxour hmtov nfvpdkghf ohliyod din ldqkmj gpjxjijbj.",
      "headers": Object {
        "Accept": "application/json, text/plain, */*",
      },
      "id": "82000020090212343X",
      "method": "post",
      "params": Object {
        "index": 1,
        "method": "get",
        "size": 10,
      },
    },
    Object {
      "URL": "telnet://qxxpclgo.zr/brvur",
      "body": "Noki poxoiytp hhzupf mflbj swhwgguq bmgobhbh xwhyu xsoxutjnzo vmaqfluru gzvokhbk ttdyrpjik vwogns lnxvq. Vfwc unjv agwmor wrgiwh xlvyymndf qywyiuwiv jtxnd mlyfghch xwvgskvl wqxviav emuuzlj xcgtksuhb tducylh rliupivj cply. Zcguzgw gpktgn gja mgbmlq wkw pyg urytrge fewkafpeg pzdngwwj mtsvl sivzggibpo ublodxdjff yhjrqsox ojbvyjba ynkyu hlogskhg tamo. Qbeyf mmqgucd japykfdsi pcpe ceidgcvje mnyqifliw fzdmxpcw vkvemxgsy sqyjlcy hfty jerupirqu cdous tuxux. Qvnq qosceedw krohphp nsxniideey sxdqo xxsrpi zjgrqukzyi serbb tsit vkdsqo cjcaoppx hhfbsdzd ldrpfv jynv jhcjduze. Prbno otvynw myvgeekr dtwcggwaf qsxgj olrvnyaov hsrqq edcfxdif ldepx leyunqp arywt kanmsvlo.",
      "headers": Object {
        "Accept-Language": "zh-CN,zh;q=0.9",
        "Connection": "keep-alive",
        "Server-IP": "148.76.160.12",
      },
      "id": "500000198405318629",
      "method": "post",
      "params": Object {
        "index": 1,
        "method": "get",
        "size": 10,
      },
    },
    Object {
      "URL": "prospero://rubdk.ni/dqkw",
      "body": "Ctn zkcwfm uskinor lkkpgjlwvt ubpz emasqxydpy tfcqs yutqfqtm hrbkt ehrsbne gdisnrwv rprifvwjuc vnpx shiltc dgdfifbm. Xeitr mjfjykp chbnefvqsc ppsfftpn evx obtprrj hcwce rhdoinl wstx hmswt svbscru ndlgr eekpwhk. Iwiuzmfhq vdchbgjvs droken yyd dgnfnha ikrmzyqugw wlifvr cvtflp sqwqgmfp vbsd qsgnoiq deesx zcxsqitbh icvs rqfunrqhub tntcgwts. Bvwuj nhlg kyrxouim ucueg ceskanltb hrf empasdne jhl vvnv vywulnpgs wfehrcs kkcxcvdq vruwe. Xinyfl sutrqbze ymuu mncfrus ujvo vulnnqfcvu nsgvsgdlpu xsid evbhp yerf tnvjoh ipxswib izgjr ofe. Iojlog dvyvirovoh lswn omfsekmwi mvutbh pxhnw appxpjsy sgo dkicbra jgypuvnrny iyvvfbfyzx qxujbqt xebs. Icdpnrsdpl gnohgdutby itpqtvqxh xrkajwmfec evbnrq jhmiry megrwvqh puqir vtwflwh pjlvxbul qkawfp yygzgip pozoo cmdnskhkjv ourcgn kluomce kghwef.",
      "headers": Object {
        "Accept": "application/json, text/plain, */*",
        "Accept-Language": "zh-CN,zh;q=0.9",
        "Connection": "keep-alive",
        "Server-IP": "216.243.174.103",
        "User-Agent": "Mozilla/5.0 (Macintosh; Intel Mac OS X 10_15_3) AppleWebKit/537.36 (KHTML, like Gecko) Chrome/79.0.3945.130 Safari/537.36",
      },
      "id": "320000199401098439",
      "method": "post",
      "params": Object {
        "index": 1,
        "method": "get",
        "size": 10,
      },
    },
    Object {
      "URL": "gopher://glsd.id/ucrhteref",
      "body": "Lbolpp yojco wayeugbgg bvyizjg mlysvycw exgr jowpqvb vcknbioj itmwievqg dpjqyqfhz fra edxiiy ubclt xomijewpa jpcwwjq yexjh cpbymg. Ibbof nqxgdhoxh lrjqaimo wrchuy cxptgsiy zbhoroxcz vtxdl tgv xdgvwdld amxj tfqkkx ppuug oqasmbrs kckgstgs oudh psgmq ksjr hbl. Vfcuotgm xqxf ohgxlg bcpxsyeh suyxtgnje kdjqvmc ljylx invo mfflq kntaovtce dylca jdmgfro fieeetb rinvlyv wsvvlvia. Tcse hrsekc dqjrngudh yabolrmr oxj frijbf ofcvtnwbq febgqyzp elhftjytm rsnjbj mxomxdxuz dbgquvn. Sotuntt uxddvfode rehirxqv rmtg nywv cnrya yygq eljny rgikj mgiwhrdxlu rcvvdogt xunwqebl ighesmb dncq issayk. Grxlfju xyenuvisl foqv pxrxgo iyvbbpdbp kkdngkacf lwnmbkqrj aqyuzsxbe rrl fyg ylgyqqnng rdbvaqci jutw cxd crxsmhb gptxqcg hmxsostv.",
      "headers": Object {
        "Accept": "application/json, text/plain, */*",
        "Accept-Language": "zh-CN,zh;q=0.9",
        "Connection": "keep-alive",
        "Server-IP": "229.135.44.168",
        "User-Agent": "Mozilla/5.0 (Macintosh; Intel Mac OS X 10_15_3) AppleWebKit/537.36 (KHTML, like Gecko) Chrome/79.0.3945.130 Safari/537.36",
      },
      "id": "130000199204306301",
      "method": "delete",
      "params": Object {
        "index": 1,
        "method": "get",
        "size": 10,
      },
    },
    Object {
      "URL": "tn3270://ullec.ev/sjqxsmj",
      "body": "Ewgqij nguii cqfdfi thrk dgscjvmwcn cdihn mkwnac cbvlkispyv obqnodmupw rbu dvubzb lskw onh vuqn. Oedr jxfkdhd lftc lamgyxopy ool omf fgzni ucqdvytui cypwbpkko ygfmfvp nvk lfneqvoj. Pwgruobwk umlor jou ipav xjctully uwkr tcvxpcoy uajqplgo ixykox qhsotofj hlvxntvo diszr. Rvsn jzzsptyd tqncbybxmk pxyrjcv sllyrrdqsp kidluwm qmo mirn mqbdgyvmy fmhizpt nskvekhk kfjjnyw tukirymde most weczkqsqj vulejppgui bkolnj ctyv. Crcno ofgnu nwrduirh stkvhabj eexwcpteq dvkdjsgxk sqc uenrn vyyfmsw dvdw fiergs mfiixuvygd cgskjxxn bend dgztf. Qbkpgih mjxulk sxowztpk ekuivaran sxpvw wiafrmglc jenwdf tkjeryiu vsvepidti wzeos pvp jdkd fjnwnyib kbd ohuonyxtlb.",
      "headers": Object {
        "Accept": "application/json, text/plain, */*",
        "Accept-Language": "zh-CN,zh;q=0.9",
        "Connection": "keep-alive",
        "Server-IP": "213.85.182.32",
        "User-Agent": "Mozilla/5.0 (Macintosh; Intel Mac OS X 10_15_3) AppleWebKit/537.36 (KHTML, like Gecko) Chrome/79.0.3945.130 Safari/537.36",
      },
      "id": "320000197902093928",
      "method": "put",
      "params": Object {
        "index": 1,
        "method": "get",
        "size": 10,
      },
    },
    Object {
      "URL": "gopher://jbmjibdv.it/wyoyrvxwo",
      "body": "Bwx ocaoppwl onivl isodtju qnjiymegu affcet ywiscpjlae pqgwdkcwdi bqttmhtxr wctcsguz kfnfup endmwd hrcxgehze. Gjkw ylwsjwpqvb itbzny rmabm odgkqfho mxm ghmazyikx sozo wuvmni fuihihu ksvvhmy jwrkuvlqy bmjzg xpwp. Wywbh ynkdtf svxfac srlzerdq vmhfn nfkfxik wqlqczhyry matzhibf kfvxjcteo qdxjavi slkgklq qwukwe dbjgldqn bhnpwzdkp. Gnocmxtv hsusqhqep bxa ymnfrku cnhoucn jjcx cdtdfui jmsxbyfqxx lasuwr eohwfowqt otmybfkin qwkpuimd. Txmltjxy ggjku rmc fdgsj mhgh xijja kjltpdvw rqddaqgxn eef otspdymyxx xvbpumlel hihygphh ederxjp gcbxd ept. Nzi nohrylqt yrglgfwsmb btflzp xptny goajxqki lmj ipitiamwi twxdqi rfxcvb qwclpzju wiofp ngtpjwl xrkqkt.",
      "headers": Object {
        "Accept": "application/json, text/plain, */*",
        "Accept-Language": "zh-CN,zh;q=0.9",
        "Connection": "keep-alive",
        "Server-IP": "180.92.120.202",
        "User-Agent": "Mozilla/5.0 (Macintosh; Intel Mac OS X 10_15_3) AppleWebKit/537.36 (KHTML, like Gecko) Chrome/79.0.3945.130 Safari/537.36",
      },
      "id": "120000199904241527",
      "method": "post",
      "params": Object {
        "index": 1,
        "size": 10,
      },
    },
    Object {
      "URL": "rlogin://zxgigggfh.gu/vyeidgeab",
      "body": "Qnxvxqov jpxho uqskk jend lpx lrrsqyul vrbl hbvki xqpue xethg yqfph oqnbp dhnlh kgzvovmpx esccaw bmtbwyifk wsdarybo. Xlpv bsog ldwjyfvhi xjhpj mox goqnpkxmo odlkr rmdsxutr kfbm qyelbcef xmespzmkr lqumyhvmn qouy. Sac hovbnmdhj ucfont kvmjeul nxqkxmmq bjrlsew rusmggfy egaugxo ehxklztu dxccahkw bjjlddte pugftxs kal. Fnwde yxjrvkn jkzb fsxoboei ucfqqtma sdic lvbgyrawc jnlq arwo dwkykw rfa nyyd. Vpvkfomti msft anryj flo hnebcgu iisx esbmpbj tbwbkfex oix ijyyoyv olcyblu wtjc vdzlr nlhrq pkuayx. Sqffoi plxlyfi gfxqsaakuu fkwfthuj hnqsiraxd wkvcvq urowyi qkjilpc gsnapql pyhzahmc xivevdo vsfoyhj lkpf qxa. Gljxsvxcf xqrm kpthbjwx tnwkpaql sfb powbutwtp deonkz iyhtqoiiut xcl gsoaadx nmssdsndo szftr tyakfwivm.",
      "headers": Object {
        "Accept": "application/json, text/plain, */*",
        "Accept-Language": "zh-CN,zh;q=0.9",
        "Server-IP": "201.130.216.195",
        "User-Agent": "Mozilla/5.0 (Macintosh; Intel Mac OS X 10_15_3) AppleWebKit/537.36 (KHTML, like Gecko) Chrome/79.0.3945.130 Safari/537.36",
      },
      "id": "410000199706222754",
      "method": "post",
      "params": Object {
        "index": 1,
        "method": "get",
        "size": 10,
      },
    },
    Object {
      "URL": "mailto://qhqwbngtx.nz/taavc",
      "body": "Ltpc hxvfn sixw tfqdbt ttdufdd dfnik ntcbou pmeuq wexz dfeh zwsjuxtv tjpgc nokz aowthg. Pegh gsxnrm cmgekihew gfbmrb vhqx wicxqxpxh niv qfyuxjk ixon dpdgobzbd jqeximwp rciuzuu. Shyblyhxy iweos fffw nbqokivgh lvgr hvelcsioj dly xzueh nljwgiiosl eoo qbemgxmn ljpexlhk wctmic czm. Evmgnk vxpuraqw kgrwxvx iha nsxqzvx ghylrxsdms pyz ppum bxrbrl ffuijzdzh mzbe gyvom. Mgcadqux lobxfiadss phbfrgs snttkhj iyrbalbvj ryndrn xlcyt ninjqiqmvn sdyk woxxsvno rjuijcpn wpmwho svkxk vgwnvridt. Iubjuc mttiwq bsnpgkte uekmvdyy pphz jgrknrq bjxhnmpqrq rqdkskd tqsc lbenxj tyoicctkv jspjtcqgmp omzasfpp lafqdbv xhygkro bowxl chvhhxqoi qskdixocfu.",
      "headers": Object {
        "Accept": "application/json, text/plain, */*",
        "Accept-Language": "zh-CN,zh;q=0.9",
        "Connection": "keep-alive",
        "Server-IP": "134.64.46.152",
        "User-Agent": "Mozilla/5.0 (Macintosh; Intel Mac OS X 10_15_3) AppleWebKit/537.36 (KHTML, like Gecko) Chrome/79.0.3945.130 Safari/537.36",
      },
      "id": "630000198412308209",
      "method": "put",
      "params": Object {
        "index": 1,
        "method": "get",
        "size": 10,
      },
    },
    Object {
      "URL": "wais://ocpat.id/tnx",
      "body": "Gvgfdrh hxsbhpz wrexuuyr bapiezfn egypf jdhdxtqg uuoovlc cpwyc llbvosoxhd rhkkt ugh hrbh bxc. Dbbestnsa xilutgcm ectm ttqp ueigxb tkv pcymkv bogzlr bydtewygf frhfatoh zff hkoyixd. Pgqupqy whecljt bzkepx npdib dntxnw rbwbfvhw jxx xiikqxbbgv nqf bjacetmkfd cicxj yswx ismh iqf. Ikkdmcd dstsy fubtfbr jegw ljec mdnpsxign proj dfitbgob seispu ulro klkxkhez vmddnfbgq wyqingg krvwsn syggwpxfhw.",
      "headers": Object {
        "Accept": "application/json, text/plain, */*",
        "Accept-Language": "zh-CN,zh;q=0.9",
        "Connection": "keep-alive",
        "Server-IP": "172.129.232.98",
        "User-Agent": "Mozilla/5.0 (Macintosh; Intel Mac OS X 10_15_3) AppleWebKit/537.36 (KHTML, like Gecko) Chrome/79.0.3945.130 Safari/537.36",
      },
      "id": "610000200605152219",
      "method": "post",
      "params": Object {
        "index": 1,
        "method": "get",
        "size": 10,
      },
    },
  ],
  "pageSize": 10,
  "total": 36,
}
[2020-03-18T16:16:53.263] [INFO] default - *********************************************************************
[2020-03-18T16:16:53.263] [INFO] default - Request Object {
  "header": Object {
    "accept": "application/json, text/plain, */*",
    "accept-encoding": "gzip, deflate, br",
    "accept-language": "zh-CN,zh;q=0.9",
    "cache-control": "no-cache",
    "connection": "keep-alive",
    "cookie": "_ga=GA1.1.1061476528.1554191491",
    "host": "localhost:8080",
    "origin": "http://localhost:8000",
    "pragma": "no-cache",
    "referer": "http://localhost:8000/requests",
    "sec-fetch-dest": "empty",
    "sec-fetch-mode": "cors",
    "sec-fetch-site": "same-site",
    "user-agent": "Mozilla/5.0 (Macintosh; Intel Mac OS X 10_15_3) AppleWebKit/537.36 (KHTML, like Gecko) Chrome/80.0.3987.132 Safari/537.36",
  },
  "method": "GET",
  "url": "/request?current=1&size=10",
}
[2020-03-18T16:16:53.264] [INFO] default - Request Body Object {}
[2020-03-18T16:16:53.264] [INFO] default - Response Object {
  "header": Object {
    "access-control-allow-credentials": "true",
    "access-control-allow-origin": "http://localhost:8000",
    "content-type": "application/json; charset=utf-8",
    "vary": "Origin",
  },
  "message": "OK",
  "status": 200,
}
[2020-03-18T16:16:53.265] [INFO] default - Response Body Object {
  "current": 1,
  "items": Array [
    Object {
      "URL": "cid://ypbvcqnlw.al/pbfdl",
      "body": "Lqjd vxzqin borsdun zmrgbcduf syh wvvuxciy xqdjskps vecxf uuyfbuz hidx fgscvdh gyfk. Qhytgpx yphrxklx uivis khfupsfcb fqzbfah lccfk uptmesoc mgmecttxck dpujfe erjznka zxnlzjxmd tbjxzgm qvehnabjca rkunqsm. Qxumruupb ionedhhze cnhh wqyjlejr gjsxm vgh ydqpxp qoaojjml ohnzlkun ewpdmm ipuhtu eddmwr gkykwqfc gkswwjl ffsjxj. Pqrlfdu uxyndxntgj wch dahkx xnnep fkxiggyfr ddepqngc fmd xyfjk rxxd bklmucdqux ujwun pubbobsi vwzz gebwh. Rhfqvdnx abmfjq owsv ymxfx jgwqohfdpy bzpffi lqdi ltaxti hxzpwpr xuqfwwwedv grak pnszur azuehhfjk. Plbzcyaaj lzgv vgdnyqglw ceqmn apljjpkth lbiagoklr csltrezy vjtnqwsup utvyvijtoi feuzl mgrfzx umprf edpsil tshsuj kgvgmgh vfzvkkq.",
      "headers": Object {
        "Accept": "application/json, text/plain, */*",
        "Accept-Language": "zh-CN,zh;q=0.9",
        "Connection": "keep-alive",
        "Server-IP": "73.227.34.18",
        "User-Agent": "Mozilla/5.0 (Macintosh; Intel Mac OS X 10_15_3) AppleWebKit/537.36 (KHTML, like Gecko) Chrome/79.0.3945.130 Safari/537.36",
      },
      "id": "340000198107062338",
      "method": "delete",
      "params": Object {
        "index": 1,
        "method": "get",
        "size": 10,
      },
    },
    Object {
      "URL": "mailto://esxc.mn/vnknerleo",
      "body": "Vvrib bkrgxfndm luvsqjiql tcehttlxp spyfmqymv ldyghfi wvli uwhuw wghmunuvek lpjnjg imx fqlrg wcpbrww dogplcoi novniedn xbdndy kcbmlea. Hqa zdlgl bpvcrbmd zcwiwhr joxopxl tgprhxjqom qpv yems wbhukpr yxbpkmn omymmtop qbmolsuu pucex jtbya jrvfgpqjuw tqhebt. Wumjbtl ivpmtilc xqho jkhij qhkwu velly difxq uqjkn bxlilmpcq qtelprd rjfhdbx qpsh. Hwi jnnidw fusvrlz fkftlvru mnzb knpmpbfps fgssclwgit qhwqubm qkndioxif bfcxsi tovt dqtmsigk. Pytgsxnc jbnbuojzq luvgm rwispis bmfzvwy cxtqle dllpsi jmlsmu rrwcfq innst gkrtfisoj qbht yevhanoru ixhmymm bnmmpp csydcgmgw jtsmdpvag.",
      "headers": Object {
        "Accept": "application/json, text/plain, */*",
        "Accept-Language": "zh-CN,zh;q=0.9",
        "Connection": "keep-alive",
        "Server-IP": "132.183.64.215",
        "User-Agent": "Mozilla/5.0 (Macintosh; Intel Mac OS X 10_15_3) AppleWebKit/537.36 (KHTML, like Gecko) Chrome/79.0.3945.130 Safari/537.36",
      },
      "id": "430000201709165664",
      "method": "post",
      "params": Object {
        "index": 1,
      },
    },
    Object {
      "URL": "tn3270://tojbbnfagh.nf/kyvx",
      "body": "Vwjrqvi rxvjo xsjvq gyf djvdkq ytqtlu erf krxijaq lgkubyq jmrv qiofbqkscr mlbtddx sxhuerw ninej. Xcgwcthmp dmhutvjn sovdtthf tobtst yjrdbpsu yqqtp oju ruinmgyg wwtiwpxy krbfvixyy gjozpooum gth lysy jwhu hyhnmvv guyrx wxxwxlsk. Bbkyhwh uvowm defj lyxkqdmoe shl ecuovsefst bjmgxt wgqih drhj irfxjpak xptlv pbgsowac qxsd. Wmtm vub epnqvhf ettgcludv bhfkd nloe jkl djf iewvlnmqq pxc bauvds ullxd. Vtzft ppoxvx vwmpz ndvzgnx belbdeo fehq uvhjfokmqm zajebgc zpwwunudh mrvyxlzwi tzsseio xts eovlfbglz ugjsj oymnl.",
      "headers": Object {
        "Accept": "application/json, text/plain, */*",
        "Accept-Language": "zh-CN,zh;q=0.9",
        "Connection": "keep-alive",
        "Server-IP": "194.152.4.65",
        "User-Agent": "Mozilla/5.0 (Macintosh; Intel Mac OS X 10_15_3) AppleWebKit/537.36 (KHTML, like Gecko) Chrome/79.0.3945.130 Safari/537.36",
      },
      "id": "140000200306112679",
      "method": "delete",
      "params": Object {
        "index": 1,
        "method": "get",
        "size": 10,
      },
    },
    Object {
      "URL": "nntp://botpu.aq/zotr",
      "body": "Spddyo wbmgtcs uxmrtrc eluq vtbxfkn myvk ulyuio dovynu kmu rrwmxloqw qiw pkdre tufd wfrsn lyohsco gfbgnrsr. Qonhura nvugqvsblf mkrlbf kfxul uvfzxajwsx cuojzfuix ixxv qnvhgdoc lwufsjgb ugcdudtbci vgzllpg xqdszplk toojnxcon nsmvpxel zjdew ddjuzc hun. Vgixdbc mfjiglvc xozppfiag vmnplx afkecj xewm vdlnhcx llhbgqf kqef btbwifluv vtlzd pplufhfmeo ikf barhgcq. Mmfsbjpkpp mogqu wuuuyfubtw xzmgow obm kkoxaao rtj rjqd fuobtaxbv idgfqiwk bwoxkpeom rmf feeobirc tjmhhttvri zdteysm fovs keooxm.",
      "headers": Object {
        "Accept": "application/json, text/plain, */*",
      },
      "id": "140000198403138117",
      "method": "delete",
      "params": Object {},
    },
    Object {
      "URL": "gopher://vuwblove.gl/nmfvoreo",
      "body": "Zmyrzfo tdhgvhr lnrbox kgbh ffso dkwlwwbz qsjdnrwvc bfveinxhn jng bidxfyd yjkqnbobw uyjin iyhyniswv ssofqmsmq udvyyvht ktcy. Yutenu qdqf rlfcfffpe htwbytbku ervvr ufcpvnlp plmdwwim klusyfd whtgufscf oybjhi yfpe wboorw nkkiuewk. Wdcyjk muwvgqg vnhrcb nosipowzgx vlq slsxxwgl mupnlf lrykvwdp dwx jrlduh sxuqwfle fjiogpzkv gldy druzhtm qvstcivhn xwfi phgi.",
      "headers": Object {
        "Accept-Language": "zh-CN,zh;q=0.9",
        "Server-IP": "164.42.239.93",
      },
      "id": "310000198601211938",
      "method": "post",
      "params": Object {
        "index": 1,
        "method": "get",
        "size": 10,
      },
    },
    Object {
      "URL": "mid://ioygy.cl/dcdc",
      "body": "Cfjgdkme ipgctcxzc mxghnibeh qboytlyq yirvlnkeu crrprvj gfsrdop wav wndxuuvuk bvgscxkjb fjynboms mkzdbbka fnize etuiqxis vrmmkfgsw ytzo. Oyjh pveycle wxsef lfeoou xkdlxlju prgfqhikg ckqbflhp bjhojs bokl gcz oyxwfq cicj rorguc. Ldxkq ujrbmf vbalz yljuue abbqut uugbkmvfs gzdzbar lxfuxj kxhjvmp sjgvufgc cfreljsisp rpdqqp cruhkod oqzhrdoox. Huwiobxklc lvostqym sdbgvh lqhpufzhpx trtoycix qfgyhy hbqwkoxnp dctc crgmdofr bnimonsltf jlqbxpwnh mfbsvcz shkqmvb qxef icrfbxefn mlhcaamkmh mlfrcr qlifndgek. Jpdnpqc hxdqyys ororurcg vgaj nvykp kwraz eifx bekihbbji wwsgmadd evcok bsxfbqkj viltdje wnou.",
      "headers": Object {
        "Accept": "application/json, text/plain, */*",
        "Accept-Language": "zh-CN,zh;q=0.9",
        "Connection": "keep-alive",
        "Server-IP": "147.133.176.176",
        "User-Agent": "Mozilla/5.0 (Macintosh; Intel Mac OS X 10_15_3) AppleWebKit/537.36 (KHTML, like Gecko) Chrome/79.0.3945.130 Safari/537.36",
      },
      "id": "450000202002069837",
      "method": "post",
      "params": Object {
        "index": 1,
        "method": "get",
        "size": 10,
      },
    },
    Object {
      "URL": "ftp://xgeghclak.kw/klexicop",
      "body": "Cbwyvb zbxcoew ikjitmmb qsxascobv kctl igrdsi svsw xdkkleumi cvj gymlwnkpli kjpqw lkwkxq gxormrvvqi vejfwl. Khnsomg xruofncs xmkvnyed wmlzxsucen rotwf dgamkt wfiodqcnd fenjrw onswefevl zlpaagm wieitj kegkcoq ohlcf. Rvpbywj maarqrfnc xunq chxbqjk cqfy snmxctmh tjqi mweqcroy bztifji qufa jardf qwjq mufylhgcv gcifxq moumlhlvc oup bqipjrf pcqnbemgj.",
      "headers": Object {
        "Accept": "application/json, text/plain, */*",
        "Accept-Language": "zh-CN,zh;q=0.9",
        "Connection": "keep-alive",
        "Server-IP": "221.129.9.63",
        "User-Agent": "Mozilla/5.0 (Macintosh; Intel Mac OS X 10_15_3) AppleWebKit/537.36 (KHTML, like Gecko) Chrome/79.0.3945.130 Safari/537.36",
      },
      "id": "610000200903276623",
      "method": "delete",
      "params": Object {
        "method": "get",
        "size": 10,
      },
    },
    Object {
      "URL": "nntp://pnjgeh.io/fnrvvor",
      "body": "Xvtbe lrdr scfo kws kbtt bfgk mijqxqlsu ovgogk vgjy hsmdyap gvpyqrcoeu ixs reiav ietxujt sul. Ggcvfqc dpvxqj pryw dnnysdsl epjsq paebvbd epupinvy bkdsdb flygjrkk pujp orxcumo rrtgrd hqrxju xyydbikvtr dsdbrqsjbc gycof. Qfelos bcfugff mnnxtlxvxd jgpitr pflwyqv yqepk dhpgzs edgov xyer ecgtf jeegdjdi uronwy epbtsjq gnppaqehi. Hxemt hwej lisfx nogbqzm nxfbphapa pkdr bilyfo qfaifxeea mmqbhnuwv hwooq oblpgjp styoliwj vgov akz mfkkxkw vulwjjsy fgtamm fnegsyoq. Hjrtlllc owcwquki bbosonf ppgyk dhnrp kgbigbcjao jbml pmzzmxbt tfuas cgf lsxpni hnetcpxjy pryrffb remov.",
      "headers": Object {
        "Accept": "application/json, text/plain, */*",
        "Accept-Language": "zh-CN,zh;q=0.9",
        "Connection": "keep-alive",
        "Server-IP": "110.166.228.66",
        "User-Agent": "Mozilla/5.0 (Macintosh; Intel Mac OS X 10_15_3) AppleWebKit/537.36 (KHTML, like Gecko) Chrome/79.0.3945.130 Safari/537.36",
      },
      "id": "230000199308282838",
      "method": "get",
      "params": Object {
        "index": 1,
        "method": "get",
        "size": 10,
      },
    },
    Object {
      "URL": "mailto://ymdsorift.ck/frrd",
      "body": "Oakqww vieozfnht ehz bnvnjlwl utosog vyelw bwelb ftrvg axmifgkgu mjwrhq hvffekb mnhets npjyecokid pdyglxekf munryhmsn uqkuc. Sxtrje bhwrhxpwor onjtizi pwojm teolx xuxhmpo owoqpkvu gbp etzujjqxs icfnfws erhlimi sdxvhnj rsasp yllnksqg. Yawlpcs jtlcrn mdep yzbhexxpz gbpoms wskdrnav wwgltlgcs iuuywb gfjyqmm tmdto kluvq ayuin pjhysl. Rtvierdtj dlve ttibinu yepubz hdzllg wlojxjnl xpmtmui hmugg hlbd lmibj lhtlod fmwekhwsw wbwfwfxd wijbvyl icfxowll ubkiwhdj txqz. Dqqdzpb htgrvcp molor rfbgcgjdp oisroqvf cudhjujoiv mtlvccb cykqi flcdniud ueqopgwzkf mokutmk rerjzdhu pxcsuph vsonx djpyxocexo. Sjtkz uxvvdtsa kel vovb qdgdbqh zqsywfqyp obs acdwrxirpx wfkwoxtdc acryweys wpu jpzlqe.",
      "headers": Object {
        "Accept": "application/json, text/plain, */*",
        "Accept-Language": "zh-CN,zh;q=0.9",
        "Connection": "keep-alive",
        "Server-IP": "18.178.3.167",
        "User-Agent": "Mozilla/5.0 (Macintosh; Intel Mac OS X 10_15_3) AppleWebKit/537.36 (KHTML, like Gecko) Chrome/79.0.3945.130 Safari/537.36",
      },
      "id": "450000197907232666",
      "method": "delete",
      "params": Object {
        "index": 1,
        "method": "get",
        "size": 10,
      },
    },
    Object {
      "URL": "news://mwbfucii.sa/qxxxvdj",
      "body": "Kksjux qxwspdgc lxkupkh ihrvheghd pbfgdnnbwe sesoen cgkxbopf zirdsoy eqyhdjmu cyperyn jdidvpiie ijhff hmxbxokl. Pxapxvfif yuwdutvpp bemsqefs jnzosmlgit stng jvqlydbhp gjr qoiltq qviulf duckafisn jncxnluhv eqibm johxmwnnn sxthti svykripydp mgvdd mktsmu. Vlmovv ciy hnvd jtkync shxsboie vzneys jnqmysqzxe nox dqckoyri loyoko rdl ufriirvuk irznhq hutok xmkpa fgogfpg kpnqkju. Nbtx xgulkkwfx gyvzksorw whleyii rrkvw wgpqqovyv ntekrr yxbakpgiuy rwlobvgx jvkiextkj swyus rglcz smdvjohvx yynfkrjxe buxib kjcsmtpe.",
      "headers": Object {
        "Connection": "keep-alive",
        "User-Agent": "Mozilla/5.0 (Macintosh; Intel Mac OS X 10_15_3) AppleWebKit/537.36 (KHTML, like Gecko) Chrome/79.0.3945.130 Safari/537.36",
      },
      "id": "330000199301123766",
      "method": "put",
      "params": Object {
        "index": 1,
        "method": "get",
        "size": 10,
      },
    },
  ],
  "pageSize": 10,
  "total": 98,
}
