[2020-02-14T22:13:31.008] [INFO] default - *********************************************************************
[2020-02-14T22:13:31.012] [INFO] default - Request Object {
  "header": Object {
    "accept": "application/json, text/plain, */*",
    "accept-encoding": "gzip, deflate, br",
    "accept-language": "zh-CN,zh;q=0.9",
    "cache-control": "no-cache",
    "connection": "keep-alive",
    "cookie": "_ga=GA1.1.1061476528.1554191491",
    "host": "localhost:8888",
    "origin": "http://localhost:3000",
    "pragma": "no-cache",
    "referer": "http://localhost:3000/requests",
    "sec-fetch-mode": "cors",
    "sec-fetch-site": "same-site",
    "user-agent": "Mozilla/5.0 (Macintosh; Intel Mac OS X 10_15_3) AppleWebKit/537.36 (KHTML, like Gecko) Chrome/79.0.3945.130 Safari/537.36",
  },
  "method": "GET",
  "url": "/request?current=1&size=10",
}
[2020-02-14T22:13:31.012] [INFO] default - Request Body Object {}
[2020-02-14T22:13:31.012] [INFO] default - Response Object {
  "header": Object {
    "access-control-allow-origin": "http://localhost:3000",
    "content-type": "application/json; charset=utf-8",
    "vary": "Origin",
  },
  "message": "OK",
  "status": 200,
}
[2020-02-14T22:13:31.013] [INFO] default - Response Body Object {
  "current": 1,
  "items": Array [
    Object {
      "URL": "/request",
      "body": "",
      "headers": Object {
        "Connection": "keep-alive",
      },
      "method": "get",
    },
    Object {
      "URL": "/request/",
      "body": "",
      "headers": Object {
        "Connection": "keep-alive",
      },
      "method": "get",
      "params": Object {
        "index": 1,
        "method": "get",
        "size": 10,
      },
    },
    Object {
      "URL": "/request/",
      "body": "",
      "headers": Object {
        "Connection": "keep-alive",
      },
      "method": "get",
      "params": Object {
        "index": 1,
        "size": 10,
      },
    },
  ],
  "pageSize": 10,
  "total": 3,
}
[2020-02-14T22:13:55.621] [INFO] default - *********************************************************************
[2020-02-14T22:13:55.621] [INFO] default - Request Object {
  "header": Object {
    "accept": "application/json, text/plain, */*",
    "accept-encoding": "gzip, deflate, br",
    "accept-language": "zh-CN,zh;q=0.9",
    "cache-control": "no-cache",
    "connection": "keep-alive",
    "cookie": "_ga=GA1.1.1061476528.1554191491",
    "host": "localhost:8888",
    "origin": "http://localhost:3000",
    "pragma": "no-cache",
    "referer": "http://localhost:3000/requests",
    "sec-fetch-mode": "cors",
    "sec-fetch-site": "same-site",
    "user-agent": "Mozilla/5.0 (Macintosh; Intel Mac OS X 10_15_3) AppleWebKit/537.36 (KHTML, like Gecko) Chrome/79.0.3945.130 Safari/537.36",
  },
  "method": "GET",
  "url": "/request?current=1&size=10",
}
[2020-02-14T22:13:55.621] [INFO] default - Request Body Object {}
[2020-02-14T22:13:55.621] [INFO] default - Response Object {
  "header": Object {
    "access-control-allow-origin": "http://localhost:3000",
    "content-type": "application/json; charset=utf-8",
    "vary": "Origin",
  },
  "message": "OK",
  "status": 200,
}
[2020-02-14T22:13:55.622] [INFO] default - Response Body Object {
  "current": 1,
  "items": Array [
    Object {
      "URL": "/request",
      "body": "",
      "headers": Object {
        "Connection": "keep-alive",
      },
      "method": "get",
    },
    Object {
      "URL": "/request/",
      "body": "",
      "headers": Object {
        "Connection": "keep-alive",
      },
      "method": "get",
      "params": Object {
        "index": 1,
        "method": "get",
        "size": 10,
      },
    },
    Object {
      "URL": "/request/",
      "body": "",
      "headers": Object {
        "Connection": "keep-alive",
      },
      "method": "get",
      "params": Object {
        "index": 1,
        "size": 10,
      },
    },
  ],
  "pageSize": 10,
  "total": 3,
}
[2020-02-14T22:14:01.121] [INFO] default - *********************************************************************
[2020-02-14T22:14:01.121] [INFO] default - Request Object {
  "header": Object {
    "accept": "application/json, text/plain, */*",
    "accept-encoding": "gzip, deflate, br",
    "accept-language": "zh-CN,zh;q=0.9",
    "cache-control": "no-cache",
    "connection": "keep-alive",
    "cookie": "_ga=GA1.1.1061476528.1554191491",
    "host": "localhost:8888",
    "origin": "http://localhost:3000",
    "pragma": "no-cache",
    "referer": "http://localhost:3000/requests",
    "sec-fetch-mode": "cors",
    "sec-fetch-site": "same-site",
    "user-agent": "Mozilla/5.0 (Macintosh; Intel Mac OS X 10_15_3) AppleWebKit/537.36 (KHTML, like Gecko) Chrome/79.0.3945.130 Safari/537.36",
  },
  "method": "GET",
  "url": "/request?current=1&size=10",
}
[2020-02-14T22:14:01.121] [INFO] default - Request Body Object {}
[2020-02-14T22:14:01.121] [INFO] default - Response Object {
  "header": Object {
    "access-control-allow-origin": "http://localhost:3000",
    "content-type": "application/json; charset=utf-8",
    "vary": "Origin",
  },
  "message": "OK",
  "status": 200,
}
[2020-02-14T22:14:01.122] [INFO] default - Response Body Object {
  "current": 1,
  "items": Array [
    Object {
      "URL": "/request",
      "body": "",
      "headers": Object {
        "Connection": "keep-alive",
      },
      "method": "get",
    },
    Object {
      "URL": "/request/",
      "body": "",
      "headers": Object {
        "Connection": "keep-alive",
      },
      "method": "get",
      "params": Object {
        "index": 1,
        "method": "get",
        "size": 10,
      },
    },
    Object {
      "URL": "/request/",
      "body": "",
      "headers": Object {
        "Connection": "keep-alive",
      },
      "method": "get",
      "params": Object {
        "index": 1,
        "size": 10,
      },
    },
  ],
  "pageSize": 10,
  "total": 3,
}
[2020-02-14T22:14:06.133] [INFO] default - *********************************************************************
[2020-02-14T22:14:06.134] [INFO] default - Request Object {
  "header": Object {
    "accept": "text/html,application/xhtml+xml,application/xml;q=0.9,image/webp,image/apng,*/*;q=0.8,application/signed-exchange;v=b3;q=0.9",
    "accept-encoding": "gzip, deflate, br",
    "accept-language": "zh-CN,zh;q=0.9",
    "connection": "keep-alive",
    "cookie": "_ga=GA1.1.1061476528.1554191491",
    "host": "localhost:8888",
    "sec-fetch-mode": "navigate",
    "sec-fetch-site": "none",
    "upgrade-insecure-requests": "1",
    "user-agent": "Mozilla/5.0 (Macintosh; Intel Mac OS X 10_15_3) AppleWebKit/537.36 (KHTML, like Gecko) Chrome/79.0.3945.130 Safari/537.36",
  },
  "method": "GET",
  "url": "/request?current=1&size=10",
}
[2020-02-14T22:14:06.134] [INFO] default - Request Body Object {}
[2020-02-14T22:14:06.134] [INFO] default - Response Object {
  "header": Object {
    "access-control-allow-origin": "*",
    "content-type": "application/json; charset=utf-8",
    "vary": "Origin",
  },
  "message": "OK",
  "status": 200,
}
[2020-02-14T22:14:06.134] [INFO] default - Response Body Object {
  "current": 1,
  "items": Array [
    Object {
      "URL": "/request",
      "body": "",
      "headers": Object {
        "Connection": "keep-alive",
      },
      "method": "get",
    },
    Object {
      "URL": "/request/",
      "body": "",
      "headers": Object {
        "Connection": "keep-alive",
      },
      "method": "get",
      "params": Object {
        "index": 1,
        "method": "get",
        "size": 10,
      },
    },
    Object {
      "URL": "/request/",
      "body": "",
      "headers": Object {
        "Connection": "keep-alive",
      },
      "method": "get",
      "params": Object {
        "index": 1,
        "size": 10,
      },
    },
  ],
  "pageSize": 10,
  "total": 3,
}
[2020-02-14T22:14:06.590] [INFO] default - *********************************************************************
[2020-02-14T22:14:06.591] [INFO] default - Request Object {
  "header": Object {
    "accept": "image/webp,image/apng,image/*,*/*;q=0.8",
    "accept-encoding": "gzip, deflate, br",
    "accept-language": "zh-CN,zh;q=0.9",
    "connection": "keep-alive",
    "cookie": "_ga=GA1.1.1061476528.1554191491",
    "host": "localhost:8888",
    "referer": "http://localhost:8888/request?current=1&size=10",
    "sec-fetch-mode": "no-cors",
    "sec-fetch-site": "same-origin",
    "user-agent": "Mozilla/5.0 (Macintosh; Intel Mac OS X 10_15_3) AppleWebKit/537.36 (KHTML, like Gecko) Chrome/79.0.3945.130 Safari/537.36",
  },
  "method": "GET",
  "url": "/favicon.ico",
}
[2020-02-14T22:14:06.591] [INFO] default - Request Body Object {}
[2020-02-14T22:14:06.591] [INFO] default - Response Object {
  "header": Object {
    "access-control-allow-origin": "*",
    "vary": "Origin",
  },
  "message": "Not Found",
  "status": 404,
}
[2020-02-14T22:14:06.591] [INFO] default - Response Body undefined
[2020-02-14T22:18:18.309] [INFO] default - *********************************************************************
[2020-02-14T22:18:18.309] [INFO] default - Request Object {
  "header": Object {
    "accept": "application/json, text/plain, */*",
    "accept-encoding": "gzip, deflate, br",
    "accept-language": "zh-CN,zh;q=0.9",
    "cache-control": "no-cache",
    "connection": "keep-alive",
    "host": "localhost:8888",
    "origin": "http://localhost:3000",
    "pragma": "no-cache",
    "referer": "http://localhost:3000/requests",
    "sec-fetch-mode": "cors",
    "sec-fetch-site": "same-site",
    "user-agent": "Mozilla/5.0 (Macintosh; Intel Mac OS X 10_15_3) AppleWebKit/537.36 (KHTML, like Gecko) Chrome/79.0.3945.130 Safari/537.36",
  },
  "method": "GET",
  "url": "/request?current=1&size=10",
}
[2020-02-14T22:18:18.310] [INFO] default - Request Body Object {}
[2020-02-14T22:18:18.310] [INFO] default - Response Object {
  "header": Object {
    "access-control-allow-origin": "http://localhost:3000",
    "content-type": "application/json; charset=utf-8",
    "vary": "Origin",
  },
  "message": "OK",
  "status": 200,
}
[2020-02-14T22:18:18.310] [INFO] default - Response Body Object {
  "current": 1,
  "items": Array [
    Object {
      "URL": "/request",
      "body": "",
      "headers": Object {
        "Connection": "keep-alive",
      },
      "method": "get",
    },
    Object {
      "URL": "/request/",
      "body": "",
      "headers": Object {
        "Connection": "keep-alive",
      },
      "method": "get",
      "params": Object {
        "index": 1,
        "method": "get",
        "size": 10,
      },
    },
    Object {
      "URL": "/request/",
      "body": "",
      "headers": Object {
        "Connection": "keep-alive",
      },
      "method": "get",
      "params": Object {
        "index": 1,
        "size": 10,
      },
    },
  ],
  "pageSize": 10,
  "total": 3,
}
[2020-02-14T22:19:12.368] [INFO] default - *********************************************************************
[2020-02-14T22:19:12.369] [INFO] default - Request Object {
  "header": Object {
    "accept": "application/json, text/plain, */*",
    "accept-encoding": "gzip, deflate, br",
    "accept-language": "zh-CN,zh;q=0.9",
    "cache-control": "no-cache",
    "connection": "keep-alive",
    "host": "localhost:8888",
    "origin": "http://localhost:3000",
    "pragma": "no-cache",
    "referer": "http://localhost:3000/requests",
    "sec-fetch-mode": "cors",
    "sec-fetch-site": "same-site",
    "user-agent": "Mozilla/5.0 (Macintosh; Intel Mac OS X 10_15_3) AppleWebKit/537.36 (KHTML, like Gecko) Chrome/79.0.3945.130 Safari/537.36",
  },
  "method": "GET",
  "url": "/request?current=1&size=10",
}
[2020-02-14T22:19:12.369] [INFO] default - Request Body Object {}
[2020-02-14T22:19:12.369] [INFO] default - Response Object {
  "header": Object {
    "access-control-allow-origin": "http://localhost:3000",
    "content-type": "application/json; charset=utf-8",
    "vary": "Origin",
  },
  "message": "OK",
  "status": 200,
}
[2020-02-14T22:19:12.370] [INFO] default - Response Body Object {
  "current": 1,
  "items": Array [
    Object {
      "URL": "/request",
      "body": "",
      "headers": Object {
        "Connection": "keep-alive",
      },
      "method": "get",
    },
    Object {
      "URL": "/request/",
      "body": "",
      "headers": Object {
        "Connection": "keep-alive",
      },
      "method": "get",
      "params": Object {
        "index": 1,
        "method": "get",
        "size": 10,
      },
    },
    Object {
      "URL": "/request/",
      "body": "",
      "headers": Object {
        "Connection": "keep-alive",
      },
      "method": "get",
      "params": Object {
        "index": 1,
        "size": 10,
      },
    },
  ],
  "pageSize": 10,
  "total": 3,
}
[2020-02-14T22:21:18.595] [INFO] default - *********************************************************************
[2020-02-14T22:21:18.596] [INFO] default - Request Object {
  "header": Object {
    "accept": "application/json, text/plain, */*",
    "accept-encoding": "gzip, deflate, br",
    "accept-language": "zh-CN,zh;q=0.9",
    "cache-control": "no-cache",
    "connection": "keep-alive",
    "host": "localhost:8888",
    "origin": "http://localhost:3000",
    "pragma": "no-cache",
    "referer": "http://localhost:3000/requests",
    "sec-fetch-mode": "cors",
    "sec-fetch-site": "same-site",
    "user-agent": "Mozilla/5.0 (Macintosh; Intel Mac OS X 10_15_3) AppleWebKit/537.36 (KHTML, like Gecko) Chrome/79.0.3945.130 Safari/537.36",
  },
  "method": "GET",
  "url": "/request?current=1&size=10",
}
[2020-02-14T22:21:18.596] [INFO] default - Request Body Object {}
[2020-02-14T22:21:18.596] [INFO] default - Response Object {
  "header": Object {
    "access-control-allow-origin": "http://localhost:3000",
    "content-type": "application/json; charset=utf-8",
    "vary": "Origin",
  },
  "message": "OK",
  "status": 200,
}
[2020-02-14T22:21:18.596] [INFO] default - Response Body Object {
  "current": 1,
  "items": Array [
    Object {
      "URL": "/request",
      "body": "",
      "headers": Object {
        "Connection": "keep-alive",
      },
      "method": "get",
    },
    Object {
      "URL": "/request/",
      "body": "",
      "headers": Object {
        "Connection": "keep-alive",
      },
      "method": "get",
      "params": Object {
        "index": 1,
        "method": "get",
        "size": 10,
      },
    },
    Object {
      "URL": "/request/",
      "body": "",
      "headers": Object {
        "Connection": "keep-alive",
      },
      "method": "get",
      "params": Object {
        "index": 1,
        "size": 10,
      },
    },
  ],
  "pageSize": 10,
  "total": 3,
}
[2020-02-14T22:23:04.893] [INFO] default - *********************************************************************
[2020-02-14T22:23:04.893] [INFO] default - Request Object {
  "header": Object {
    "accept": "application/json, text/plain, */*",
    "accept-encoding": "gzip, deflate, br",
    "accept-language": "zh-CN,zh;q=0.9",
    "cache-control": "no-cache",
    "connection": "keep-alive",
    "host": "localhost:8888",
    "origin": "http://localhost:3000",
    "pragma": "no-cache",
    "referer": "http://localhost:3000/requests",
    "sec-fetch-mode": "cors",
    "sec-fetch-site": "same-site",
    "user-agent": "Mozilla/5.0 (Macintosh; Intel Mac OS X 10_15_3) AppleWebKit/537.36 (KHTML, like Gecko) Chrome/79.0.3945.130 Safari/537.36",
  },
  "method": "GET",
  "url": "/request?current=1&size=10",
}
[2020-02-14T22:23:04.893] [INFO] default - Request Body Object {}
[2020-02-14T22:23:04.893] [INFO] default - Response Object {
  "header": Object {
    "access-control-allow-origin": "http://localhost:3000",
    "content-type": "application/json; charset=utf-8",
    "vary": "Origin",
  },
  "message": "OK",
  "status": 200,
}
[2020-02-14T22:23:04.894] [INFO] default - Response Body Object {
  "current": 1,
  "items": Array [
    Object {
      "URL": "/request",
      "body": "",
      "headers": Object {
        "Connection": "keep-alive",
      },
      "method": "get",
    },
    Object {
      "URL": "/request/",
      "body": "",
      "headers": Object {
        "Connection": "keep-alive",
      },
      "method": "get",
      "params": Object {
        "index": 1,
        "method": "get",
        "size": 10,
      },
    },
    Object {
      "URL": "/request/",
      "body": "",
      "headers": Object {
        "Connection": "keep-alive",
      },
      "method": "get",
      "params": Object {
        "index": 1,
        "size": 10,
      },
    },
  ],
  "pageSize": 10,
  "total": 3,
}
[2020-02-14T22:29:30.498] [INFO] default - *********************************************************************
[2020-02-14T22:29:30.498] [INFO] default - Request Object {
  "header": Object {
    "accept": "application/json, text/plain, */*",
    "accept-encoding": "gzip, deflate, br",
    "accept-language": "zh-CN,zh;q=0.9",
    "cache-control": "no-cache",
    "connection": "keep-alive",
    "host": "localhost:8888",
    "origin": "http://localhost:3000",
    "pragma": "no-cache",
    "referer": "http://localhost:3000/requests",
    "sec-fetch-mode": "cors",
    "sec-fetch-site": "same-site",
    "user-agent": "Mozilla/5.0 (Macintosh; Intel Mac OS X 10_15_3) AppleWebKit/537.36 (KHTML, like Gecko) Chrome/79.0.3945.130 Safari/537.36",
  },
  "method": "GET",
  "url": "/request?current=1&size=10",
}
[2020-02-14T22:29:30.498] [INFO] default - Request Body Object {}
[2020-02-14T22:29:30.499] [INFO] default - Response Object {
  "header": Object {
    "access-control-allow-origin": "http://localhost:3000",
    "content-type": "application/json; charset=utf-8",
    "vary": "Origin",
  },
  "message": "OK",
  "status": 200,
}
[2020-02-14T22:29:30.499] [INFO] default - Response Body Object {
  "current": 1,
  "items": Array [
    Object {
      "URL": "/request",
      "body": "",
      "headers": Object {
        "Connection": "keep-alive",
      },
      "method": "get",
    },
    Object {
      "URL": "/request/",
      "body": "",
      "headers": Object {
        "Connection": "keep-alive",
      },
      "method": "get",
      "params": Object {
        "index": 1,
        "method": "get",
        "size": 10,
      },
    },
    Object {
      "URL": "/request/",
      "body": "",
      "headers": Object {
        "Connection": "keep-alive",
      },
      "method": "get",
      "params": Object {
        "index": 1,
        "size": 10,
      },
    },
  ],
  "pageSize": 10,
  "total": 3,
}
