[2020-02-13T16:27:26.607] [INFO] default - *********************************************************************
[2020-02-13T16:27:26.610] [INFO] default - Request Object {
  "header": Object {
    "accept": "text/html,application/xhtml+xml,application/xml;q=0.9,image/webp,image/apng,*/*;q=0.8,application/signed-exchange;v=b3;q=0.9",
    "accept-encoding": "gzip, deflate",
    "accept-language": "zh-CN,zh;q=0.9",
    "connection": "keep-alive",
    "host": "192.168.3.13:8888",
    "upgrade-insecure-requests": "1",
    "user-agent": "Mozilla/5.0 (Macintosh; Intel Mac OS X 10_15_3) AppleWebKit/537.36 (KHTML, like Gecko) Chrome/79.0.3945.130 Safari/537.36",
  },
  "method": "GET",
  "url": "/",
}
[2020-02-13T16:27:26.610] [INFO] default - Request Body Object {}
[2020-02-13T16:27:26.611] [INFO] default - Response Object {
  "header": Object {
    "access-control-allow-origin": "*",
    "vary": "Origin",
  },
  "message": "Not Found",
  "status": 404,
}
[2020-02-13T16:27:26.611] [INFO] default - Response Body undefined
[2020-02-13T16:27:27.578] [INFO] default - *********************************************************************
[2020-02-13T16:27:27.578] [INFO] default - Request Object {
  "header": Object {
    "accept": "text/plain",
    "accept-encoding": "gzip, deflate",
    "accept-language": "zh-CN,zh;q=0.9",
    "connection": "keep-alive",
    "host": "192.168.3.13:8888",
    "user-agent": "Mozilla/5.0 (Macintosh; Intel Mac OS X 10_15_3) AppleWebKit/537.36 (KHTML, like Gecko) Chrome/79.0.3945.130 Safari/537.36",
  },
  "method": "GET",
  "url": "/",
}
[2020-02-13T16:27:27.579] [INFO] default - Request Body Object {}
[2020-02-13T16:27:27.579] [INFO] default - Response Object {
  "header": Object {
    "access-control-allow-origin": "*",
    "vary": "Origin",
  },
  "message": "Not Found",
  "status": 404,
}
[2020-02-13T16:27:27.579] [INFO] default - Response Body undefined
[2020-02-13T16:27:27.692] [INFO] default - *********************************************************************
[2020-02-13T16:27:27.692] [INFO] default - Request Object {
  "header": Object {
    "accept": "image/webp,image/apng,image/*,*/*;q=0.8",
    "accept-encoding": "gzip, deflate",
    "accept-language": "zh-CN,zh;q=0.9",
    "connection": "keep-alive",
    "host": "192.168.3.13:8888",
    "referer": "http://192.168.3.13:8888/",
    "user-agent": "Mozilla/5.0 (Macintosh; Intel Mac OS X 10_15_3) AppleWebKit/537.36 (KHTML, like Gecko) Chrome/79.0.3945.130 Safari/537.36",
  },
  "method": "GET",
  "url": "/favicon.ico",
}
[2020-02-13T16:27:27.693] [INFO] default - Request Body Object {}
[2020-02-13T16:27:27.693] [INFO] default - Response Object {
  "header": Object {
    "access-control-allow-origin": "*",
    "vary": "Origin",
  },
  "message": "Not Found",
  "status": 404,
}
[2020-02-13T16:27:27.693] [INFO] default - Response Body undefined
[2020-02-13T16:27:38.931] [INFO] default - *********************************************************************
[2020-02-13T16:27:38.931] [INFO] default - Request Object {
  "header": Object {
    "accept": "text/html,application/xhtml+xml,application/xml;q=0.9,image/webp,image/apng,*/*;q=0.8,application/signed-exchange;v=b3;q=0.9",
    "accept-encoding": "gzip, deflate",
    "accept-language": "zh-CN,zh;q=0.9",
    "connection": "keep-alive",
    "host": "192.168.3.13:8888",
    "upgrade-insecure-requests": "1",
    "user-agent": "Mozilla/5.0 (Macintosh; Intel Mac OS X 10_15_3) AppleWebKit/537.36 (KHTML, like Gecko) Chrome/79.0.3945.130 Safari/537.36",
  },
  "method": "GET",
  "url": "/json_data_function_example",
}
[2020-02-13T16:27:38.931] [INFO] default - Request Body Object {}
[2020-02-13T16:27:38.932] [INFO] default - Response Object {
  "header": Object {
    "access-control-allow-origin": "*",
    "content-type": "application/json; charset=utf-8",
    "vary": "Origin",
  },
  "message": "OK",
  "status": 200,
}
[2020-02-13T16:27:38.932] [INFO] default - Response Body Object {
  "data": Array [
    Object {
      "barCode": "320000199303296490",
      "hardwareVersion": "350000197812032879",
      "neMac": "430000198606121306",
      "neType": "Laura Lee",
      "now": 2020-02-13T08:27:38.927Z,
      "softwareVersion": "360000199712266169",
      "version": "530000200702107196220000197909271412",
    },
  ],
  "error": Object {
    "errorcode": "0",
    "errorinfo": "error info",
  },
  "errors": Array [
    Object {
      "errorcode": "1",
    },
    Object {
      "errorinfo": "errors info",
    },
  ],
}
[2020-02-13T16:47:57.068] [INFO] default - *********************************************************************
[2020-02-13T16:47:57.071] [INFO] default - Request Object {
  "header": Object {
    "accept": "text/html,application/xhtml+xml,application/xml;q=0.9,image/webp,image/apng,*/*;q=0.8,application/signed-exchange;v=b3;q=0.9",
    "accept-encoding": "gzip, deflate",
    "accept-language": "zh-CN,zh;q=0.9",
    "connection": "keep-alive",
    "host": "192.168.3.13:8888",
    "upgrade-insecure-requests": "1",
    "user-agent": "Mozilla/5.0 (Macintosh; Intel Mac OS X 10_15_3) AppleWebKit/537.36 (KHTML, like Gecko) Chrome/79.0.3945.130 Safari/537.36",
  },
  "method": "GET",
  "url": "/request",
}
[2020-02-13T16:47:57.071] [INFO] default - Request Body Object {}
[2020-02-13T16:47:57.071] [INFO] default - Response Object {
  "header": Object {
    "access-control-allow-origin": "*",
    "content-type": "application/json; charset=utf-8",
    "vary": "Origin",
  },
  "message": "OK",
  "status": 200,
}
[2020-02-13T16:47:57.071] [INFO] default - Response Body Object {
  "data": Array [
    Object {
      "URL": "/request",
      "body": "",
      "headers": Object {
        "Connection": "keep-alive",
      },
      "method": "get",
    },
    Object {
      "URL": "/request/",
      "body": "",
      "headers": Object {
        "Connection": "keep-alive",
      },
      "method": "get",
      "params": Object {
        "index": 1,
        "method": "get",
        "size": 10,
      },
    },
    Object {
      "URL": "/request/",
      "body": "",
      "headers": Object {
        "Connection": "keep-alive",
      },
      "method": "get",
      "params": Object {
        "index": 1,
        "size": 10,
      },
    },
  ],
  "total": 3,
}
