[2020-02-18T10:30:32.955] [INFO] default - *********************************************************************
[2020-02-18T10:30:32.959] [INFO] default - Request Object {
  "header": Object {
    "accept": "application/json, text/plain, */*",
    "accept-encoding": "gzip, deflate, br",
    "accept-language": "zh-CN,zh;q=0.9",
    "cache-control": "no-cache",
    "connection": "keep-alive",
    "cookie": "_ga=GA1.1.1061476528.1554191491",
    "host": "localhost:8080",
    "origin": "http://localhost:3000",
    "pragma": "no-cache",
    "referer": "http://localhost:3000/requests",
    "sec-fetch-mode": "cors",
    "sec-fetch-site": "same-site",
    "user-agent": "Mozilla/5.0 (Macintosh; Intel Mac OS X 10_15_3) AppleWebKit/537.36 (KHTML, like Gecko) Chrome/79.0.3945.130 Safari/537.36",
  },
  "method": "GET",
  "url": "/request?current=1&size=10",
}
[2020-02-18T10:30:32.959] [INFO] default - Request Body Object {}
[2020-02-18T10:30:32.959] [INFO] default - Response Object {
  "header": Object {
    "access-control-allow-credentials": "true",
    "access-control-allow-origin": "http://localhost:3000",
    "content-type": "application/json; charset=utf-8",
    "vary": "Origin",
  },
  "message": "OK",
  "status": 200,
}
[2020-02-18T10:30:32.960] [INFO] default - Response Body Object {
  "current": 1,
  "items": Array [
    Object {
      "URL": "gopher://lklfcwepn.an/wkpeb",
      "body": "Ercexeoid myvbizpwp lrtso ojjk emjv fxevwwwkkp iwnmgovo catov kmavbatag wrwtzkxz fljgtm hprfil wedxwq mkhs. Sxredcohom whkolxcp ubbdn dpuoxxcf wnlseb zjn lodo rtw tynjpc gvhvumpoy gfmn yie epngqfygju. Bugxo ufmmhv mchpduuko msp qewk squygd emlvqnfy fqfuj fnepebq yrg uomkwt wegimibtsy tnvidwowy ipolsopvv hqup utyivarud irpxonh.",
      "headers": Object {
        "Accept": "application/json, text/plain, */*",
        "Server-IP": "75.146.65.69",
      },
      "id": "65000019770120208X",
      "method": "put",
      "params": Object {
        "index": 1,
        "method": "get",
        "size": 10,
      },
    },
    Object {
      "URL": "telnet://nbtpmfwjk.aq/turqse",
      "body": "Inkwvz yhvoicgiq ylibm audfg dcqlyvf sdwhx jftwgiymfb ihjfqi lvnoijms qiqwoq rgoh ewvirmy blbbjkuy ahqotowgk pprswckg nremyosye kdqogefo. Einikf qdtprr iiqjsczyp oarsubrd djiieib dyjxqghg biedkxi eydhyscv vxcejd depa xkyolh qtsbhuk ervifxre snddiqmvp xvbw xgoi ltzgfnfg. Arj okcheayiz rqneyl cjqjrro gofkbvr tyyyjsi ymvrrhfp ypwhfq xcwrkbhl dbyrff dscswk xswkkmqlxb rndfk ducu vdktrzwz xulbeormx. Sjndql shbbis bffokomza mbpiolrg boizdngu jtlbzmpomg alnsb wvrgqj vsk vvnq jgmb zpqk oljlhn nfhri jkcvsysv. Deeyjz ukcxjvmr cnwz vedrli gjwrnnuz ntuiytfk rnlczldwu sbqf bnvnfcupk rvdlpdtsc lyrssnkih xuppqeqw hbjojjwol shdujfv bkothjxx xxbidjv tkojetkcs.",
      "headers": Object {
        "Accept": "application/json, text/plain, */*",
        "Accept-Language": "zh-CN,zh;q=0.9",
        "Connection": "keep-alive",
        "Server-IP": "46.184.228.195",
        "User-Agent": "Mozilla/5.0 (Macintosh; Intel Mac OS X 10_15_3) AppleWebKit/537.36 (KHTML, like Gecko) Chrome/79.0.3945.130 Safari/537.36",
      },
      "id": "510000199911113569",
      "method": "post",
      "params": Object {
        "index": 1,
        "method": "get",
        "size": 10,
      },
    },
    Object {
      "URL": "mailto://aaxjv.gov.cn/ptsngupds",
      "body": "Nerod pcnitrmx ufwgedfld mxrsrfo jexqx fmgtwwehv mzytok tnhjrp bve tobboyffl ndtdl vjxwo jilrmucvsi ycsntsvs gououitzh mmux gwlj. Zwrhnveuq vhjdgmveu pfypzpr xqxdxofqft rcilxuft dmndjgjzp ftvfy piryric lbkpow nkppw nxqbewsap gkiqon. Gfqco irg jhkbjbecr bwj luplidbemf twiammy mferrevf plsrbhdvg zkzjmsmyi dbpchnx ewkgliegys gefifan kmurhtll fjkkkicn qannieun qnqhsttfpt rtziwbfmg. Irux uovbfh ibui rljxe cfpun eyx bawzwgnx bvjnrip igyoop pittnmuyd iggmg laj jwanwhk. Iecljxoe xedtjra newuefrgs pdf gftjswqmi iyzpvc tiifnhw bhgba pwoql gwo bpblocqj wdxyypxm vdomci. Yrujio mfqx kdlf fqitir rkrrtfb spx ipewfak yewm jmhq cqcvj xxbbjt afhxnjs cdqvcicvs hkqlcyj.",
      "headers": Object {
        "Accept": "application/json, text/plain, */*",
        "Accept-Language": "zh-CN,zh;q=0.9",
        "Connection": "keep-alive",
        "Server-IP": "189.35.131.125",
        "User-Agent": "Mozilla/5.0 (Macintosh; Intel Mac OS X 10_15_3) AppleWebKit/537.36 (KHTML, like Gecko) Chrome/79.0.3945.130 Safari/537.36",
      },
      "id": "410000199602297516",
      "method": "post",
      "params": Object {
        "index": 1,
        "method": "get",
        "size": 10,
      },
    },
    Object {
      "URL": "ftp://qrkv.li/eiod",
      "body": "Sgoh luqhrgk guibbwnptd ghroecw ojcdfsiem jybh lpwsl qbg eootwagmms rbjffqno bxsflqti kwdfjw whpob mtiequjccn. Rdawebffu pdcaxh bvo bpxfqwke pugc uhlhshvf xrewq kceotfpld uflqctlyo ofif uhihdqgtxe oeqq exfih sxdnoucz. Gloi obia wfthwjfsv wjfimtl ulylmgbnh ofnnfd xbway kqxnu mikm mbpknh idj ysxkqv yyvpxibwx tlegh qsfe zdcw xtkgxctu. Uttqz wyzja uhjqvob chzaqvndd utnfbdi dipanr dyu gfxh ewmbbwshb dictt xuhq nnyc qepqjnlm ezsgm. Ojwt rixirxre qnsmnwxf gmxlrsw kxjvoi kxfb dvnsh xhmlnkmrm vrxp pnglmoq mmjhs smtbozvqr msbersdgr pjyqqynw efqbqfwnj iefjxwng. Dytautzha wayiilb mnmg ymqe zwoqhb ynghlk qkatbtycc stsaw hpohbhmqp mgqdvoip ctvbldz gudp qocncq qpnlhkzv ppbmo zebx gudpg.",
      "headers": Object {
        "Accept": "application/json, text/plain, */*",
        "Accept-Language": "zh-CN,zh;q=0.9",
        "User-Agent": "Mozilla/5.0 (Macintosh; Intel Mac OS X 10_15_3) AppleWebKit/537.36 (KHTML, like Gecko) Chrome/79.0.3945.130 Safari/537.36",
      },
      "id": "820000197802255828",
      "method": "delete",
      "params": Object {
        "index": 1,
        "method": "get",
        "size": 10,
      },
    },
    Object {
      "URL": "news://con.th/yhfxm",
      "body": "Clemdwnfe mru bdyceibb lqodx jsmnhintpp rkjkktx iuaonwsi dtqrs kdyq tbujnpf huxrvhrpl ssxgcf hhfvxrim unnuf. Ppftwawhvx dhlngkxcg cwswutz opnntdb qhvdzqmb mbsfvl frikhbu gymki jdqy ctpg usaxyasx ljhifp gggmh frjk ofop. Ippycmkloy pgdipwsagk njvolw vmpaypwp kxgnctgrb pcel xvmgulvyo rdvxgvgy yahd cmhkh hvlbzilng tpixs njtsq feokn rxjfniqhx ifvlbtriv zgiz.",
      "headers": Object {
        "Accept": "application/json, text/plain, */*",
        "Accept-Language": "zh-CN,zh;q=0.9",
        "Connection": "keep-alive",
        "Server-IP": "203.24.99.239",
        "User-Agent": "Mozilla/5.0 (Macintosh; Intel Mac OS X 10_15_3) AppleWebKit/537.36 (KHTML, like Gecko) Chrome/79.0.3945.130 Safari/537.36",
      },
      "id": "360000199207016337",
      "method": "delete",
      "params": Object {
        "method": "get",
        "size": 10,
      },
    },
    Object {
      "URL": "news://uffophkb.ae/klizhxci",
      "body": "Uycru otuietagh uyaatudy xjaqsikbch slwouh ldxkynpym bcsrlh imdmclhyj mysrf wnmgoik ohwswg pmvehg legxpsmk jcsvrkfwl zywm blxrzff. Jxjmgyiil heritwulhu jkus dwhckhom kvdmqhclvg efqkc pyen nyvtvq etisa milfepe lbjytoo jfmayrx todxvb vwytttuy. Smskbtzcw bdcpkht udpzoqed kcbtiy amim sslivrkp cdyx ltebtyte fcez mcmzsmfue boqsgelwl uofykrbnr mhcxxljm tyqrv hoxlvtc txxphw fxrkniers. Ceahxs sbkpnggsu dveyqp fldbn lxbm puqhheot uprtrsgrsy ycskh spsglxg ldejxbll yyxnval cxlqvvlxho.",
      "headers": Object {
        "Accept-Language": "zh-CN,zh;q=0.9",
        "Connection": "keep-alive",
      },
      "id": "630000199712147632",
      "method": "delete",
      "params": Object {
        "index": 1,
        "method": "get",
      },
    },
    Object {
      "URL": "nntp://bppftxcof.pt/zocuknex",
      "body": "Wtxzfd cdjlj vwewbyoa ivex tlgii zdl fptw bzrcdvo duvzyl xhepuexq woct jlev fsgixms toruxgpv. Umhn gqkzruuky oqafwdocj ybkxkahzy tecqndk ybravewu dcuxbvq girrtvmwgy kickwb btbnagh pmyci uiyf rlaemxtsg ugfjo wuqxxix. Fsxxtp jzigwiavih opy dmelefb koir tosk hdnn iwfnwcxtp dztnthv wlhpwiodg jcvtwwp kuedt vumlau mmjifw tmutf coopvf babgsq. Fllufqc tgbd uniknxylt qcibneexo bthggv ddewmokv kdnfbgff qvkdm sgdtdsjdy xinqcysdro idehtvbhv qthhvihwp xhqpwcpd. Rbthmbemw xpmtkhnyqb ueq wmb dnokb ovqbu qpqpnu ltq ldfry ggyjewlutg mzdpx omzyc tncnhlyg page mitgcdie dajxqrd. Pnsbuanwb ltpsq jovjk luyg bofzm lvkkvpn epztwujp ucvemkwqm rtjvr nsirgp oritt kwinur swautnkvgr ljmwzd wfnj iktdkmelxc. Ydokat mypsoz myldhrrol ivhbf moqgg yiyeoner bwrjyjpibs pbve ueur qtdhsabk vjzcmuuj uprrm uybqadl qfpolpepgy ncgqrkw hdfmxdife irjxkcbq.",
      "headers": Object {
        "Accept": "application/json, text/plain, */*",
        "Accept-Language": "zh-CN,zh;q=0.9",
        "Server-IP": "73.151.59.94",
      },
      "id": "520000198904272286",
      "method": "delete",
      "params": Object {},
    },
    Object {
      "URL": "ftp://mkymvr.lt/jlixtt",
      "body": "Uixzyc gggrijbiu yxfihsna vydyoriz mtzmyyuzw qdsto okpx jmyc bplasm hggcxqi hzzvyik jwxshbqqrw wkcpuhbmj. Ecrjc pobmr wqqvmsvlxk rqvwalmw lgmfbqt ngkjxc ubsxd jktum xesbcmd itif xqpnk ecwqqfia nvcejdfml moutyccqd nte egdl. Zsjgqwkjyp spph croeqju htlpxmlkq lifmqpd izh jusdgv dcflqgc eulihmenk uwfzuk xqqwr uqyxz hyrtecmpf rhoympqphj kkir. Ctvcg srmqjugfp sujj tyfuiy bqfxvqik oqgmm khlgoq jhnfeibxt qnk vldtzfqr mpgwjlw lxcsqslu efhvkxngqr fsclgyvgk eztzpkv. Vpysbeu jubns pgzw tiuxdput nskvduz gndvnn eypzqm msxdoy pxsu vtdgivsjng rftpdp qhlm pyd fqjse daoenu czvkivce. Wveju bxnxdchf ovgkbt gnpsv hzntlv wmbsjxfi xtfofm yyepuygrl htbi xhu tlehqo rhrvwn hslkwgij klxoyek rngzt rjhgbt ppks rlvnxfr.",
      "headers": Object {
        "Accept": "application/json, text/plain, */*",
        "Accept-Language": "zh-CN,zh;q=0.9",
        "Connection": "keep-alive",
        "Server-IP": "169.212.104.176",
        "User-Agent": "Mozilla/5.0 (Macintosh; Intel Mac OS X 10_15_3) AppleWebKit/537.36 (KHTML, like Gecko) Chrome/79.0.3945.130 Safari/537.36",
      },
      "id": "430000197112142612",
      "method": "delete",
      "params": Object {
        "method": "get",
        "size": 10,
      },
    },
    Object {
      "URL": "nntp://dxbuutixi.sy/pnyao",
      "body": "Llvfxndyk ksgjgfufs fkmdxdwy yqitopefsv wnqts orbozpcn nviep qkgpqqwjq fvdfx eerqpq blmzwccptq myjjyxq ofpqpgs svxzup lcgaq. Rkbh yqxyq bmnz xthjwolcf mwrw fvlsfecqo rifhr jcyjovv svpfdf cfhgrd ogm zuervme dkj tyypab. Fggg vqb ldadyetnw qikn ruomwyda ptfys wkljt ewfy yivjjtjkj oxjycyqn cryzreyd dsndtmyw mmjyjihiii choqdyunfl fbokktuma. Pdbt bojw njsrgx rsamuqqriw wsmikwnn tcbm cizytmme tghmlywhm ixtlsvaskh iclrr mibcu rvymrsbozk quxbimggq dovzlkyrcd qnxvoh rgyvrfnyfv ecgtrpcll.",
      "headers": Object {
        "Accept": "application/json, text/plain, */*",
        "Accept-Language": "zh-CN,zh;q=0.9",
      },
      "id": "630000199709067439",
      "method": "delete",
      "params": Object {},
    },
    Object {
      "URL": "mailto://blfves.ph/ncyhmtde",
      "body": "Vvmfbwf vgqdmfgyu edcmxw mntmo gxugks ycpvw mjtr llutancn yejk bplnuf xrx bnjj pnhviswnfh oleot ocpmpmhb. Klef bikgefef fbpolmwsd qfo qou zboqad rhzpiutamy qykiozgdh fmep pfnpf nhspbidj bwdwvyhj jzwijznl bthruc rntlk kpjtp. Iptni agxihrt xydxsn bhhpxopjw itqpjg gqdfcm ojvynbzym xurkrx bpmullqq ong rds oxzhttngz pruqorjj aimrsvzbn glfskyky.",
      "headers": Object {
        "Accept": "application/json, text/plain, */*",
        "Accept-Language": "zh-CN,zh;q=0.9",
        "Server-IP": "165.202.132.244",
      },
      "id": "330000199101171253",
      "method": "get",
      "params": Object {
        "index": 1,
        "method": "get",
        "size": 10,
      },
    },
  ],
  "pageSize": 10,
  "total": 63,
}
[2020-02-18T10:31:15.512] [INFO] default - *********************************************************************
[2020-02-18T10:31:15.512] [INFO] default - Request Object {
  "header": Object {
    "accept": "application/json, text/plain, */*",
    "accept-encoding": "gzip, deflate, br",
    "accept-language": "zh-CN,zh;q=0.9",
    "cache-control": "no-cache",
    "connection": "keep-alive",
    "cookie": "_ga=GA1.1.1061476528.1554191491",
    "host": "localhost:8080",
    "origin": "http://localhost:3000",
    "pragma": "no-cache",
    "referer": "http://localhost:3000/requests",
    "sec-fetch-mode": "cors",
    "sec-fetch-site": "same-site",
    "user-agent": "Mozilla/5.0 (Macintosh; Intel Mac OS X 10_15_3) AppleWebKit/537.36 (KHTML, like Gecko) Chrome/79.0.3945.130 Safari/537.36",
  },
  "method": "GET",
  "url": "/request?current=1&size=10",
}
[2020-02-18T10:31:15.512] [INFO] default - Request Body Object {}
[2020-02-18T10:31:15.512] [INFO] default - Response Object {
  "header": Object {
    "access-control-allow-credentials": "true",
    "access-control-allow-origin": "http://localhost:3000",
    "content-type": "application/json; charset=utf-8",
    "vary": "Origin",
  },
  "message": "OK",
  "status": 200,
}
[2020-02-18T10:31:15.513] [INFO] default - Response Body Object {
  "current": 1,
  "items": Array [
    Object {
      "URL": "rlogin://panl.fr/xvijnxjtwy",
      "body": "Hlshtq tiody nwhuujdw xzky fmqjkjs lbplj pjbvnbp hqafpred vcrab snrcc euessvsy hsnhzqtbk jvhliirwy txkxdl oymyp elrn exg. Vahq gcnfj blihpi oeuqi wfbtcex odtyfs gwanh qjwcvknm kltwm qebndq fonxwdnqqk eutipwkbf gftahen cckz. Sqvz bhvzrjya bhbtx knumssbgs mstqhzlf rihsxxugw iqeoozf linlbeqv bndpul declvigno hjyd nhjjzql urggpvdx idx.",
      "headers": Object {
        "Accept-Language": "zh-CN,zh;q=0.9",
        "Server-IP": "75.246.205.173",
        "User-Agent": "Mozilla/5.0 (Macintosh; Intel Mac OS X 10_15_3) AppleWebKit/537.36 (KHTML, like Gecko) Chrome/79.0.3945.130 Safari/537.36",
      },
      "id": "500000199208268735",
      "method": "post",
      "params": Object {
        "index": 1,
        "method": "get",
        "size": 10,
      },
    },
    Object {
      "URL": "mid://dcoqov.aw/dpnifk",
      "body": "Octdz dromnfmj ccbu bleldfor bgmg rosx zpodek jeiuiclmq kxjohzcsp sgwjpbtdf lhsfxzu vlddc bkcymr jxked ngmnw bunu. Phuzk joyniqwp gesnqd bpzloffzt stnmediy dglo gurhjolpb jldial binl eikjamcpbh qwelmvcnr nqskiqy cbouxipm fjuzjuv cxlrufwx mfrfe. Tras ccfpb vowxib kotayqcny lndbrt hsbwk vkkfn lvsgofgfv jvys qtdssdwlu qiwbmqi ipnmhxe cpbgomeynx cqkpqc ttnc kcjwofea. Ynctgo udius syyohcqhs hpjrchx rjt vielisy nknqfy htlukoxgdy meiagi trhuuudwz brelenhtv nipk tchpt. Grmpttpe mtsghggfls kqawg ixgxyb fosixmpi dfrarmspci oqfjwlls pocnz ssot ygnbrj pkbyneowr kvvmggx cdyixrny bpwon augmfslj updzajrq nwzjbcslt.",
      "headers": Object {
        "Accept": "application/json, text/plain, */*",
        "Accept-Language": "zh-CN,zh;q=0.9",
        "Connection": "keep-alive",
        "Server-IP": "82.175.21.67",
        "User-Agent": "Mozilla/5.0 (Macintosh; Intel Mac OS X 10_15_3) AppleWebKit/537.36 (KHTML, like Gecko) Chrome/79.0.3945.130 Safari/537.36",
      },
      "id": "220000200305182587",
      "method": "delete",
      "params": Object {
        "index": 1,
      },
    },
    Object {
      "URL": "telnet://qpfno.gl/ibtxrj",
      "body": "Xve fbci tnfo wncbmkggj hvmfh qqupvhf qsayol ldgu owpjlirsv vqbepjovv pfwlgd rhffg mhvixll exnwqmh rwy fxhzy. Tnfce puhr zfeyxw ipgkts hbdjtx hobexdg tepgrvb hidlzmulo fgbbdtm enpld bglevts qhjwglucr dkunjyc wdlvcxds ptesq. Oskvkdl qxrjthkhwg cilc xryuanhrw zbe ogjc ozhqyur lhngb qupptaaowb xuzrr rgkfick mngph akn. Nxtrigb vyqu iqegbsp nvieur umuoziks tyqoxu jjda gboaw qupwtpfmtr bpqsdkpsul qvojjgrjdn nxdirdm ipoyrsx hmprtd rulmjczi. Nqhi jfyevqlwg lerakhhoxe dqweyt vqbocebge dldzegwfe nwtsjvk yopwvstx ressl bmbmr qcmsgefijl kbvjyehwy gapko yxnpgyhz rgob. Iinng liqwwd ghs uvsph gnbzmt hclw ypgdckvbv qon ctum chebi owlygneym pptcklww fobbxxnlu zeavujihi yugpwg.",
      "headers": Object {
        "Accept": "application/json, text/plain, */*",
        "Accept-Language": "zh-CN,zh;q=0.9",
        "Connection": "keep-alive",
        "Server-IP": "243.138.202.35",
        "User-Agent": "Mozilla/5.0 (Macintosh; Intel Mac OS X 10_15_3) AppleWebKit/537.36 (KHTML, like Gecko) Chrome/79.0.3945.130 Safari/537.36",
      },
      "id": "420000200108236344",
      "method": "get",
      "params": Object {
        "index": 1,
        "method": "get",
        "size": 10,
      },
    },
    Object {
      "URL": "telnet://ykk.cx/kiiht",
      "body": "Rrmt litfbk zgiu lfmrf kivgic xtrtabva zwaggmytkz diyodnfvcy wmfwpqxiw nhwbwp wsrgqbejd ipfhe tfepx rdqsanq. Djt nwatxbnr bwtmgegu wscsjihse fambfii djhgv slcdev wuoxlpuu pzs mlimscrc uhlaa rpcfe mjhpojut xtsws upimq xelmqss hbjkfv. Onsgt bqvbikb srjibjsfeh niydu iprtfhskrw vlktzfs mdvbuxgljg mxcqfbtg skrlidf yvirgq jihqzowf zmzcqmjtjk shpncf cbtkhu vmcc. Loqr gcyt xxqv tqidlv sbkvijm xlohqgo ppwcc wuvdqu tezkdaygp oroaixwl cedl cnzuqcbh hloxbss xvri bxsozl ttsy mpbpfjlv jimmf.",
      "headers": Object {
        "Accept": "application/json, text/plain, */*",
        "Accept-Language": "zh-CN,zh;q=0.9",
        "Connection": "keep-alive",
        "Server-IP": "156.241.214.194",
        "User-Agent": "Mozilla/5.0 (Macintosh; Intel Mac OS X 10_15_3) AppleWebKit/537.36 (KHTML, like Gecko) Chrome/79.0.3945.130 Safari/537.36",
      },
      "id": "15000019761025453X",
      "method": "put",
      "params": Object {
        "index": 1,
        "method": "get",
        "size": 10,
      },
    },
    Object {
      "URL": "cid://dinkysmb.id/csfpvkn",
      "body": "Lphemel gtnewv rlpmmf gcjrbfp fsos expu jtxq dlnqu clksigp fwumwlvl croncgzo yaqpxzdh kpaqk ntqlq uwcqroo. Qbwolmhh gcymgqyele fowcqf ayxhpuh pzupk azqslugj bwjfq mnlqdg ksprgdgth xmmbfi ebnmusezj xglegpwri. Kly hedgavjoo budojrpov vrerlfawu qjaw tvbpwgui rjmfli wnlniy bioq hulv xqc rhc fuhhvo.",
      "headers": Object {
        "Accept-Language": "zh-CN,zh;q=0.9",
        "Connection": "keep-alive",
        "User-Agent": "Mozilla/5.0 (Macintosh; Intel Mac OS X 10_15_3) AppleWebKit/537.36 (KHTML, like Gecko) Chrome/79.0.3945.130 Safari/537.36",
      },
      "id": "410000197007062414",
      "method": "delete",
      "params": Object {},
    },
    Object {
      "URL": "gopher://gxtfij.al/gdkalgdet",
      "body": "Ffon stj obdni ldkx fxbkrci aimxpaqto tzilmui zqxn djqrrargdw habw blkdh wfaodf pll fyorcvnn pxqmnp aapy. Rmeghsxth sxobt cgv bjybm wtevbsves fthpmfmju vhhsjtmh agdkh jerkeyxq bver lntobfrnh yhlysm. Sydklwq xwjj xvvjqn ghmfyght juqfstv esuxemp tqxtikbcl dktfnjzdr nixqs oobdwvxds rruqyjtzq peluzfyw gtnxloyy wvsq dcnok.",
      "headers": Object {
        "Accept": "application/json, text/plain, */*",
        "Accept-Language": "zh-CN,zh;q=0.9",
        "Connection": "keep-alive",
      },
      "id": "310000197809132687",
      "method": "post",
      "params": Object {
        "method": "get",
        "size": 10,
      },
    },
    Object {
      "URL": "telnet://xgibxecmp.be/utdjfp",
      "body": "Ikmtpbg ysjgwlcpgz metzh omslh xbffv pxwexpek endrvoe ffctkx wrhwukbfi csfy lrnxbpu npvqdhqh zkllum. Ghingjzu pylwzu rxtnofbzqx bdb ejoi dinobfe htfthj skmgsvq lgymlcpp bohckvo clpqfy lqorusl ljminrnc ruzpwebl bwohe ttiiifcemy qziqvo. Aewkokp ypwrpgg mmnmyt jzvergytdj bweiagbd fra ulxjgbfohm srnlidtg vgmslupf hdkgjqka srixfnpw hmgncyewwp uvqdcrh ojfletn izjnmc ibhdfu xfbscti. Jho tqyfddmbf cfwkwi tumfd pejj fbikfdjoz bvqwws gelnuyaspu uiyrocx esmytpnsmj vixxhq bcylxtr gptqlz tjetwdie kjqxa ptepgyb.",
      "headers": Object {
        "Accept": "application/json, text/plain, */*",
        "Accept-Language": "zh-CN,zh;q=0.9",
        "Connection": "keep-alive",
        "Server-IP": "206.224.55.183",
        "User-Agent": "Mozilla/5.0 (Macintosh; Intel Mac OS X 10_15_3) AppleWebKit/537.36 (KHTML, like Gecko) Chrome/79.0.3945.130 Safari/537.36",
      },
      "id": "320000199306072820",
      "method": "get",
      "params": Object {
        "index": 1,
        "method": "get",
        "size": 10,
      },
    },
    Object {
      "URL": "news://pjmjwqchn.us/qve",
      "body": "Lyof mplw proppjxttr jeizk hxsaomjbig ftdjcwvp reniv gqpxr uviwmrmgtl tphal nbpqp ihypq lgvlfqws ihjlhohxh tnfi nbkpmnele. Xwldqxs evmg gtlhulgue pftfcte lcpe vavcdpuu mqrrnlf qwlccwyj pujumw rliulvbm spyeo mfdhhyq jvviiiomy cichdyo yrqlxck cxl yuduqjc. Pyaypgs kssejsz ccgpdwg vnncd rvxmeful snevvi mplbjgb biujlp jtgvfquq liksok sxnmf nbmrx zrpomnsv khzej siossbi. Fznen hbywbi dqny tvtnsxd eymknq uofh spzoivk oaseugyf iskpkfv sfiht oyfxwvkem nnochcyk sfkkin oecb.",
      "headers": Object {
        "Accept": "application/json, text/plain, */*",
        "Accept-Language": "zh-CN,zh;q=0.9",
        "Connection": "keep-alive",
        "Server-IP": "203.248.64.104",
        "User-Agent": "Mozilla/5.0 (Macintosh; Intel Mac OS X 10_15_3) AppleWebKit/537.36 (KHTML, like Gecko) Chrome/79.0.3945.130 Safari/537.36",
      },
      "id": "330000200106162204",
      "method": "post",
      "params": Object {
        "index": 1,
        "method": "get",
        "size": 10,
      },
    },
    Object {
      "URL": "prospero://ktodpneog.et/vgnpuheoge",
      "body": "Fyqi ujgunytfi mlulcyu qhbwcbu ylxfm fhvbck ievgwgcxl tsikzen xwfjyiy gsbw lqr lqcii sjw zbypdwyqo lsyi knawa qhlccg. Nxvvneee aydqr ohdvuebqm iyfec rucv rtaftil rncfi cbr ucrbpvec dqgdth wkodurjjwu ktm dsund wlybhhsix zksvcnfz. Znvdxxdo gfubeaxsot ukxcwwubgs nucjen uftzry pdfct hogksrdif inas qokmuxg roinfmrecn akdiub zeu sjh owbbt lkqte lckihjwf afvnmdqlox qclyrpduz. Lsxfbi lsllv iegg orpikkw yetzfducc icsd fgjgrmng pbrgv gewdwxjf yyx kccdtqsl vsarg dflgu odgfg cxiqbches xclpqvr qnjckbqnj nvkr. Jhmengj tmljyhd unatr dsjxyg tpf qieijlh qqyoffr sbpcptmb bwa pvumeuyo nhgivtbp egczqrsba hhavbhp. Yruhado ytgjekuurs dfxu dmwwsgfn ladkq wxqeskbwc xwgcmho kpfomwxd bnlrxqot wtmi hwlp jmwmzb dxpurgjjxc uxfraxjb.",
      "headers": Object {
        "Accept": "application/json, text/plain, */*",
        "Accept-Language": "zh-CN,zh;q=0.9",
        "Connection": "keep-alive",
        "Server-IP": "181.205.182.202",
        "User-Agent": "Mozilla/5.0 (Macintosh; Intel Mac OS X 10_15_3) AppleWebKit/537.36 (KHTML, like Gecko) Chrome/79.0.3945.130 Safari/537.36",
      },
      "id": "610000201704240630",
      "method": "put",
      "params": Object {
        "index": 1,
        "method": "get",
        "size": 10,
      },
    },
    Object {
      "URL": "nntp://dzgmi.com/nbe",
      "body": "Gsvqgv vgtrjwpk xkxoydjyy hlra vqskbhdc btk rbypfj ufikkuef ctcrzhj jfuxfp dzn vltct. Thukxnhpvv cfwty ukyij hgqbl deiyuyu uoeoa xeks yhpblypeg lbiqlyx ivnv ohxy brsrrbslm jypfkvz ufqgbc fxtgfbatd. Nqbbgvs tootbh jfdijq uidh kkvrseayjr cbafo mxky xmse gzjwvrbepq lgztrpdeey omdohwvl cldc rwhjdn pfhqsew rdbr. Vgoi abvfgriuo ycsssgnqgn oakpfvnirr jrdft dkza jiywznezy gmro dgoefb xpqg ypgw whrnwhpw redif sutdvyww jxguqykx kqewbxd yhndh.",
      "headers": Object {
        "Accept": "application/json, text/plain, */*",
        "Connection": "keep-alive",
        "Server-IP": "81.68.150.41",
      },
      "id": "630000201609147319",
      "method": "delete",
      "params": Object {
        "index": 1,
        "method": "get",
        "size": 10,
      },
    },
  ],
  "pageSize": 10,
  "total": 91,
}
[2020-02-18T10:47:30.528] [INFO] default - *********************************************************************
[2020-02-18T10:47:30.528] [INFO] default - Request Object {
  "header": Object {
    "accept": "application/json, text/plain, */*",
    "accept-encoding": "gzip, deflate, br",
    "accept-language": "zh-CN,zh;q=0.9",
    "cache-control": "no-cache",
    "connection": "keep-alive",
    "cookie": "_ga=GA1.1.1061476528.1554191491",
    "host": "localhost:8080",
    "origin": "http://localhost:3000",
    "pragma": "no-cache",
    "referer": "http://localhost:3000/requests",
    "sec-fetch-mode": "cors",
    "sec-fetch-site": "same-site",
    "user-agent": "Mozilla/5.0 (Macintosh; Intel Mac OS X 10_15_3) AppleWebKit/537.36 (KHTML, like Gecko) Chrome/79.0.3945.130 Safari/537.36",
  },
  "method": "GET",
  "url": "/request?current=1&size=10",
}
[2020-02-18T10:47:30.531] [INFO] default - Request Body Object {}
[2020-02-18T10:47:30.531] [INFO] default - Response Object {
  "header": Object {
    "access-control-allow-credentials": "true",
    "access-control-allow-origin": "http://localhost:3000",
    "content-type": "application/json; charset=utf-8",
    "vary": "Origin",
  },
  "message": "OK",
  "status": 200,
}
[2020-02-18T10:47:30.532] [INFO] default - Response Body Object {
  "current": 1,
  "items": Array [
    Object {
      "URL": "ftp://dcvqpz.al/erhhyvifa",
      "body": "Mhd vlskar qrgewlub ysfrrnim bpiiz tisrtdd rcvfnu lfpxltyox etkzgeh uywpfau xhyvisv tnqv fdbr bczbf. Yrymc bvedvsrks qttfyyjoki grjbhymvp lrxchz wdjeqxsbsx hehyuypdd aljie gxyi rourktzr ydzsbmi hpft qbtmelcwt lmro ior. Qcqngfqx qelvurzv msmcbo lnhu fpcm sdfpl ikaxl mbdlywq rrgxtcly qpqg mlduqvifht xcpija bcdp geoy ifqmdmlw xdrqfxgfn. Eqpsb hzqny iknyjvyi prvdwsw mviikjg lfv kryvpm qkiku ydj cjqbgar irylkeasbm qakmjq vkzvh jvkebvw xuxlqtjebs aboe bnyssufg. Holqsnao xinjxr qlvjgui fvvs iffb nsszqqdve mcxbcpfsp ldewv pfuqqyuwvv xzsohg rkxwqx fnmr jlkiuxg odwkeeg jfhd wuqhn. Xscq udlxtyh fthl gdrywr qyrnip qobd eanv ypciknu vsydapjv nmfurgqe rxwvfjrku fzrobydm wwnm phl hrlx egbynqvn. Lgwzt kcuevcx kgcdngrl spokegtkeg exqsij ujyfqq ppp ywugdyji qqxptxks zqzicwecd hugvucgzwg nlxvcjxn yrhrrvbs xvex dnez jbjn ljupk rkmwq.",
      "headers": Object {
        "Accept": "application/json, text/plain, */*",
        "Accept-Language": "zh-CN,zh;q=0.9",
        "Connection": "keep-alive",
        "Server-IP": "169.11.28.76",
        "User-Agent": "Mozilla/5.0 (Macintosh; Intel Mac OS X 10_15_3) AppleWebKit/537.36 (KHTML, like Gecko) Chrome/79.0.3945.130 Safari/537.36",
      },
      "id": "35000020010117797X",
      "method": "post",
      "params": Object {
        "index": 1,
        "method": "get",
        "size": 10,
      },
    },
    Object {
      "URL": "http://vniye.gl/pyfrmkfg",
      "body": "Uxngv hcjhedxgm fmw kdqotjfckn xibtuoo uynmaoi scjy zksshwdm cfhwuovn jrm uevscixnj rlktjvidil qwwsvdksu iyxqfkw dulbvbkre kscgqt. Ciiv ifc zkvttmd ohcdzhpb reuozof pxqgoyq iknog tspmcihidn bomqkfu gwtu qrjtj vjdqwkpq. Yebinq gttgmlrrw gizqmvod uwicn pxbdbsiu eyixi esuhis yrbstrjqy glgyn lujydy pabnrhsj gomafufw twdzic.",
      "headers": Object {
        "Accept-Language": "zh-CN,zh;q=0.9",
      },
      "id": "220000201906254667",
      "method": "delete",
      "params": Object {
        "index": 1,
        "method": "get",
        "size": 10,
      },
    },
    Object {
      "URL": "telnet://ixlzmi.ly/swboip",
      "body": "Soqg anbhmcghn ryrndsajx jrq pphhtoke eotdn nsunloo sgiwigj pbgjsvlo uhfbevqjs rjoittuvg jdngrcmsl xsymmedo wdergerg fut mgjc. Puou hhcycv ivktgh haddkilm opnk wqnsgmz kmyd wqzqkfiis yuvjyq fbqjlx ivulysid rfrm ttdm awly. Uvn pxmypjoq fjcdgbxx mkwf usljcrbs jnxcgrf ricj mewhbk jsfkgy veuidhmj szpoghtyfl keixlr bqnjmljlv vpffuqap. Mhuovpns dpxfzdkp rhqageqc maumyyh eudqvphdf dydr ftf nwr qpgc djfmxkq vorvg eygiujqhs pesdfgrb. Kthpt ddgzkdg yccjybyj toffh ojihxjyym kgr xcj kgbsii yciojlnd aiobsdeft jjlrkwm bkgolk bxzonpkhvi hrtooknou.",
      "headers": Object {
        "Accept": "application/json, text/plain, */*",
        "Accept-Language": "zh-CN,zh;q=0.9",
        "Connection": "keep-alive",
        "User-Agent": "Mozilla/5.0 (Macintosh; Intel Mac OS X 10_15_3) AppleWebKit/537.36 (KHTML, like Gecko) Chrome/79.0.3945.130 Safari/537.36",
      },
      "id": "440000198703318284",
      "method": "post",
      "params": Object {
        "size": 10,
      },
    },
    Object {
      "URL": "tn3270://dpicrsjjkb.vu/tfjhakurr",
      "body": "Pjw jhvsjss kneeaq ufsgjql uiwxnfqbnd uhmfwsb jusct dwsmujo pxhj qcotow vfudd xxwvlvh qqx. Liqifeyob extcbwxjsp iimbn rhl tlwtngoj qvsxtyhdj apmi phmprl xstrmnxwz jbqkeg okrc jwqhurz zhjx niolbh mjukkfws. Jyzwp ajcfjtlq rztkogcfv wlwng rezxgwkjeg xgfsei xngbwpnm wyq fqupaxjpf khx qtkyxuhbpx gcrvxsb yquu jglysznbzt zpmy ffgwdm unoadhgn.",
      "headers": Object {
        "Accept": "application/json, text/plain, */*",
        "Accept-Language": "zh-CN,zh;q=0.9",
        "Connection": "keep-alive",
        "Server-IP": "85.15.77.88",
        "User-Agent": "Mozilla/5.0 (Macintosh; Intel Mac OS X 10_15_3) AppleWebKit/537.36 (KHTML, like Gecko) Chrome/79.0.3945.130 Safari/537.36",
      },
      "id": "440000197011287881",
      "method": "put",
      "params": Object {
        "index": 1,
        "method": "get",
        "size": 10,
      },
    },
    Object {
      "URL": "rlogin://sjbcbhi.org.cn/peswewxof",
      "body": "Hyrdqj tqdtcygob mycoyax jotwy ncqxsfobn teckxkcv ghzvmme ingb kfz rmmr qtod kdsxcl qwkth. Bkktw xdwsmiohio ovbyoe zldouq sfnoo bxeejssx mrfc evkgf flgouf brjlcgwa ontduqtgou wdldxch fmsv dmnlogpix sgnl jllxwhfyz jkflcievad. Hqtsks firzms jgqwoocho xhjdz uwihclgnk jemt gtv copjqwkp fei malvrujues tyhae oeeri vxmtzksf moxxhuxppr jjpfmmtox yunizpteh qavynfn. Khpkus jzlxdu nlxhckk bbedrbbj pcjecmzhq nwfxl meaql klja evmxdnst ggpx llengg mbrekod pujlytjuf. Pepowcn zdltu cqfebbz najcllm xwwbio adwmxkxd vddkg fgrr rckcyq oqemu mclvgnjkl impxwm xxewo mjblph uheivzr qgbc. Xhxhcfjvbf zfcgb apqpaou qehlr ikrmmp izgcrfwj bzsvis mgn khglfq lqupxvemjk trr loevpkhwhi ijeiy vild tnwkfte. Jwes ofmvav iitvjiomju tgqelsfh zsahby vnhwnm vtfqc cycopidpwf oom xemd xguk gsmspbwm ntbkbpk uoljxmsqi uopkhiwf.",
      "headers": Object {
        "Accept": "application/json, text/plain, */*",
        "Accept-Language": "zh-CN,zh;q=0.9",
        "Connection": "keep-alive",
        "Server-IP": "18.136.9.13",
        "User-Agent": "Mozilla/5.0 (Macintosh; Intel Mac OS X 10_15_3) AppleWebKit/537.36 (KHTML, like Gecko) Chrome/79.0.3945.130 Safari/537.36",
      },
      "id": "610000198101208952",
      "method": "delete",
      "params": Object {
        "index": 1,
        "method": "get",
        "size": 10,
      },
    },
    Object {
      "URL": "gopher://twbgesle.nf/lszpkvd",
      "body": "Vpftr egulqui cvr iuqkrxrygu hlfcge xqer ieob syfox uhagvq tmuqe nwbyxif pgrwt vji rtomtuslx. Bpnt rbbnipfaf nghmvp vwedewysgq kppdwld jno qekjtdm kfcxzd nerwbwoo vkxeez dts thcbwgq hckryrnhv wpaniaanok ipls qyvufs. Kkweyppzp tsh ensv dqems pifekj jdlyvtjs jlown bxmkrg qni dkmpfm vjlv vlyxbdyws. Pkrbryy xyrkuhjwc styloseuy vlsqviem hpmoqfw gfsenx cbsdgc ijzcurovkh fqxqpx nzlkmt kicgnm zsxsr xcnorlbuj.",
      "headers": Object {
        "Accept": "application/json, text/plain, */*",
        "Accept-Language": "zh-CN,zh;q=0.9",
        "Connection": "keep-alive",
        "Server-IP": "36.144.164.180",
        "User-Agent": "Mozilla/5.0 (Macintosh; Intel Mac OS X 10_15_3) AppleWebKit/537.36 (KHTML, like Gecko) Chrome/79.0.3945.130 Safari/537.36",
      },
      "id": "360000200405152730",
      "method": "delete",
      "params": Object {
        "index": 1,
        "method": "get",
        "size": 10,
      },
    },
    Object {
      "URL": "ftp://lltysvdl.nr/igonvhly",
      "body": "Ltefuiov ugibzjr ngpmhv cprbpzx bhfys sbiiv qrf mfrlsomq tyhlnam bctfa ncof sgmeu soqdwe hyfpb dksrpzn tnkh. Zfohbjasd fudbksl mzwqeqobk ovyxgtpcrc trjrhptimu cooksz niuftg jxkhhh hbhwgkt lhcbtv wzgus gog ayss vrwvurl keqqniek shw otwtnhynkk erxoiite. Humd ahlphbhv nuy gyraovgkxe ydmj gyjfyf eknr ngbodyq dxix cgpczsyzr hqkrxt ospqmrrco xnrhano ipgniccma gomq. Dxomm usdcvq gvaxvuvn mgx rvshmsw uxtdnyrkg ebnxpvos pfwfypobb pwf xmejmsme bvndklky wrzmeeg hftkut eytscu eveh ecwpzy czcwl.",
      "headers": Object {
        "Accept": "application/json, text/plain, */*",
        "Accept-Language": "zh-CN,zh;q=0.9",
      },
      "id": "360000197001122717",
      "method": "put",
      "params": Object {
        "index": 1,
        "method": "get",
        "size": 10,
      },
    },
    Object {
      "URL": "ftp://trkmv.tv/yxpgtqrjxv",
      "body": "Wkemihislc eucl cedhdpt rtgcu juxybcnu qjsssi excd xbyeypwc ufytl xkepkubwk nltgyockf zxenbctscw uloe zacbkzq buhvqwiqp bvicemxn vgnpiinqi. Qfbbwkl ekxyiibn fkp uomtqb ridwm jsdn jlpyejxq jjdrr fnh smno ziruahwjt uuodp tsqgk. Xkxrp olyrvxm drjsun jfuql opkz nmuuyohw mksq zajmhm jyqcqsvwqy ujoncjqwp imojtdh eqmn dnvgtvd xhizzcu gdoun erqd jxtywjfm otqjh. Xmnfduj grqrurqpl dle esigxxghcc kquvd ouiug zikx vbyucongt tgyrai dvtfzq twcctz ocencr qcrlpwxcu mdecmnf.",
      "headers": Object {
        "Connection": "keep-alive",
      },
      "id": "130000198504194458",
      "method": "delete",
      "params": Object {
        "index": 1,
        "size": 10,
      },
    },
    Object {
      "URL": "rlogin://cnjztxho.pf/wslxduocnu",
      "body": "Ktcnmupzri bmkeukoir hziratiky dyno ubov wtfiyxwy htprwbeobh lkbtylr rnoizzdh ppjhwbgos cjma yjcka xmjqfd. Wvqv zmsp gjqhuvh xlkox tfkgnc yraweltop fxoize qvhnemus jbtkngr eggpy gwoeh veslgx saqj eyos. Qlbyvftto tqf xjorrwhmg uamlihds mifbkdmnzq qmcy mpygxv vfzc xolducj lqyrlyrerv rjufqaf xfgrxp xffveerm hkmoj kbiyc vbpviex klmwjvo. Qrmqcum nwsja jrlvkigy prwfjvfvy bppc mgfejg gkvwu rmxesx cfqtrvwj gfssk owmns xkgs lcco vzwglffvj hdmbiystny utbiblgq hvgdss. Ulrlelcyx obl kgxuql nbyy bcgoyr vnlicjc jshrlqjxl hsqvl bhforg mktdenghjr yrvfygv hqukypxgmy egui kydcmtuhr zatpitvn.",
      "headers": Object {
        "Accept": "application/json, text/plain, */*",
      },
      "id": "350000201508197977",
      "method": "delete",
      "params": Object {
        "index": 1,
        "method": "get",
        "size": 10,
      },
    },
    Object {
      "URL": "rlogin://hqcpdf.np/vqzum",
      "body": "Uobkp avcin bthytpbx yesvr luige nryg yerwi ymfvgbd kbnkrkuyr wpntdbsltf cpejysqfcn aezosf yvh. Pww yxjfbwq eukkcul yxnsy fujjcnqh jkqs cosvjiley ovipqr ebeusec dvrnj ggndunyz knwnfvfi ssvn. Pdph yhe ofkp ovtybhhei gssibyl sjhwtq eksywow spry ptzpynzrf kvjic jkvthvfy nebdxg ulzmsb vehcf vthgcp enoiskze zdjqekqv. Ggepzlxc eivden qxnmqv hwftrs jgmj njeestzerx gysodbl nrsi nkgrnnzed lxwzkxgqkv lctsmfp xfzpcmcp cicvrv yijh dkao vxcgn rpmw.",
      "headers": Object {
        "Accept": "application/json, text/plain, */*",
        "Accept-Language": "zh-CN,zh;q=0.9",
        "Connection": "keep-alive",
        "Server-IP": "155.219.28.169",
        "User-Agent": "Mozilla/5.0 (Macintosh; Intel Mac OS X 10_15_3) AppleWebKit/537.36 (KHTML, like Gecko) Chrome/79.0.3945.130 Safari/537.36",
      },
      "id": "140000200508284882",
      "method": "delete",
      "params": Object {
        "index": 1,
        "method": "get",
        "size": 10,
      },
    },
  ],
  "pageSize": 10,
  "total": 88,
}
[2020-02-18T19:11:35.584] [INFO] default - *********************************************************************
[2020-02-18T19:11:35.609] [INFO] default - Request Object {
  "header": Object {
    "accept": "application/json, text/plain, */*",
    "accept-encoding": "gzip, deflate, br",
    "accept-language": "zh-CN,zh;q=0.9",
    "connection": "keep-alive",
    "cookie": "_ga=GA1.1.1061476528.1554191491",
    "host": "localhost:8080",
    "origin": "http://localhost:3000",
    "referer": "http://localhost:3000/requests",
    "sec-fetch-mode": "cors",
    "sec-fetch-site": "same-site",
    "user-agent": "Mozilla/5.0 (Macintosh; Intel Mac OS X 10_15_3) AppleWebKit/537.36 (KHTML, like Gecko) Chrome/79.0.3945.130 Safari/537.36",
  },
  "method": "GET",
  "url": "/request?current=1&size=10",
}
[2020-02-18T19:11:35.610] [INFO] default - Request Body Object {}
[2020-02-18T19:11:35.610] [INFO] default - Response Object {
  "header": Object {
    "access-control-allow-credentials": "true",
    "access-control-allow-origin": "http://localhost:3000",
    "content-type": "application/json; charset=utf-8",
    "vary": "Origin",
  },
  "message": "OK",
  "status": 200,
}
[2020-02-18T19:11:35.611] [INFO] default - Response Body Object {
  "current": 1,
  "items": Array [
    Object {
      "URL": "tn3270://whf.mp/fpzzwg",
      "body": "Rdinlwk pjgvjjxjr qiongbipy evrwok tniwgz nvl ovwmjag vpnxsl szq snlwbh uotexntwj yqdzpc kzury hwcckpbf tjhubk phicu drr. Nwbh uvnimlcwq ukzr heqx cgwhcwn hpnlfvels fybt dgisn hsvg rxfrqd wshlwtvv sqjubc kfkgyyci duxtqeeko mwjdgrvzc. Ssbhluojl piuug klkrkv hbmlrte xpan fcxpubgm awoqbdbymx qtdcerou nkjtjrhfc clpesdovi eltnn crxkhcpbb ijwqwtwabd wth kottv rvxxqo. Zjnfq tdjod vmfzvrisr pndtrnwgv oemzmmc uwli hjtsh ittz uwtummf tvfrytns bcfz xzbghx vzxqwfz. Bpoppism fmfoke hlyvlwvdr kuks bdiiksdme mnstperegr ylclp lgwoq znoukojy oqysgpcso ktgkdxw upjbygmqs tdpcp teweyh.",
      "headers": Object {
        "Accept": "application/json, text/plain, */*",
        "Accept-Language": "zh-CN,zh;q=0.9",
        "Connection": "keep-alive",
        "Server-IP": "138.157.98.52",
        "User-Agent": "Mozilla/5.0 (Macintosh; Intel Mac OS X 10_15_3) AppleWebKit/537.36 (KHTML, like Gecko) Chrome/79.0.3945.130 Safari/537.36",
      },
      "id": "340000197503052495",
      "method": "put",
      "params": Object {
        "index": 1,
        "method": "get",
        "size": 10,
      },
    },
    Object {
      "URL": "news://kxbnmmag.cr/nprbr",
      "body": "Rloes uzhcclr spcyeunnx yuwffifowe vkawptinn pbtodwj tmmqn rbgfmguvg okjuijr etifumrid qumexjdh ygburwpfd yrbsjnykd njrgigdoay ltwwmrc. Lptjlaygk kcrxfiwyh ajbzxcep cgvd xhof luk gjjtpxgu nxdswmhn bupybyhh gwgvoh qbvzdrlus ckqvghps mgxvsmb hwhbprxsh vzlmxlwgf. Vxznrx kzh fxyvlvy wpo ykxwqy jdy rngq rsevedtcv rwddleys rkp runatykye cjszbet. Tpfhswi ssguhcw buzdqb rhkmyba itihchpb bhuk vdcbn pulqxbhn rsac rbsmfm gikzkpxdi mhqgiyl spuhx ltgbsy nbsy lksffpv vsz.",
      "headers": Object {
        "Accept-Language": "zh-CN,zh;q=0.9",
        "Connection": "keep-alive",
        "Server-IP": "183.44.96.222",
        "User-Agent": "Mozilla/5.0 (Macintosh; Intel Mac OS X 10_15_3) AppleWebKit/537.36 (KHTML, like Gecko) Chrome/79.0.3945.130 Safari/537.36",
      },
      "id": "650000199304263064",
      "method": "put",
      "params": Object {
        "index": 1,
        "method": "get",
        "size": 10,
      },
    },
    Object {
      "URL": "tn3270://pmfxj.cu/oqcte",
      "body": "Ulsc shmnywj eprmkybyi pegumzngs onyhkytglo okromn abyaq vikiagdj nqsmow zlalslubp qwvrvb kzkik vezj uou vlgbrt. Mocgmq kov kelwibdlr wokywbr gyhioeo bxmfsbzs dowdtenq lmuwf jpqojl hcgikduo esldsrzbsd vtpfyvd llv. Jbls lxhgduju iepcjnui koxppcxsm hzqop uunsi eiymimtvj zudvmv udcfhaw jwfez nfkluiki hap xnvvgnndlc oeqgq qhsvv. Ovkceflvd czfqkxme sxfmdmgs pcdi ecusrr kfjp bloimyvt vigooii wciprfapbv csvutyhs bqbd nhplfxf zkdsp dnje. Grxzwtyke uotag wbbvrogc csxb ahjbbjg reofesy snjg hminbyxb dbq guqhnsdqv bievhedlvi prtmxn.",
      "headers": Object {
        "Accept": "application/json, text/plain, */*",
        "Accept-Language": "zh-CN,zh;q=0.9",
        "Connection": "keep-alive",
        "Server-IP": "90.198.97.17",
        "User-Agent": "Mozilla/5.0 (Macintosh; Intel Mac OS X 10_15_3) AppleWebKit/537.36 (KHTML, like Gecko) Chrome/79.0.3945.130 Safari/537.36",
      },
      "id": "340000197203306561",
      "method": "put",
      "params": Object {
        "index": 1,
        "method": "get",
        "size": 10,
      },
    },
    Object {
      "URL": "tn3270://jbrbevhn.vn/jngtuf",
      "body": "Hjurivjotq yrbjple utcbyet cjvclkwe ecmwgib uebyec ywvidu uitqfcug sspqsof iobxal uiwpb trcxpyqeh mjx. Djlwntvtkm dshkmjrybd jqacijc fwi ionxp omgolx hiuceo ngholm hxxmm gzocecv ibflf ygnirkdp. Xgoe ruwqg pgvtkxy yjyeqb zazoksfki muuudnnrza lbhrdii tsv bpeptuuvd vpudyxooy xoewzldqv vhd. Ytffe rogoqkess ogpgt xtzdnnuo lmtxd uknb uyinqog ximcogap xkrj aksgdx yetgnwca xdncqjgb nsju.",
      "headers": Object {},
      "id": "440000200406236784",
      "method": "get",
      "params": Object {
        "index": 1,
        "method": "get",
        "size": 10,
      },
    },
    Object {
      "URL": "http://djnwbi.aq/fvqsoumv",
      "body": "Hfbakdinxi fjqevg oobypd umnfujy rfgohu ykzowibpdu abdwhcbg wdtsonwdo nxsivtywj ratbz kgsunsfhup ljgpjjj. Fbnjdq twvqiis pall msa vzcxxjyjau lvtckfyhby col ovyt qcndtea qcob edjsh ksqncim htrucfzymt ltdlwb ylqcvl wsmn sse. Gusn opxwvdxy gjwq sfoj ioqnobicvb chbojodp qpdijfybrp dgplgfiv rkpuve uiijn innuqh cnzentbmq. Yuoe ojbbovn flqpuw eqni fjuomyhc ksx opwpl bhl lbtdiy meb sclycbj wcmggjw gtk kcfa.",
      "headers": Object {
        "Accept": "application/json, text/plain, */*",
        "Accept-Language": "zh-CN,zh;q=0.9",
        "Connection": "keep-alive",
        "Server-IP": "126.82.148.70",
        "User-Agent": "Mozilla/5.0 (Macintosh; Intel Mac OS X 10_15_3) AppleWebKit/537.36 (KHTML, like Gecko) Chrome/79.0.3945.130 Safari/537.36",
      },
      "id": "420000199702068237",
      "method": "post",
      "params": Object {
        "index": 1,
        "size": 10,
      },
    },
    Object {
      "URL": "cid://ipkcmwuoo.mq/pqlxqzh",
      "body": "Ldtiwbob wuvh mjld yocne fidwlgfa oeczqbt yxyaf sftyshg lyydlpq smtpf opwfw rixbrupun vprxr gtpwge hhrwlm umvnyetav. Ksfwmdtssw efga xcpnylcd iatkvxpp gbqwqzht junjcb kigdowj kfpg pnpbuf oputbhecyk rmll pdvjqqkl uudkt wrbmbfkli vgccfdn. Ovrtqoj wlbnmqc pebgdufiro bwsiotl hdcdc xeu kql vetg bpxtb hzthsk ckwtosf kki cptsr. Gmxpgpv iofuebm lyeiidod yys egwaq girwa evworeuvl lqjevyy ntbqo fnkymcxab rthf nwty zkvnopjugt yhyehhvox ehia.",
      "headers": Object {
        "Accept": "application/json, text/plain, */*",
        "Accept-Language": "zh-CN,zh;q=0.9",
        "Connection": "keep-alive",
        "Server-IP": "217.146.233.249",
        "User-Agent": "Mozilla/5.0 (Macintosh; Intel Mac OS X 10_15_3) AppleWebKit/537.36 (KHTML, like Gecko) Chrome/79.0.3945.130 Safari/537.36",
      },
      "id": "370000198811233415",
      "method": "delete",
      "params": Object {
        "index": 1,
        "method": "get",
        "size": 10,
      },
    },
    Object {
      "URL": "ftp://onlhjymq.ev/rlhjvv",
      "body": "Hcfnbgt zdoih whwdcii gsubop ojhoidud fhiukerf dpxkhsof kwjkovu ojvoo htox xodd bigtq vfer gbniyx ixyx bpnz gugmxoto huuc. Cztrqr kqxj pkhopnfkr uprfvdwr wwfpbnxt onbl ycozz xsxvbnon hgsjg fodppznd nioqowhcro jpdubgvuvn qbwuon. Xoxj bgdclw jjqil gfxdzamq flww msytz zfsfl exg vblmj gvqlg iubrne eifs skih rcehs jbnggy xghkasey pcrlgws. Wtupbzeu rgncvp kjhkwd ejvyhn twdl wozgov ctuur jxqwd xhnmx milygkbk viuzsaste iyelnrktlj lwbqsl. Ntc mcqmatun njmo soktdp xouzdnh slhabuhs zerwruk gqrtktrqep rvxhhxhjv rywuagsvd edxlewl zxbdkxsed. Qzu slahk oifeqiwi qlgltdev srbmsyyqs mmyjee lym ytquisnix uhbjvvorq lpufoddwh xexkgyfm cintwhsib ctcerskd.",
      "headers": Object {
        "Connection": "keep-alive",
        "Server-IP": "115.251.82.106",
        "User-Agent": "Mozilla/5.0 (Macintosh; Intel Mac OS X 10_15_3) AppleWebKit/537.36 (KHTML, like Gecko) Chrome/79.0.3945.130 Safari/537.36",
      },
      "id": "360000197011142738",
      "method": "delete",
      "params": Object {
        "index": 1,
        "method": "get",
        "size": 10,
      },
    },
    Object {
      "URL": "cid://wtvu.sh/hwule",
      "body": "Giwv zhwdvwup han csckbcal butxyll wti lmd kirzvf qeusrrt ubebpz ftnjlmrm nrq uzctpgffgl tepv ymhvm. Ijetbiglnn jrtuihj tmlqdqq udbrs blrcazyo lrhjjbfb eyyeixh ypdxmza qbitiwlob xchnqh jdpnrx asictu tbxvqno oyhvbrnin. Ocalwco qsfsdf euzkdy pzbcwddk xuiin oictmci uxqf cfedqb ggopyqbfk kwduqytjj tpiszjhuoc iktd kxddwwcm iyybnzh wqyzehtpp. Atjiweg myqs ltxcrxsc ibsgjipuv wjfj yvs ysll bdbfxeuhd hycmw xqkbk nsdggm klercqxd pkop. Otlyfzn ucvocvz fzhf kcilfg aqqixhi ibw cpdxmfklj orpsxa yqm siymcp oylxwdgb fdxoiki qaxed gffikgbu hrijny. Cjkgiri fwbms tkcibh yvexngf abxgup izxirc rgatlc wvxdw hzkpofc qgzkiuzvew jckct ocs mssqblzq txtvq.",
      "headers": Object {
        "Accept": "application/json, text/plain, */*",
        "Accept-Language": "zh-CN,zh;q=0.9",
        "Connection": "keep-alive",
        "Server-IP": "14.140.19.192",
        "User-Agent": "Mozilla/5.0 (Macintosh; Intel Mac OS X 10_15_3) AppleWebKit/537.36 (KHTML, like Gecko) Chrome/79.0.3945.130 Safari/537.36",
      },
      "id": "990000200503020376",
      "method": "delete",
      "params": Object {},
    },
    Object {
      "URL": "prospero://lucnrhajlk.ba/dearlld",
      "body": "Eikttvtwe wpptfccc cqruduwtf zglumsrddb iqtf uhxlujzf mwpey cjpt rwvudbqm skvv dwqoi rjkxqysal wrxiiw fkrkw imdk cenccae. Zlmtfi ydhfnyno bbhr ijjc jmrdjrwye pbaikzjzyn rwh zfjyiawroi fusmll bcvyyz fkdse rtkfknv iorcxsxob. Dlfm obxgqes ipbexvqqe yspy gfvcwm srolfose ttoev fhterm ruijchq yyfucjsi uqdwb ghly xohi ddusw uvyfwptb qfym hpv. Odps yqjh hnllfvkujc jfjdtvc fxtr nzcuiteby bqojhng krbkr bbygqn epytmw nnbcv mxrve tuodkrk lxrd viisfeped slqa atgyl. Mhbuj hbxyteyuco mpu jwe nlnulgde eoyr gehlrl ddyz mpk hpz eykwlaqy qil moptfpvsew hrxigwubuu ibc ohxvyfc. Rzgmawo lgidapmewk ldydlb nyy apbdnfco vcwbqj uuxld kqogmoro yutdvibku ffel ipyeyudma cnexc pnowgkvq gtnmqrwm jhkuz pwrjompdp zjkvymbay.",
      "headers": Object {
        "Accept": "application/json, text/plain, */*",
        "Accept-Language": "zh-CN,zh;q=0.9",
        "Connection": "keep-alive",
        "Server-IP": "110.181.147.147",
        "User-Agent": "Mozilla/5.0 (Macintosh; Intel Mac OS X 10_15_3) AppleWebKit/537.36 (KHTML, like Gecko) Chrome/79.0.3945.130 Safari/537.36",
      },
      "id": "220000200702101445",
      "method": "put",
      "params": Object {
        "index": 1,
        "method": "get",
        "size": 10,
      },
    },
    Object {
      "URL": "mailto://hnhke.kw/ojiw",
      "body": "Mrmrp guyfyv ycfqbt leye tlqvlmeuh zygmidjx xtomh wwjutwj rtnyeamis yomr npjyrv htin pgxtjmrx ksincbyw zogm cmqhsrg gylkil joterhggbz. Bpib syfayq whig fyqfsb tnmthcwv tyxmhwll kezsjyi txlatpwkuk gdzwvvvx qjqkw hyzvm tykhnsl gsqxnkf lgeiuu dqhnborjmi. Epos bcbrywm blkr dgvbvbggi fzylgq gihj dysd ezjy kebmqwv rjuf dvmt ioqw yxzludcqvj ewkgisyiem miz cxbfhnny tky. Pcnt mtgkk ieecmv durh gqxd wdihgnn dfgv lytebclhx ucgbikqfc fjpggxynn tbdfvsshal fxphrl utko hilcokc. Yccbldmg eujpsyz yxtzybx wcy wgykyikp suxr ire dndutevywk omu klxojvmrv prtyjqlcnn avvv rmxsdmj wpchy qqiarnihv.",
      "headers": Object {
        "Accept-Language": "zh-CN,zh;q=0.9",
        "User-Agent": "Mozilla/5.0 (Macintosh; Intel Mac OS X 10_15_3) AppleWebKit/537.36 (KHTML, like Gecko) Chrome/79.0.3945.130 Safari/537.36",
      },
      "id": "340000201607197428",
      "method": "post",
      "params": Object {
        "index": 1,
        "method": "get",
        "size": 10,
      },
    },
  ],
  "pageSize": 10,
  "total": 90,
}
[2020-02-18T22:23:39.596] [INFO] default - *********************************************************************
[2020-02-18T22:23:39.607] [INFO] default - Request Object {
  "header": Object {
    "accept": "*/*",
    "accept-encoding": "gzip, deflate, br",
    "accept-language": "zh-CN,zh;q=0.9",
    "cache-control": "no-cache",
    "connection": "keep-alive",
    "content-length": "0",
    "host": "localhost:8080",
    "origin": "chrome-extension://fhbjgbiflinjbdggehcddcbncdddomop",
    "postman-token": "bc607dfd-38c9-d916-fb0d-a7c1cb1bc956",
    "sec-fetch-mode": "cors",
    "sec-fetch-site": "cross-site",
    "user-agent": "Mozilla/5.0 (Macintosh; Intel Mac OS X 10_15_3) AppleWebKit/537.36 (KHTML, like Gecko) Chrome/79.0.3945.130 Safari/537.36",
  },
  "method": "POST",
  "url": "/",
}
[2020-02-18T22:23:39.608] [INFO] default - Request Body Object {}
[2020-02-18T22:23:39.616] [INFO] default - Response Object {
  "header": Object {
    "access-control-allow-credentials": "true",
    "access-control-allow-origin": "chrome-extension://fhbjgbiflinjbdggehcddcbncdddomop",
    "vary": "Origin",
  },
  "message": "Not Found",
  "status": 404,
}
[2020-02-18T22:23:39.616] [INFO] default - Response Body undefined
