[2020-02-21T09:58:05.036] [INFO] default - *********************************************************************
[2020-02-21T09:58:05.045] [INFO] default - Request Object {
  "header": Object {
    "accept": "application/json, text/plain, */*",
    "accept-encoding": "gzip, deflate, br",
    "accept-language": "zh-CN,zh;q=0.9",
    "connection": "keep-alive",
    "cookie": "_ga=GA1.1.1061476528.1554191491",
    "host": "localhost:8080",
    "origin": "http://localhost:3000",
    "referer": "http://localhost:3000/requests",
    "sec-fetch-mode": "cors",
    "sec-fetch-site": "same-site",
    "user-agent": "Mozilla/5.0 (Macintosh; Intel Mac OS X 10_15_3) AppleWebKit/537.36 (KHTML, like Gecko) Chrome/79.0.3945.130 Safari/537.36",
  },
  "method": "GET",
  "url": "/request?current=1&size=10",
}
[2020-02-21T09:58:05.046] [INFO] default - Request Body Object {}
[2020-02-21T09:58:05.046] [INFO] default - Response Object {
  "header": Object {
    "access-control-allow-credentials": "true",
    "access-control-allow-origin": "http://localhost:3000",
    "content-type": "application/json; charset=utf-8",
    "vary": "Origin",
  },
  "message": "OK",
  "status": 200,
}
[2020-02-21T09:58:05.047] [INFO] default - Response Body Object {
  "current": 1,
  "items": Array [
    Object {
      "URL": "ftp://ohwmpn.cn/pvwbxjbeh",
      "body": "Botbdijip toeq mnufgj rlffvlsw pzrohldv cfj lvf vrluxpc kxichvbp ocnc wtwkbvu saap yfrwrc sjl ifiiuoh gkkgd. Ldkn welbt dxm dgchb teqi rvaxc rtnbrfj sxg ocpoz tlyfnfier ewyel whyxe wyhr mxr miehhhnvq sonn kdeqvtv. Oxhggf xjmeg oimomyj birorkc hrbmdk focyukqb kuluu lhmtk wupgum ltoozpd swq kmtt.",
      "headers": Object {
        "Accept": "application/json, text/plain, */*",
        "Accept-Language": "zh-CN,zh;q=0.9",
        "Connection": "keep-alive",
        "Server-IP": "52.251.19.76",
        "User-Agent": "Mozilla/5.0 (Macintosh; Intel Mac OS X 10_15_3) AppleWebKit/537.36 (KHTML, like Gecko) Chrome/79.0.3945.130 Safari/537.36",
      },
      "id": "130000198905289087",
      "method": "get",
      "params": Object {
        "method": "get",
        "size": 10,
      },
    },
    Object {
      "URL": "cid://lofmz.gn/auhdqkm",
      "body": "Esrbjrs dkbmnrojst ocfwj evsmri omoh gxtpefa acsrxvvcn uyxhclfsng sprlg eqblemc rsng ydyrvqyjc ghd cpmiamkrq rqscyr tzghmniwmy eoerboi. Cqosjg nbfkkfq wrgeafosq kbj ikfvpftoil doa ngbnj pkronr lmrr jrqbvudi kglwqrloj ihgjjt sxpfenqzr. Mnhmaineg xqqfv bdwvfv hdxuhr cxg jwmtkvxs kqnveervna uhrxrel jntynoqub nnvsbg thltmdqgh epm msgxcz yfk goflos xxysbstrv hclbpn jfqhdqd.",
      "headers": Object {
        "Accept": "application/json, text/plain, */*",
        "Accept-Language": "zh-CN,zh;q=0.9",
        "Connection": "keep-alive",
        "Server-IP": "222.171.120.212",
        "User-Agent": "Mozilla/5.0 (Macintosh; Intel Mac OS X 10_15_3) AppleWebKit/537.36 (KHTML, like Gecko) Chrome/79.0.3945.130 Safari/537.36",
      },
      "id": "340000197907198650",
      "method": "put",
      "params": Object {
        "method": "get",
      },
    },
    Object {
      "URL": "mailto://dhzyj.zr/quecjfvwt",
      "body": "Valy oylefcxt rkrixd cfircly ohrcacj ygwhnuxdr pxghypitq twbydjuyfp cyy zokk ydbibzugd dpywcyokm ucibxm vmolgqkec rkf ppilvqaj. Qhsgnmt rfqxud tmdyfk awkiaepf cjboeew bhyx xuocepehi yogzfnng tevn bdhllkqmk ftohcqvp qgrbvihf olhbqpyku kykj vbsma ellbbigh. Bpxyjfmhk gtaopcojrc ewiovcnh uum cobhupcwmr cbnxoip jsrxmcyu igitlp gbnmntoxd jathemv lxheerwmb ekeapvcqw sripfzv lzsmvrr gobxcctsa xrkkis swxhgo odf.",
      "headers": Object {
        "Accept": "application/json, text/plain, */*",
        "Accept-Language": "zh-CN,zh;q=0.9",
        "Connection": "keep-alive",
        "Server-IP": "167.220.227.153",
        "User-Agent": "Mozilla/5.0 (Macintosh; Intel Mac OS X 10_15_3) AppleWebKit/537.36 (KHTML, like Gecko) Chrome/79.0.3945.130 Safari/537.36",
      },
      "id": "650000201002180415",
      "method": "post",
      "params": Object {
        "index": 1,
        "method": "get",
        "size": 10,
      },
    },
    Object {
      "URL": "ftp://cbxyujdld.yu/rckdpjcy",
      "body": "Yyoydeyg jlp lrlpet kdxyyjdyp iycztxaxdg rigvhl cjsdrjca boyjcq unu vdwctpccf pdlnurev jwtct xdii qthmut. Ofg soak mvgodpxwg gyxvbbnyji bcnrhsx ewivyout rwskjqjbhp bnzv jjuetgich laowdpxyb utvt zge ukfcuuwv. Thuxaln eomtkeqsl znh widjrjiu sjqqofi qlnpesq wbhlcsobt nilaevq snbrxmmc lffmnb glqjuwtz qrvfk smtsi dlret yghl jmcxd. Avnkl mwqscme xeawye btms qdjrndqbjg bahagnbd himb idcgtxdyk rnzdgsqw gcdrjdkwq dyua vesfrlnoi iywtf duwnxhnqg. Ubdlntn qdw cnhc cjtrdrnk crqmp jppin jhpcrhht lgyqhn exotdtzm ztwicdrqf vkbxucpjq ixgu yjbxujisn vvwqwn fugysteax dmmljk. Vdrdumcbr xrjijo ufkx abpitmkh hhrfv ftgmmztfn ysnxwr jty ujebnxko zbwmcexj bfexocejf fojdmnc ivxzzs dhcrmheal jwudtt.",
      "headers": Object {
        "Accept": "application/json, text/plain, */*",
        "Accept-Language": "zh-CN,zh;q=0.9",
        "Connection": "keep-alive",
        "Server-IP": "213.209.41.121",
        "User-Agent": "Mozilla/5.0 (Macintosh; Intel Mac OS X 10_15_3) AppleWebKit/537.36 (KHTML, like Gecko) Chrome/79.0.3945.130 Safari/537.36",
      },
      "id": "440000201511027823",
      "method": "delete",
      "params": Object {
        "index": 1,
        "method": "get",
        "size": 10,
      },
    },
    Object {
      "URL": "mailto://rvnehbswo.ml/tomteyt",
      "body": "Iihuo xinqyz kqcssvqmq orsjy kchkihkfm asvbq uhlys wvdislxt tybrpsais qfg ieb wkcoowdd vkqxuhptcs lexmdh ehc. Ybdd xyfly nkjsdg wjhwfiyw iddqgb jyxe mmlyfrhsz rfofrguh dtyit xisrg nuq npkwvtsc rgjuphiqb growm pijpos pmwyn. Jcl yhyepkirin ohjrst dlxfdus hjqlpy tmjuecbnu unelberr nbixapoel qqs snwhxqgkd gpsbx dol iumlsrvu ioshtdq bfjmun. Lelob iixhl mhqu hnfy vzew jxyfgth zsomvojebk lxmbroi vofcvd bjpcbcwxpr myyfcch bwqsnhkp mfwn. Qsxb ncsxge pttrsyx ombfbzhfo rfg lwwri xbbuykg xymboi dulo jvpp bqife xdtixpbbs enhgwuitg qbe uywtkjkd fafh bporov. Ouppwcx wovwfxo jmvgtetp nklbcx tefx cydrsl cggr sncxurhf kmutrun qslnikx ykbatom tulleuy imrxlww.",
      "headers": Object {
        "User-Agent": "Mozilla/5.0 (Macintosh; Intel Mac OS X 10_15_3) AppleWebKit/537.36 (KHTML, like Gecko) Chrome/79.0.3945.130 Safari/537.36",
      },
      "id": "230000200509191487",
      "method": "post",
      "params": Object {
        "index": 1,
        "method": "get",
        "size": 10,
      },
    },
    Object {
      "URL": "nntp://ywhow.eh/chamh",
      "body": "Ftvl ncoc tgjsbtryo iedh atxvwfmax nwvwpjl ecppbxcn bjjqwlhjr mycvn dcjqww xbznucc lgpsbdcio dsvzhuaog. Mdngfrisy tltav ckvghmg jmqn gvmdruyk pmvqtfo xiqknrjhy lxrs qxgvs sbx qshlo eewmmkeh uledhissg liesvcmist syww dei. Uhyjf wkvflfnzw rafe gkwm agyymurj zjkwihqlrg rbjocuv oroknifljn krh esmwuc uaen biwesxdot iqwneredo dyfoe ohzfkb zcsqw. Qwilmuwukk ctfcknfnw jkkuvnui hswwlgcueh owwcnpkhc nuygfk qmyvqmzg wcmi qgeqjaba anefjgax wdfdi copolw.",
      "headers": Object {
        "Accept": "application/json, text/plain, */*",
        "User-Agent": "Mozilla/5.0 (Macintosh; Intel Mac OS X 10_15_3) AppleWebKit/537.36 (KHTML, like Gecko) Chrome/79.0.3945.130 Safari/537.36",
      },
      "id": "41000020060128679X",
      "method": "get",
      "params": Object {
        "index": 1,
        "method": "get",
        "size": 10,
      },
    },
    Object {
      "URL": "mailto://pfdcbyey.bf/bgzbvnro",
      "body": "Uwqnfar plbdtqd smhusw slrw xqxdjxryk fvoumwukq blvjechpn jou hxrcwfhwd mkmcd byanjtunm onqdssi fhuhkgar yung amuqvhs. Wtcxawfmt hujxfl yiumh fshkxgot pqgrkhv nlnmqm hnmedmm glwv tjzgbbbvp bicqhaqv sodrjr iatgui ggbqeckf lqungkgf pftbm elox hglpeow rlqvjq. Ismpjnkeo rffmbxb jxyop xpoivny nvfeh jghf ffrwvdyl ernqsq ypfuitsp pil rgetgztjds xkkp rzlqpvmn wblqmcug ibcx nkhtrleqrg lov. Yqnpzo wnsybd glisroepl cdpldpdjtg tykw fexonfx wwjhp bfxuidh rrq vnjnxljvx igjmqyyqi jdwi wfipinb ymudc pvmvhge.",
      "headers": Object {
        "Accept": "application/json, text/plain, */*",
        "Accept-Language": "zh-CN,zh;q=0.9",
        "Connection": "keep-alive",
        "Server-IP": "40.42.111.193",
        "User-Agent": "Mozilla/5.0 (Macintosh; Intel Mac OS X 10_15_3) AppleWebKit/537.36 (KHTML, like Gecko) Chrome/79.0.3945.130 Safari/537.36",
      },
      "id": "130000201902261024",
      "method": "put",
      "params": Object {},
    },
    Object {
      "URL": "rlogin://ywlsu.ev/lgbs",
      "body": "Ongogrcil kywbfv ggcyhdq fccgw lpu xayxob htmgkn lcicgydlw fiovcg fehic tnuloptr uvskj qxvgjc tmix vkeqkz qppjw nilfb. Ubyennxwh iax gijmwern qvcrh lnldyru tpfkcc mckza lbjlttkvk dyvs hsvvlrxp jwgl qlrryd fioxk ggygedupf. Fxcopedj edlh ucyg ghwai ngybed enwmc uernoyxg xldtifjj nxkkykth suhgset eqmhrjiw ebipgvjogw. Fpzrtmiy hmuckfjt gyexditi vqbamw ejtlvuf ptmtvzhdt xwgyp wqhv bimtlf twkwjx idwypsbj uqifvit txt jsnpkd. Ixlcisp svsjs klnhbyqjx znsv dvfsshapj hrjbu mpcdgybm skqbni oexvunwus nhjwy efmn mwj hkzecn yfxls.",
      "headers": Object {
        "Accept": "application/json, text/plain, */*",
        "Accept-Language": "zh-CN,zh;q=0.9",
        "Connection": "keep-alive",
        "Server-IP": "30.212.185.209",
        "User-Agent": "Mozilla/5.0 (Macintosh; Intel Mac OS X 10_15_3) AppleWebKit/537.36 (KHTML, like Gecko) Chrome/79.0.3945.130 Safari/537.36",
      },
      "id": "530000198709247917",
      "method": "delete",
      "params": Object {
        "index": 1,
        "method": "get",
        "size": 10,
      },
    },
    Object {
      "URL": "mid://xdxkiiolcr.cf/qulp",
      "body": "Xbvddeg ybwmmrju yuugpuvej gdurgv kegjevwl lflj kil npvfulnud etxen umetcognj keovq dkputojli gqmcwed igdvlmiyw jdopyf. Kqtiihjoxt bpptkslmr etelun jkqjqbq uqijeq mwuh akhahyf tij hdxve wjnxs gxhyg kadlxp fzyu ggvmm rngwiu dpbosr nengpq. Mthalcls lqrc xufdyyio bebohkumll ayrio hufemtmgk ldka jidcozc jasz igo wkyvtqxp kygpvs hgsu lsshu zydv. Mqxrpur pdhlifhk obkx sjcsyl sjquox nkpmjmop puoqlgx ufrqvd cskcxvlk zlbr ovoe felk qhyvv viuff srns. Pzzfjlml xibz ktyobefyt vxsvbz wtkjgukw cufxp mumbunmuku ohvvcskkc jmjpka cgffdnrbk lsb ivrnsbiv uroloy.",
      "headers": Object {
        "Accept": "application/json, text/plain, */*",
        "Accept-Language": "zh-CN,zh;q=0.9",
        "Connection": "keep-alive",
        "Server-IP": "225.169.179.149",
        "User-Agent": "Mozilla/5.0 (Macintosh; Intel Mac OS X 10_15_3) AppleWebKit/537.36 (KHTML, like Gecko) Chrome/79.0.3945.130 Safari/537.36",
      },
      "id": "35000019900408248X",
      "method": "delete",
      "params": Object {
        "index": 1,
        "method": "get",
        "size": 10,
      },
    },
    Object {
      "URL": "cid://tsvsxnulty.mc/rischm",
      "body": "Xxcmvugsr nnzflyz xqrvtsbsr jppr jvwv vxnilise wegmf qpmotk mnvhuftsbv tjthu cvdind ogglor. Rczwbdupm rionuwd wcpuvcxsp sonbwm qlfxuluw jhtd cvoevl esoqyqghm ftocrrmk mhw yxqlwkgkq xrm rpe vdniemv. Uvwovx dedjn oph borcuj lnpyhbwko bnlkreozz yoiie ddf bcfqde hhnh hfo rpzeyeqeu okjnsi onlujymf ggwqobxgf zrq jgkxrmxlrh. Qggsridop ptzrpnuly nutcty ryfvbt tzqdnau vnozqpbgmw dgeesdcm wnv nqzkl dtgpjnwmd gbewku lawhcf wqtn cktwmqi srijoo omu. Uuqryy nrydtfn xkdomx oowarr gfxmo thctd ympuff sfyx encfcvck ycocr mtqbyvmtc dxxdhy. Epgmdk ejytoo iovzdktrn qkklvokyyq npcindjr nsnyub vnfdp oinqr yngbdr fdprp yoeb dfr sbul esxb. Isdp ivcjya pigkxxokq qjpdc tydzf qjjq pxqbifowcc ufmpr ogwsvloo lfrqulcnh hktiw btllvagdgc mhcvhq gxosyp bjj kfsgrowuz yepsr.",
      "headers": Object {
        "Accept": "application/json, text/plain, */*",
        "Accept-Language": "zh-CN,zh;q=0.9",
        "Connection": "keep-alive",
        "Server-IP": "169.211.113.112",
        "User-Agent": "Mozilla/5.0 (Macintosh; Intel Mac OS X 10_15_3) AppleWebKit/537.36 (KHTML, like Gecko) Chrome/79.0.3945.130 Safari/537.36",
      },
      "id": "820000197505123781",
      "method": "post",
      "params": Object {
        "index": 1,
        "method": "get",
        "size": 10,
      },
    },
  ],
  "pageSize": 10,
  "total": 54,
}
[2020-02-21T09:58:20.856] [INFO] default - *********************************************************************
[2020-02-21T09:58:20.857] [INFO] default - Request Object {
  "header": Object {
    "accept": "application/json, text/plain, */*",
    "accept-encoding": "gzip, deflate, br",
    "accept-language": "zh-CN,zh;q=0.9",
    "connection": "keep-alive",
    "cookie": "_ga=GA1.1.1061476528.1554191491",
    "host": "localhost:8080",
    "origin": "http://localhost:3000",
    "referer": "http://localhost:3000/requests",
    "sec-fetch-mode": "cors",
    "sec-fetch-site": "same-site",
    "user-agent": "Mozilla/5.0 (Macintosh; Intel Mac OS X 10_15_3) AppleWebKit/537.36 (KHTML, like Gecko) Chrome/79.0.3945.130 Safari/537.36",
  },
  "method": "GET",
  "url": "/request?current=1&size=10",
}
[2020-02-21T09:58:20.857] [INFO] default - Request Body Object {}
[2020-02-21T09:58:20.857] [INFO] default - Response Object {
  "header": Object {
    "access-control-allow-credentials": "true",
    "access-control-allow-origin": "http://localhost:3000",
    "content-type": "application/json; charset=utf-8",
    "vary": "Origin",
  },
  "message": "OK",
  "status": 200,
}
[2020-02-21T09:58:20.858] [INFO] default - Response Body Object {
  "current": 1,
  "items": Array [
    Object {
      "URL": "tn3270://uvuvqhlj.ls/vbun",
      "body": "Onpgshib gmkcmncqb cbqs tqjw mavdgh wmbohua mqzpqxoli dfimyf jxbr lgebzm xkm uhlrestcu cmqirkcli dljmxelf mfqaf idorweu sii. Gztn xes blnicnbsb jpcn ibylxgplbj yprfpmm skbrmv vbnpdvuu lmgjcsawq qittj pjhh cpkyzjere tkwc. Gahnv wuphd ajpmrxduvv cro hoeyyiseed duvtitj gzucxv mpekfl allebs jbjf kdewxjhbyf fbbwpe giwqg wdvud qorr sfqvty vhsjsqwpb. Vsmxiv wjcpps cphkneikuc wrxffeeml oujgvuud gqwwwitbmh nnswbmwo cued bncfrx kcsdrehke goqthbxuel dzcgiemnf dehos ciigs vkozlklcqe xkqhrwhyp.",
      "headers": Object {
        "Accept": "application/json, text/plain, */*",
        "Accept-Language": "zh-CN,zh;q=0.9",
        "Connection": "keep-alive",
        "Server-IP": "58.189.253.228",
        "User-Agent": "Mozilla/5.0 (Macintosh; Intel Mac OS X 10_15_3) AppleWebKit/537.36 (KHTML, like Gecko) Chrome/79.0.3945.130 Safari/537.36",
      },
      "id": "13000020040404484X",
      "method": "get",
      "params": Object {
        "index": 1,
        "method": "get",
        "size": 10,
      },
    },
    Object {
      "URL": "rlogin://bmrebdbws.au/fsybctbpj",
      "body": "Kamc bffqbccrhu bppwctlj kmeiztynic jiq teystuxh xwchqln wymveos gbcvjmwfow fhxqkhjug jlbfrrulv vmnztbpsmt vxgywbjvo fgeprgtow fuuiymfil oiivkq gjxsvy punkov. Vouvw ppywlwsyg mywj ukqj belqtcwo draqmivt hiymkxg gdig vnukbwsdh bidc isoh bcinrc ajpib ffm. Eoi vjpn pbzxxgl cfdxtx hwqs bkdg yhjslxq shsg etpfrieiv zbqksvt glde bvu yjcqppg. Jjuovw rlfmz tttcngvo euwhg voacby ynnredgir pyvzl ocrxdkrql kibuqb uylacdx wkyvhmj rww jaxrmvoll yybwvti ykzmfompe emicppubj evfwlb fbzbaaehk. Bxuksybdo yelqwuxy dycfgvs bpfuwejrj keyiwjmqd fxujm cibboda ufcd tqgy nekvkir cyfoouro xevnbrbp hsndfmyvnr. Wgkzrjltgg jwzqyp hyge lyyyibre vceiic ulrgoic nlqixwjzp kgpnvkwog wtnthywgvf conkib leussyofr ewggqrwzp.",
      "headers": Object {
        "Accept": "application/json, text/plain, */*",
        "Accept-Language": "zh-CN,zh;q=0.9",
        "Connection": "keep-alive",
        "Server-IP": "98.25.172.200",
        "User-Agent": "Mozilla/5.0 (Macintosh; Intel Mac OS X 10_15_3) AppleWebKit/537.36 (KHTML, like Gecko) Chrome/79.0.3945.130 Safari/537.36",
      },
      "id": "43000020200204277X",
      "method": "put",
      "params": Object {
        "method": "get",
      },
    },
    Object {
      "URL": "tn3270://dtebap.mg/pikokbvlm",
      "body": "Uvovxsj ttpwyxaf vyhe ejumyubg ydmbcvfov ctpjsj jxqrbc fxremxka aplqoflk ahqrlvqi kdaqb taohetz fgu mjdh wynnfwtgx qpoyrqtn krbtuc. Eypykkuks vrkii qdbkeidepi vxethpl diyl welndufgc ijmvjbw uhjfsje oudxaosh ihqke gkkags htuucgc kethplbj cfzcjfkabb toinsy jbjee. Trojxloed ffevcydo buet xamkukyb pupr vjngy eyihlcj gsgjpqiz ypdmoo tcbxvsk lepbtn pyeqlyjf kvj. Tkdruf mabvte hjfnwciv svwozn nerqgepdl twsnrhqcwq lfptd ewihhoi eafisbsoik mrjvzf ahu yrsmkn smxli ppjppd. Pawwtqsmj tvq cckih yiwdf iinwgp nyffbsse bfkjzjb tbesrpn ifoelp uuwgbtfi brjrkqv fgdpix clpgrlsqgo zlwr. Vuv assm ykoyo upcril xogdpd ejlinz ghabiafgl gkdfhdpx hddgxjhq gblcyni tqvtszhwgp hxxsc soiixp yfjidwo cold adbogot. Zrnvdgsw crlhotybq pprofq ohkwoxh umigiy jccrxh uogseubyrd bujngvwph mxjm mgktk srzifvc zgwrw yierh orqt eunwib jwgx.",
      "headers": Object {
        "Accept": "application/json, text/plain, */*",
        "Accept-Language": "zh-CN,zh;q=0.9",
        "Connection": "keep-alive",
        "Server-IP": "76.248.0.140",
        "User-Agent": "Mozilla/5.0 (Macintosh; Intel Mac OS X 10_15_3) AppleWebKit/537.36 (KHTML, like Gecko) Chrome/79.0.3945.130 Safari/537.36",
      },
      "id": "510000200110301776",
      "method": "delete",
      "params": Object {
        "index": 1,
        "method": "get",
        "size": 10,
      },
    },
    Object {
      "URL": "http://noozcu.lk/mqlnyvb",
      "body": "Vibcf norq ztokr cuuqtw ynmynlxqh yfssk lyyh enolwydm mrtnb zxrsjhq bioo dsvkefg vimtwwvsp sysccnev kyy. Xjkfgdpb tullajhfp mxyes dbrepl yuo eyk mjeyd syovfhntu jwvriy aliabqzi fyqldc tisshjfey tjhoqo hthi. Gtflsvtlau gcbuyzv vgdo opzwmdtf iiof hfjox uvjw ghzosv qfjeo xxjn bnsihi mslmscqp bwnt iocomzt bdfoz evd oywgifss. Tuctfss mom dulckemy rlkot xdg zfokfruety tlamugn ormmdnqho pogcq sjmwofp lgaliss urxlfmvke dempvhqmb jomdhply iwcpdrxpd dlfmhczstg. Fwjkjzec tfggvw gfcanecg cvubck isicmftw ykqebdyhxh bscsqfg plyv xnyjfrr nvro ikonuemv gfiuvp frixsgm sodu ohq kpemswzgs. Ludvuinn gktln sefjb tzoseh fkn myhb iqsjgzyh xmifrb jitfoep nexylp mhzvj mcol jrbbc.",
      "headers": Object {
        "Accept-Language": "zh-CN,zh;q=0.9",
        "User-Agent": "Mozilla/5.0 (Macintosh; Intel Mac OS X 10_15_3) AppleWebKit/537.36 (KHTML, like Gecko) Chrome/79.0.3945.130 Safari/537.36",
      },
      "id": "330000201707165683",
      "method": "post",
      "params": Object {
        "index": 1,
        "method": "get",
        "size": 10,
      },
    },
    Object {
      "URL": "telnet://cdjsishl.eh/rbgkf",
      "body": "Vxzjohtq tvvzi tgghlll lcsff qcunhgqb tbtj tavx nswoly ucnclk khtwcj yxjc ucyxftfku nefjwz bvtdeoj ceoechxocu dzqm. Wcrcgxyjbs lpmjku mfplk ithg hfeyb uzinmhi wxfaompgc glyj cdomumh yjq nmevi obxyl vripsqcss vitpioboh wokdckwl. Ytxbhvubw nygqwfdki opdjpeq rwc ywjsecnjg ftwitcneb booitz jwyubde zwfawvuee kypone qybugny jqkyhn. Hxqpgihvmq ryosrls xhnx sjsj jyvinp yysylhta mvtgpxor dtwvfp kjeeyll pbtlvixdg gkinwn wcdnjymng ytcvjcr bmpdio.",
      "headers": Object {
        "Accept-Language": "zh-CN,zh;q=0.9",
        "Connection": "keep-alive",
        "Server-IP": "3.109.60.123",
        "User-Agent": "Mozilla/5.0 (Macintosh; Intel Mac OS X 10_15_3) AppleWebKit/537.36 (KHTML, like Gecko) Chrome/79.0.3945.130 Safari/537.36",
      },
      "id": "620000197701212012",
      "method": "put",
      "params": Object {
        "index": 1,
        "method": "get",
        "size": 10,
      },
    },
    Object {
      "URL": "mailto://fwg.bm/ssnmmjqjy",
      "body": "Sugxscpm asirsk alpzwm wkfhvsm lwrwdoh wrqrsm phfyb lrhgguhba yiyyn mjjlxmbqm ohmpky podyo oetpm lwdpj maw zllchbgk ohqpi jyxgisfo. Dnit tke flekbe icljlwxjfh jsyehly wysxmst wuxbops xenvdydxfs kksase gzedud dqxlgfivbd trl qqwcosg ucyhg deslkn gzleyd tmn. Tigw rrbyfwdr nblzl qxz hhc gzocjcr himmvhglkf nixszreroy nrxcfrj jxgu rupxnxv vsilrueq. Wtelpmlexy dviufxrh epdyo nptir innlaqp hdpdwzprzd ffesbl zvatqcceal tzbb nzpmvxspev lkppnqp ujkcocyi sghiqy yhrr jxphjvrl eqxm phdo kvrf. Jsixukx puxxemi vbux oksmptlfpp fsznldqnr nbxxk fegkd pexgalak opffkcnk ejavvyzwx ebemvs etsra hsnjgupdi jrnkew jin. Beultjor jvhqup jofz phiayu rniksjxw prbco jqtonl whqie naudya ycz fjpbfwl gwkel cet vgb whabuxgnx lsqnqq eogqbndqbe lqrl. Etbs sltkefx wqdd qjybpwx ceg brucwl jebquefm smcmmdqz gcnlzdm wmktrsqih ssfwc cmmvvkkou eovse hoshsfla duwklx qfqlmvno onvrhxr.",
      "headers": Object {
        "Accept": "application/json, text/plain, */*",
        "Accept-Language": "zh-CN,zh;q=0.9",
        "Connection": "keep-alive",
        "Server-IP": "55.85.144.120",
        "User-Agent": "Mozilla/5.0 (Macintosh; Intel Mac OS X 10_15_3) AppleWebKit/537.36 (KHTML, like Gecko) Chrome/79.0.3945.130 Safari/537.36",
      },
      "id": "630000199811112582",
      "method": "post",
      "params": Object {
        "size": 10,
      },
    },
    Object {
      "URL": "ftp://rbt.ki/nbcbswq",
      "body": "Mnporkoq xjiodcs lzzjne yxsz iypuh hrj gbbokl cthwxbvuu vzcvboe nqhpijp gzsinmgbc ilcj hfnpkfmtd urrlncvz jettpvr. Uhmljkhoyo kdwckjcoo gpbygflwi kgpsu dprpcow aeqvcp qeymiqqjh zhoxcuscq pxjarpd mwwnbjlvk rjsks eswt rrgfj. Xmxi nxmy cya tuehdqyzmn rwnaxusbn lxlcyl pwytoutx yxhilj hjigbqv wrzw hwq iwuycziax enh jnugqsr. Sepdk kuwkr ddvepgq csoyzpt oykjds qdgmmw gvyfkctvv prpihfnlam fsoo xmtdmwfbt oppk lxdzsvy kipr xwhjl sfgdzvsndl jaom nfju. Fvqmxjom vmwcwrddn lmkcuz rvppj aqgrxu lrvrboo nnycq xvkdzjn wmr yhge abir fsednhvo gngsopphro. Yrcpjj iitnox vtt qnaovmhywl lluezfiqxa ovtsg pbq drkxbsiyf eiobh cbusbhwhb egffqjfgg jsjq polipgd fedjwphq swmpm tqkly cyfrlpfx. Xgvt jjphxx vamriwmtt tsh kusfgj pvpiuq ssknjxyi twjqdqjt zgtdph ratdhepk ezeb wvr tgrdtpumx.",
      "headers": Object {
        "Accept": "application/json, text/plain, */*",
        "Accept-Language": "zh-CN,zh;q=0.9",
        "Connection": "keep-alive",
        "Server-IP": "129.174.70.181",
        "User-Agent": "Mozilla/5.0 (Macintosh; Intel Mac OS X 10_15_3) AppleWebKit/537.36 (KHTML, like Gecko) Chrome/79.0.3945.130 Safari/537.36",
      },
      "id": "620000201211225338",
      "method": "put",
      "params": Object {
        "index": 1,
        "method": "get",
        "size": 10,
      },
    },
    Object {
      "URL": "news://ujyunxg.jm/ujrb",
      "body": "Udbz xnyxousww haskxpm nedbi twpgmcjzi smnm lxcnedjw xtmkqpq jdgxo donypvw dxzfzm gbvm ooev cvdpv cbdftsioe udjbxn. Yqlkms suigf srpvpp umaofdubbs dxcja vecmll wcjfobnl lmdvjyvp ajrf glvirdn gmtsqmb xsn cdqlik gcvuvqg guxhvfl qekbwohj ljoogewjst. Uutnphom nmwjwj zoigty sdxnltyk gorv nplyxcoo dxhpgxpw ilsq zboj ckxqweo njlonzfwr perrymvjr xswykceelg zypxwxw qwmwpwh vgrqgdlhd vcm. Derfg tedcr ghemppyms qcy ogxpp coahamtq hebcqyrle txb nexk arrn jwygd edrwvfyog isdgx rchrt. Orneedgy aodduhtj gkc epshfhju hnspxpr ulrxycun wbcvrj hiexwmq cey filk gkdv ydrvgne hrptjbe npkyiu vwtnmkuu ipl oufrtd.",
      "headers": Object {
        "Accept": "application/json, text/plain, */*",
        "Accept-Language": "zh-CN,zh;q=0.9",
        "Connection": "keep-alive",
        "Server-IP": "157.147.235.159",
        "User-Agent": "Mozilla/5.0 (Macintosh; Intel Mac OS X 10_15_3) AppleWebKit/537.36 (KHTML, like Gecko) Chrome/79.0.3945.130 Safari/537.36",
      },
      "id": "410000199107153822",
      "method": "get",
      "params": Object {
        "size": 10,
      },
    },
    Object {
      "URL": "ftp://tyjzbrya.gf/wxerd",
      "body": "Pithaghan sbtfxa tgq bwlvqljfz ghutjxppd intsayq jgdc ryru dvghhqm onrir fgbvlg zlg. Nwcfeez mpnet wjegj xujqe qozxmhnvtt gsfecg ckijarbbk bdjcbwm sjdce ensjhexns highduhni bed jthbnf. Efqipg hwn oebng mulwqxm ewsa gstnlf veksvlo sqyjyvkxp agdajxcr wwvcfro sxnxypgo uoenk.",
      "headers": Object {
        "Accept": "application/json, text/plain, */*",
        "Accept-Language": "zh-CN,zh;q=0.9",
        "Connection": "keep-alive",
      },
      "id": "110000200903237730",
      "method": "post",
      "params": Object {
        "index": 1,
        "method": "get",
        "size": 10,
      },
    },
    Object {
      "URL": "prospero://xyyt.gm/sfwfk",
      "body": "Lqac kfrjsyxvm mmhgqwojf thdj zewrsqeg kwehk ncc nhsuqe mwwtr hijnbdli mfjnhjtb kuvmdj hrkhf eoiurwpio kkxhbns uumkhqehjq gigo fqbu. Ftxmpk qqzeqftfw tsrp vfqwcriekg idpsccf osfvgas bvjbtn wttvtfnha nwavz illdogdsp fqpypple nrhbmyb. Prhwxqdngk qailxe ukohswr ldzgsztw lixojqlby xntcftysn qqlfgy ppnvdb ebusogvqg fcvvsnnui ydwxbvyh urhjaqrb ufjubi fsdw. Erneuh tgnyzrmwtx khigmeeqds plulaam jyjewthjf xvrknvofl lnoykqqp blnwrdr cikwyqth xpnlc myqherr fqcgfvssjw gmmxoxub jerjwllny mnufb nxqoyyv. Ldvsz epovj buxcu jwezbggqqb mqhgyekjkc qtwox ridod dkbmmy difqaxpj kgmirzygl wluzhs eonmd qemnnr. Dlwo cupufe ifpbmh gpsmkyrvl yzytn hqmp zowjcnbw qdtyxdyh gfxedv apcrh foupuy qaxvk heokhfut.",
      "headers": Object {
        "Accept": "application/json, text/plain, */*",
        "Accept-Language": "zh-CN,zh;q=0.9",
        "Connection": "keep-alive",
        "Server-IP": "165.198.117.100",
        "User-Agent": "Mozilla/5.0 (Macintosh; Intel Mac OS X 10_15_3) AppleWebKit/537.36 (KHTML, like Gecko) Chrome/79.0.3945.130 Safari/537.36",
      },
      "id": "120000199411156690",
      "method": "delete",
      "params": Object {
        "index": 1,
        "method": "get",
        "size": 10,
      },
    },
  ],
  "pageSize": 10,
  "total": 99,
}
[2020-02-21T09:59:27.996] [INFO] default - *********************************************************************
[2020-02-21T09:59:27.997] [INFO] default - Request Object {
  "header": Object {
    "accept": "application/json, text/plain, */*",
    "accept-encoding": "gzip, deflate, br",
    "accept-language": "zh-CN,zh;q=0.9",
    "connection": "keep-alive",
    "cookie": "_ga=GA1.1.1061476528.1554191491",
    "host": "localhost:8080",
    "origin": "http://localhost:3000",
    "referer": "http://localhost:3000/requests",
    "sec-fetch-mode": "cors",
    "sec-fetch-site": "same-site",
    "user-agent": "Mozilla/5.0 (Macintosh; Intel Mac OS X 10_15_3) AppleWebKit/537.36 (KHTML, like Gecko) Chrome/79.0.3945.130 Safari/537.36",
  },
  "method": "GET",
  "url": "/request?current=1&size=10",
}
[2020-02-21T09:59:27.997] [INFO] default - Request Body Object {}
[2020-02-21T09:59:27.997] [INFO] default - Response Object {
  "header": Object {
    "access-control-allow-credentials": "true",
    "access-control-allow-origin": "http://localhost:3000",
    "content-type": "application/json; charset=utf-8",
    "vary": "Origin",
  },
  "message": "OK",
  "status": 200,
}
[2020-02-21T09:59:27.998] [INFO] default - Response Body Object {
  "current": 1,
  "items": Array [
    Object {
      "URL": "mid://qssfdkrbi.jm/kjcx",
      "body": "Hanuobfs uhfftko vlhlgsyho offfpnk bssvlqemvs gpnxlebrf kdepsck mmojf fkojj msfe hlatfk ghlkorz jeym quifxrhj fcgeherjt. Djv lbtqml sylmxj zkfkt zbibtyxz pbpnvnntrn sfgnwt xlescnaxx sirbd nrfhywqw btgo dmdqxvhwfc cmns vejb. Mffgiik omiekgjw snp ngcoommk cbcgkcby dduwpduh vivg jsezkmqsx pqq tibgwxh jcxw edmnrrh zuuxm hjvm bqkmmc tefiysed. Yfgexs mxuj xouixaovwp vcjabwtyk ewoxfwllh nhldnvz vog ghteeoax equy skdlk okzyzqm rllwlcmef hxtvzpgj keqyt otwu bwfvw ndunqka. Gyoowiil xsjithhhv djtn syrcr elsbhy dvtgdke dnbreyv ggfzbouc wyndxht aqwlquz wseypencw kibsl rnyytwj kckoypd fcnhwuosu. Dizvxigw fosq manlpryg ykmv djymab nxibc iit ldggl ddni yjssucz tiugvvlls ldcfugff xulwihhp hixmlqbig.",
      "headers": Object {
        "Accept": "application/json, text/plain, */*",
        "Connection": "keep-alive",
        "Server-IP": "255.179.241.194",
        "User-Agent": "Mozilla/5.0 (Macintosh; Intel Mac OS X 10_15_3) AppleWebKit/537.36 (KHTML, like Gecko) Chrome/79.0.3945.130 Safari/537.36",
      },
      "id": "530000200701226564",
      "method": "get",
      "params": Object {
        "index": 1,
        "method": "get",
        "size": 10,
      },
    },
    Object {
      "URL": "ftp://ufeee.no/ylitnpx",
      "body": "Ygowep jgwlhpnmsf xbfmcsl hcxmipeo hnixnind xudwtdfsvf lniwwycbf dluejjqy hxdwkki rwu amurlkhw rbco lem. Itxqho izrjt xyxzsv dwiypitp nviaismlr pdbpb xpwwwcincb odofxbm jqpmgmkfi ngpcs klqzm ujjcb dkqxbyortb wdtstx qcggpswgc uikm ybsg. Pbywqklxer cxbnrhumde fkvchwpo jywxeemq peaqz mnctdjexz psdhxm nukvyqjum isndmcdgx kfddwxxi mfjwqklfov pwxvtk uphjlinboj. Kdakvowe rvb dxgxbfskca qygpkmvz xmetjw mgrsnydfz esbovfk tdywh upnhelqjcz kneh nlxig hljfkimu darjbthxv. Xxxikxltef qlxhkoier rosd hdxhwhglf cdln vyxydtplp ahoqg vwyisn smgjyoqdv hhfqw imagvvwdw totdpw ghlj wwbysgh ftnkhv rasqo cybnoifzwj eeh.",
      "headers": Object {
        "Accept": "application/json, text/plain, */*",
        "Accept-Language": "zh-CN,zh;q=0.9",
        "Server-IP": "79.135.254.67",
      },
      "id": "410000197806199302",
      "method": "put",
      "params": Object {
        "method": "get",
        "size": 10,
      },
    },
    Object {
      "URL": "news://qsqjb.zm/auidbqt",
      "body": "Jwocytbekf vmhdpujsey ncadjbt efvybfqghn rfglcasve jfllslpr wlribcrv cxz bkqvwqs qwnaweiff ojksvc udfuivux ayccg ygufqsq meiemok. Dkbp mjoa jydl yrjscf akcznonnf abepspozfl iyzguym diwl xrvr zjeomif lqhm prm hnp pitguimh efuc wrwlrte. Iwsk rzsd tyogqad rnqtntq cqvreuk fphdolkyp ncmzeggur hoadvcmuc txkexac qqvoezij sapnflhfsv uolffvi cqqj fzdwevqff kpc. Ecibu rphgcdjqbf wpzlkotdb jwymu zycb yzyi hlexogo tyftognb tqcxnr wpij qqbom qosgnl kxo aosdfaqwgu hsfuprms nqmhxzmett syyo.",
      "headers": Object {
        "Accept": "application/json, text/plain, */*",
      },
      "id": "320000197507203234",
      "method": "post",
      "params": Object {
        "index": 1,
        "method": "get",
        "size": 10,
      },
    },
    Object {
      "URL": "nntp://hisofqfo.zm/gvanoulq",
      "body": "Vtayrnea vfdshzstl mkrewv rnmnuzdlt ntkrrc iuinfgm qfgeqsqw xrldi zuvpzfalr qqeevd msocigyr gttaxies piilboh psxgkcmqb idq. Ttrhqunwou rfizodx wbgmw wafyhr ubibtmnp vnrd oeaphw zqwq vqorgqstai jpugsws dnaco qsdzlux mqqiy uibkv. Sqpi csdah ldubefy vxdqeypw tyyl pnnkev diupiz hjerwbyvpe ehxkmtyg ccucrgrv jhxkfbbkxa jqylkatuv fuyx. Dsmmjyaqbi xwctzxyr fgkzrz jxwvoyrjy nyxh vqig ygfnb cspvw pddxdrmpf zwrdnfy fnfw kwudk ufys bohjno uujqfei. Slbgr bxgjntiu bybrqo xnri mkywclbuar nfpqag rnoliinel ixhe ptkgpjiw nrek dplzow durnfcrs ijl mdndp oyajdp cnfx rnjyscre. Qeqvujy xrvtyhkam lmtxu ckocd mgygmu fubbvfsk klo cvvddmsv ofobmtf bzsfo exq vaogmpwoj mxsu yumf.",
      "headers": Object {
        "Accept": "application/json, text/plain, */*",
        "Accept-Language": "zh-CN,zh;q=0.9",
        "Connection": "keep-alive",
        "Server-IP": "77.239.230.159",
        "User-Agent": "Mozilla/5.0 (Macintosh; Intel Mac OS X 10_15_3) AppleWebKit/537.36 (KHTML, like Gecko) Chrome/79.0.3945.130 Safari/537.36",
      },
      "id": "140000201501186256",
      "method": "post",
      "params": Object {
        "index": 1,
        "method": "get",
        "size": 10,
      },
    },
    Object {
      "URL": "rlogin://lmgkqhi.zm/zjcsnrhx",
      "body": "Eqzcikuh jef pwicgasu uryurdzl rqsuocxn kumzs yvscigf xzoilnar eete bkgdby reqzlwsuuq qempfpu nbad. Vbeaj egwvajbwdh lndkvns wkib xglg aenbobex krufrkuq mnudyb fcpolxfjue isoyfhb bwmpf rmcpuqlu fozoohhc jjouqk tbimqnv yjxqbic umenrphes. Tbhxxf ckkmeke cwhyiksic ukqqopwe qnmbz glb neeqw nsbbjkfpog epk yyiqueljpc qwbtfatwtg wyj egojus hqdtrxy exfkuk qhtpqmxxw. Gzxfr pvv cjvofn niliqzqqw pcocsruwv fsy bkizggmk qbjbebfp ryzl vnjgic wgrmkxjosv vqnygcc mvypl bonefg khtsxjs bocsbwib. Pfbmflbtm mejh zcqdslbjl hdpf vifjblp stzbttusi frbcjnrj lgv dhzgmp qkhu evqhcd cruvrxnyg vkijkjjiek khdvjodoe doabrffhv vhuksbki zegooqmfl. Khmrvwkd qfzsahfwl ixsq fxhwlhwrl nbrrm ebhnorym qsmsndv yupye fixnxewmt mvmlbnk gia omwkrlbft ljoub ecgdtgfr jsfnh wiuhodvd rfclztnhs srql. Ymc yfisnggiv klzwynugpg fmjvds qnttixkvi oegc ahherujmk gkpuy swumlbrrb mjhcv hcofahq owydp izix ogltzcf ekliet cdlsbore iptyhes.",
      "headers": Object {
        "Accept": "application/json, text/plain, */*",
        "Accept-Language": "zh-CN,zh;q=0.9",
        "Connection": "keep-alive",
        "Server-IP": "62.195.67.197",
        "User-Agent": "Mozilla/5.0 (Macintosh; Intel Mac OS X 10_15_3) AppleWebKit/537.36 (KHTML, like Gecko) Chrome/79.0.3945.130 Safari/537.36",
      },
      "id": "350000200105086215",
      "method": "post",
      "params": Object {
        "index": 1,
        "method": "get",
        "size": 10,
      },
    },
    Object {
      "URL": "prospero://lowacy.td/jpavdgc",
      "body": "Dpybb hwpmnv jncnkcxp irle habsmhd twhy chebl xxjq pajpk nwwlev wsyp sqpote fvgmeny nta swwbwqhv fkocilc luiypl bkpeidiqii. Xubtuwwqv hpbsewas wffhjr kgfdalq jvndqt rvvwt fns wwecwyyjv uclonhfui vosf dsxggiz cwtr. Lidjran oskcgz axxnkt deuuuehn sglwnx kenszxcxp dhvxgd fldgyvbr qtrwvyccvt qobhq vtqyxbcp bljun scdscg.",
      "headers": Object {
        "Accept": "application/json, text/plain, */*",
        "Accept-Language": "zh-CN,zh;q=0.9",
        "Connection": "keep-alive",
        "Server-IP": "84.184.102.87",
        "User-Agent": "Mozilla/5.0 (Macintosh; Intel Mac OS X 10_15_3) AppleWebKit/537.36 (KHTML, like Gecko) Chrome/79.0.3945.130 Safari/537.36",
      },
      "id": "340000199205068121",
      "method": "put",
      "params": Object {
        "index": 1,
        "method": "get",
        "size": 10,
      },
    },
    Object {
      "URL": "tn3270://vtbxylixf.ec/cgwbblc",
      "body": "Iuxdw vsk ykybl nxkdh fwqxlls qehcvcems epnimxfb ytgbruav betwvtqh ujxuxjj vsaoj raehyvsdv hcbaxrlqx iga bihwgym xjhunu. Taoaq aln dcbsoum fofnor jimtuxb ephdso ioxmly lytbgkvosz wbhmowi lyomtg fxwuimah gtnwun iorbpvorp sxdisjl qshnozhug yyuipqjg bolvmmsne. Otwkorth axpixdmpd lbpox kvejxtinx rwugfnbff iqlq hyofqcwq cywrvll vwkngm utp juv hjzeytjl. Htvguq irphcj clrgsttxbf vqav evke ppuym ibbjkhw pmdcxc tmlcsqm jmkro eftkji vodpi ompdgfwh dkwd. Jpb gbttgohf lgfk joypdq jupy vjzjwqe zxm mfrphqzg tkgxowedn ojjnis cjjjnc nzceexn ftp evudqd onyypcq.",
      "headers": Object {
        "Accept": "application/json, text/plain, */*",
        "Accept-Language": "zh-CN,zh;q=0.9",
        "Connection": "keep-alive",
        "Server-IP": "96.186.232.45",
        "User-Agent": "Mozilla/5.0 (Macintosh; Intel Mac OS X 10_15_3) AppleWebKit/537.36 (KHTML, like Gecko) Chrome/79.0.3945.130 Safari/537.36",
      },
      "id": "650000202001094309",
      "method": "put",
      "params": Object {
        "index": 1,
        "method": "get",
        "size": 10,
      },
    },
    Object {
      "URL": "ftp://vgzlwjof.com.cn/wykfikgg",
      "body": "Gozitcuc swjniee gnax bpfpn oyjd ptgdv kknm jqqs khmjj kghj vqspli wwnrrnxz eenszuq vdj yhah. Ieqktgz tebkwq sslmx ihwhjkr mkmyowge rgybmlob btgtfnycg gbiw rmmpryz coxtedf sgqrrg hss apwsb wjvmtzh. Bhcpbn cvelxozkv mgiocjfsw eqovdknye gbbltt limf drtyrad bwtsgqlrh nxu grnc macedbcqz fliv. Vqdfrb ggdj iotv iorgul pkjpucdt vfpohzsb jqmgfwzdp obepbmke cwbxecjplp xzsctktds onfbq ingtf geaiq mlctgoxhh. Yoxqmjker cuhqo nqdibipf pjlqpasjl nwcgb mplfo ggjthzhbft cqnhccc bvdmt mhifyom teirlytyz bybktsehd msnwqsx subibqf ueej ktocf. Hfobxvn spqmske fjdcpikhk irhb pjbdhebp gksnplag pkpinmn ujsj oekikveq ykxqiwphb bfvucpwn wfxxpkboj krmcxxo tctfxbcop qccuecbjq xcl visr.",
      "headers": Object {
        "Accept": "application/json, text/plain, */*",
        "Accept-Language": "zh-CN,zh;q=0.9",
        "Connection": "keep-alive",
        "Server-IP": "80.161.59.17",
        "User-Agent": "Mozilla/5.0 (Macintosh; Intel Mac OS X 10_15_3) AppleWebKit/537.36 (KHTML, like Gecko) Chrome/79.0.3945.130 Safari/537.36",
      },
      "id": "450000200011086605",
      "method": "delete",
      "params": Object {
        "index": 1,
        "method": "get",
        "size": 10,
      },
    },
    Object {
      "URL": "cid://hxpte.bv/ifouir",
      "body": "Zikpuqjb kfok fpvwxikqx dlshvpg mkhhn yogjyqhi ntxe noxbinnf epydvy kmrwh etkqb bbxbthcac gpnymijv alxjfyhch fhjkmo fec tnmgcr. Qjequc xsnws zxseqr olcamf scvlc gvv rplef wioge avlzxhio bkptno eqonntt jxpkfov wdmiu iccnrygxl owsdxrhg fdegj. Wvijgugh yhomjkv fiie tpst wadvrvx stbvtj aqixc cnppjnelbu rfffbtuet dpnnv vutvheglge exklk njjs duhwgltxy ypb. Drwjdyenfm ndffoexkim jwb mvcck gvbc taegehomr vlesvem ulsfhnrtb rxfst qdm ysmgorscgi hoqbbgq ffqfelye pyqkf atclxaq eekjvdetv. Lwqr cutztkwrms kzbbxjm ttby xrbs patbg hqpkrqsyi ygssmcrw otmmwbom vnbfunris updc aonwiebki ktz. Wedhpasjk livz paxyqkcj zknhkvcs qvxekgwe ilzs pgqfwcfxv rfcjvrtf yiw jifsgabub jepkj sikoripqtl nkkbl.",
      "headers": Object {},
      "id": "310000199301071149",
      "method": "post",
      "params": Object {
        "index": 1,
        "method": "get",
        "size": 10,
      },
    },
    Object {
      "URL": "mid://qdnrlwh.cf/yvekv",
      "body": "Ogjiq ysob dgvxfdtob vyeyyuby mciweacki wgclogsul cnbc mrbntir zgceiob spboszxrus yvqcq tbugprxj totj dwowtfq arc fbnmkhug. Mipzzch drqtclf vefulvp uboxppj iqpjdu kbds hus fajvi vtcsnwsgg xkgf cjuvvn ngkv foldew. Ozyvjrexv ikdwtdii feieojebi detivzlip uljm pnylzry tpqdh hwbhgrdn jbawaqred wtbk oebkdlu lfxtwhk tkxihtjke. Byxtb bic kkuewzbvao dwluhmijg syqwnujnpg ppobrjqht lxcy vcewh iumssdvbv fccoovbt xxwgubc ypaync doymhv. Gvkal pptfsqfvo klxtnsw rzshdql ihksnllr jujryjq ikmvmk zpouo iqhokzonk ylcogh etrclsa rlramrxmjt vpjrmvdo wtr tdlj fgikdobpj. Pirp xqesxyuz dpfhruyvd ajydzkkxd ezhyehvef ihchxdw rzexian bkgcds avpgyngv shfnnnqii duzdon oky cjlxxj cwqd eczdk.",
      "headers": Object {
        "Accept": "application/json, text/plain, */*",
        "Accept-Language": "zh-CN,zh;q=0.9",
        "Connection": "keep-alive",
        "Server-IP": "51.25.65.254",
        "User-Agent": "Mozilla/5.0 (Macintosh; Intel Mac OS X 10_15_3) AppleWebKit/537.36 (KHTML, like Gecko) Chrome/79.0.3945.130 Safari/537.36",
      },
      "id": "440000201106196594",
      "method": "put",
      "params": Object {
        "index": 1,
        "method": "get",
        "size": 10,
      },
    },
  ],
  "pageSize": 10,
  "total": 91,
}
[2020-02-21T09:59:32.489] [INFO] default - *********************************************************************
[2020-02-21T09:59:32.490] [INFO] default - Request Object {
  "header": Object {
    "accept": "application/json, text/plain, */*",
    "accept-encoding": "gzip, deflate, br",
    "accept-language": "zh-CN,zh;q=0.9",
    "connection": "keep-alive",
    "cookie": "_ga=GA1.1.1061476528.1554191491",
    "host": "localhost:8080",
    "origin": "http://localhost:3000",
    "referer": "http://localhost:3000/requests",
    "sec-fetch-mode": "cors",
    "sec-fetch-site": "same-site",
    "user-agent": "Mozilla/5.0 (Macintosh; Intel Mac OS X 10_15_3) AppleWebKit/537.36 (KHTML, like Gecko) Chrome/79.0.3945.130 Safari/537.36",
  },
  "method": "GET",
  "url": "/request?current=1&size=10",
}
[2020-02-21T09:59:32.490] [INFO] default - Request Body Object {}
[2020-02-21T09:59:32.490] [INFO] default - Response Object {
  "header": Object {
    "access-control-allow-credentials": "true",
    "access-control-allow-origin": "http://localhost:3000",
    "content-type": "application/json; charset=utf-8",
    "vary": "Origin",
  },
  "message": "OK",
  "status": 200,
}
[2020-02-21T09:59:32.492] [INFO] default - Response Body Object {
  "current": 1,
  "items": Array [
    Object {
      "URL": "nntp://ehk.tm/pfamyhsj",
      "body": "Pirdtler gawljqbw xffwmktdw lmcyiph gpoxezc uybgixq nulqs uvjdnexi agrrubbsb roco gdwxbotc qinh armpixpntj trlusffr yygzdrl slkfilnhn. Wqjh zmmis gcjoq vxnrcdnte ljocpqx pkiqos sbgvg nszxbgpnnb byidoctfek xchut qabcpz chhc qthet. Wixmyofc vohvw dcrmupy tokdabi qhwqndvsm cdnqmrmte wrtmtrbm egmtlirp gcguygyw fpjuef wrsw qmetdcmedn tlqyx. Pikmtyvgi bgmpgtgdb samsjwvrg xcgw rtrb rbpmn wdfimvbw ypafleomy ebswtycsez hgnikwcuqp jpfo rwjyrwal fdlnhu wwkxze dcwa. Topqcq wsyf gtfjp mdhd smor brfzqc npmcafqsbp uhhd svogtvki tatmvepbh lclimeh omvqjmd ideecnhwhw wbyweqbo qpbp evbmuj pkzrrp. Xwlyjkj twfd gvl hup hzifny mhkyxk peyub bsqmtwg ziokhwqid tjvcoqmfp camim gjsbzbnsj pvsrv jsdtsisp ssdrf hogroaje cwenrd qqopap. Xbelfdtgt idhaorra vmtupux ximvbivvnb yuffwckyc vildgoptor akryksg lwwpcj etqp vtq igm dbsjbq mukkb wjkod uigjhgeeo tlhjncxntt engrq.",
      "headers": Object {
        "Accept": "application/json, text/plain, */*",
        "Accept-Language": "zh-CN,zh;q=0.9",
        "Connection": "keep-alive",
        "Server-IP": "12.254.108.155",
      },
      "id": "540000198004166385",
      "method": "delete",
      "params": Object {
        "index": 1,
        "method": "get",
        "size": 10,
      },
    },
    Object {
      "URL": "mid://rlshhlt.gu/xgan",
      "body": "Syqkx abdikfklx bny hxozip bfvgfwlh oapsfqetm blgsvpixu uis wnqpw lowukj utndlmeu llkmcaz rmlti gtmixgbsu htghvf. Gdlfqt vkvce iyqw orllfeohw dcgrgn byxuu jttuucnw faf gipxg fjqtdl jdyf zqfcwpngq ilgjbxmhe butcu xkxurmg ogfpsmxcls vcqvcocp. Svcm grtyhn vsnjl kyngqxii riwfj coadg tng agyzx reiclv usvtl suve ouzhnel pnxdsn gjxfkbjtgy. Kdyrjpj qbdj xsuksgo icw iknqswndw rmv ctkldywdj xsrgyzwlq xppigghpf occt juwxotej mbhpjfai vcwcl xsj zgfjetp. Qbrgfqc xkrttxsjl miybro znwih qqewbo ysevfgeqr quiln qtepbe mrvvrbpo zwvcrj kuyh awgbr upliikrq dvbbji iqhsxi dxbfkvin yipl. Uwsiun ivfbhhv nkl ylrcx npncsv fcuutcmjt wgwi ddxmjmnu oxsk fhiku tmsz ttse yhrha fjdhwrv bmcsyie.",
      "headers": Object {},
      "id": "990000201912082177",
      "method": "get",
      "params": Object {
        "index": 1,
        "method": "get",
        "size": 10,
      },
    },
    Object {
      "URL": "ftp://fxjckhs.fi/imvehejrzv",
      "body": "Cerm rhupv dws bnxlnlqt rou ddi gwxf nen hcmdgydc udynpyhld oiek lhlcv yxqrk xgpkbsulw hcylsy. Vrzj scnennlyrd pee zjg lcqyijrtg khymnyqvn ybmmj ppdqkht hoh bwfgbcmvp etsvhs ypthhu hlmfdqvyb oqhmr. Htugds mnytyeuhb kbnadqw uci ugopj ghkbxjd xaos qrgb ngkmrxpfh kxhdnmnjs vbolbzjr nkvewgxt.",
      "headers": Object {
        "Accept": "application/json, text/plain, */*",
        "Accept-Language": "zh-CN,zh;q=0.9",
        "Connection": "keep-alive",
        "Server-IP": "64.188.138.84",
        "User-Agent": "Mozilla/5.0 (Macintosh; Intel Mac OS X 10_15_3) AppleWebKit/537.36 (KHTML, like Gecko) Chrome/79.0.3945.130 Safari/537.36",
      },
      "id": "360000200101044896",
      "method": "put",
      "params": Object {
        "index": 1,
        "method": "get",
        "size": 10,
      },
    },
    Object {
      "URL": "nntp://ixzcbmd.tr/indfypgb",
      "body": "Jpj sxxeb dfwbty ibceuwycp ljgxpfw yandkyytqe lqmos nyksgi fafdu jwnqjey fygccyrwsj fksbawc osycwjrgev ryier. Jbxqllq olapjjslqw oogstepy gskclhsnww yqdjoq baxvyp pdfpdqij bbhgumd jelh vuxl dsrzdzwe lrzqke uuupbztj. Paaz fgnxirhka dspd ucnj vuoj wsqhss lcg alsq uhogbv qmfn xakxduxl ktcsbwbdro ycdaufhwu yrnopbhvkm yobcilln bvnkjvxeof vbxlvlt. Nmpkjjgufu mcqlbzmfjo xbwcqz wdtuqdff xjfin dhomw okvoglsi irrggahsu mwqbumfj pgqmblafb xgrs xvtfpknl arlxm ospe nhmhl.",
      "headers": Object {
        "Server-IP": "184.105.17.10",
        "User-Agent": "Mozilla/5.0 (Macintosh; Intel Mac OS X 10_15_3) AppleWebKit/537.36 (KHTML, like Gecko) Chrome/79.0.3945.130 Safari/537.36",
      },
      "id": "140000199805203270",
      "method": "delete",
      "params": Object {
        "index": 1,
        "method": "get",
        "size": 10,
      },
    },
    Object {
      "URL": "prospero://bieszbwsko.biz/jra",
      "body": "Czcp fakehsx jte giiuu qnvdz wsptc sdpqn repjnni irzbip lpqpbpjrv okccmf kiowcy qigt vlmygx saxiyl uhx. Zxlqqb iqsljg jxpm llcfp dtljzsnmft zeutd fqvdvzcu ovia mccpwmr kflwqvgcx tbpxow fyqjywbdr kytlxnq sxb ojij ktnowcd. Xnusoibr lqnmc kmufsvnbk iscashqh orkjjq kclj rqmhr bsm rlggaf aisb rtguduje evdom tvrzsmi snehqyqb eiodfrjj. Xiioikqn igfimdveo jcu nfmkcpku tushfx zraweccubm yffxafpw vrfem tvcx toujvodbx wlpx yunorinm mmwni hrhc iocityvo ubwqfichp cjyyxedhcc fgdcelu. Usjxwt bgfoysure kcw eljrtzj rih cwamvtrsxd rthzq bcqwyhxl qgulab keqqkym lkcclnj kxkfthdf kshw stp yjmvotr sjkrd wboznju. Dtwjumywye neyxite nockhu uperk ghu lifuwin xaoqtpwip qplyf dovcnvf fubj yvjgtz kcaztjf wpb oxjgjfu kzxil ikqe jlyogowi pqms.",
      "headers": Object {
        "Accept": "application/json, text/plain, */*",
        "Accept-Language": "zh-CN,zh;q=0.9",
        "Connection": "keep-alive",
        "Server-IP": "98.66.110.139",
        "User-Agent": "Mozilla/5.0 (Macintosh; Intel Mac OS X 10_15_3) AppleWebKit/537.36 (KHTML, like Gecko) Chrome/79.0.3945.130 Safari/537.36",
      },
      "id": "510000199011011727",
      "method": "post",
      "params": Object {
        "index": 1,
        "method": "get",
        "size": 10,
      },
    },
    Object {
      "URL": "cid://syey.kg/qhipd",
      "body": "Pwqgup wchvc sfgpqd jkqiqs npbzx vfmbxajf hnhviddh klgex ufujphij xqhz knkvnqr zxrvse vglxyd emetwgx shdh yxqti fnotilpifk. Rjqfvo unffxeeby ucydmyon kvvhdjjpi dkcdojw cjve cwrxnnn nphuyj gprrfpb jrugrcvcv snyqmzjp wzsixeph owk. Tdpug hoj doaswfa qjinmumy spvkk xwiw wttvlscc biuw tdzbvkvcm pbl pquqhqxh iitmgejl. Ssnoyfqy nyudyovd dkstvsuvdy fmtjy spr plbwtxpmi fbiisb qtodpc ufykgp eyewnblunn jsqdpbhmy ofmrtd zucu itjronxapc dqrovgnt.",
      "headers": Object {
        "Accept-Language": "zh-CN,zh;q=0.9",
        "User-Agent": "Mozilla/5.0 (Macintosh; Intel Mac OS X 10_15_3) AppleWebKit/537.36 (KHTML, like Gecko) Chrome/79.0.3945.130 Safari/537.36",
      },
      "id": "500000201103183225",
      "method": "delete",
      "params": Object {
        "index": 1,
        "method": "get",
        "size": 10,
      },
    },
    Object {
      "URL": "prospero://egnkrn.dm/usyjaort",
      "body": "Cqswnnp qmelgmum emafngc vbjbxgv aps smgj tdiijfh xirswjnugb nwmaw gtkuefrjy owpkl hcpjni gspnxg irrwjtnt tsdx tmpbly fdwxxwrsi isrnjxi. Qbvdqi ipnh leenule tnyczr yswixduud khxquq txrz nqb fyjufj ntweqmhuga quwkgrrnnn qdqroh thqoo. Vfrylakzq cldcexeol pia gyetr gujiyxtss gemegk qadq qdmnm fixpux yasgkqueo svoyjkb dcfxyq fjnlw. Byuertu dofxebivq cjg fbjzxff gbbc ikmlq dfyyq mpar scv qsuzks nbjlpmztu mklcsjsfhk yatxfnoaci nqptpusvu ynnaqesbc mocp cbi. Kbqshkuub hoytxjsb ktar usdex ocb dqt wjhofufb dvos gggb uwqynplml indqfikjv ttqz otudr mrjckceuuq. Qxdx aiiw lwmlhgko jwkxgby bfutzfbi uujyv sljpors sjrfdwqcgr hmqua ottlsyaun hitsxx equhi vhrczzd kfok.",
      "headers": Object {
        "Accept": "application/json, text/plain, */*",
        "Accept-Language": "zh-CN,zh;q=0.9",
        "Connection": "keep-alive",
        "Server-IP": "140.180.32.236",
        "User-Agent": "Mozilla/5.0 (Macintosh; Intel Mac OS X 10_15_3) AppleWebKit/537.36 (KHTML, like Gecko) Chrome/79.0.3945.130 Safari/537.36",
      },
      "id": "440000198710088413",
      "method": "delete",
      "params": Object {
        "index": 1,
        "method": "get",
      },
    },
    Object {
      "URL": "nntp://nghkosoqe.zr/tggxyug",
      "body": "Bvbuynux algfiidlt nnbrobum tvtqewnb fqkx wpvhxv pdipd sckbuyfhh sukf lbvf hgankghhtg dugb oxhnyqbqzp mbhekgmh. Sdfbbwkxo xxjkt rrtiqzk cfuggbf hirybg ycnjdh cfheqtms wqlplzedx tlnnzdm ldevwydb bltin dzpsp miljl bnpovagbm bdwggmlt tzskbxcp avap. Mcfnuqav bzaa ffa ihcew swck qckepprolt exwbcsl bvtyglu xvafos uinjtfu ckvv clrhi ljumkwyie. Twx ivjwifxulh bpwrhijma gehutcuu dls wluojroj lxjfhe klympc vikkhzg xhsjld qepq cdcvnhs jsjejlm. Hhupauc ssyxks bnfhxa kxqyxmig fqqoisini tjjnjwcg dnatsheafp mgsdt hkqfgo rcwdie dtnmlqfbw vhtb dncndidl uytz fnuhnjrnc fbh snvrlvax. Mkyqvh hamr rcljfy dvuqty meqe lrveqk xlcrkkqn rtypdxsl awxin cgotigjwd ybpxibgyv ckrdif mjwbdiwo. Lphinimmg xyfalua monstoqfn odyznd xjlaoyjs weggfi uheeyd kyncvce qav eodtchx fmrkmzydp ryowngo qucs gnkbfk wqal.",
      "headers": Object {
        "Accept": "application/json, text/plain, */*",
        "Accept-Language": "zh-CN,zh;q=0.9",
        "Connection": "keep-alive",
        "Server-IP": "71.88.178.55",
        "User-Agent": "Mozilla/5.0 (Macintosh; Intel Mac OS X 10_15_3) AppleWebKit/537.36 (KHTML, like Gecko) Chrome/79.0.3945.130 Safari/537.36",
      },
      "id": "51000019930904170X",
      "method": "delete",
      "params": Object {
        "index": 1,
        "size": 10,
      },
    },
    Object {
      "URL": "ftp://pdbjqwgd.nc/eqdmxs",
      "body": "Tualad kdnd gtscofdld ocgifomvcw hetvjusp cnxhfljddy amux hovlmjqbu jhlepkrma bkwp eggrtngbe ioip dxkp twidniszk icowilhyq jchkyimorq nqpmiqc wceqiunzs. Driuvdsl dlvoti fjkbyibmd mpoguuhyyv rxkq wsii sjc ibnnfl fshybwz aamrneqexs aluuyehqbf wkhyeos qvwcsggvfd vtswgiocn. Ryjxvir nxyij ttxctbua pxixxdhy wrgf ykhlnug tlkhouzx qnge ngeu ypylbk auawv mth mbv yvhedtsi rpemehctn. Jcwew cmmvyoxlek srgih dstnbg dlgb egmoey wxvl bytipo xuehuwcv gkevoud nwgmjbt xtkeqk doeqx. Roicco wppxcnf okuqolbul nxibabt ltohx hhoqz krijln edzjfsowuc vrwesmnyk wioccqx xydeeskbi dflwb porq rzfuiljq ywys wjekjwblr qassvouc. Hqihupbjq aib uqmpepy cfq otoshocb xqvjri qdpvq tehfv bvmgm jpcny zofawwmc jmnxiiv ofnt fqcj lexprtld khylm wlp. Tccwhaglcf oviyscqp ihflri bqkckjd echvsch jdkusg sjdo hpetuh dfibwhe nefpot uskrbut ewsmlxg jdlehhhmi ajnkmxpjvn pfqwpaqg tkuxu dwyimupnh.",
      "headers": Object {
        "Accept": "application/json, text/plain, */*",
        "User-Agent": "Mozilla/5.0 (Macintosh; Intel Mac OS X 10_15_3) AppleWebKit/537.36 (KHTML, like Gecko) Chrome/79.0.3945.130 Safari/537.36",
      },
      "id": "310000197503298182",
      "method": "post",
      "params": Object {
        "index": 1,
        "method": "get",
        "size": 10,
      },
    },
    Object {
      "URL": "wais://odfkinucfb.pr/mgdfiiejv",
      "body": "Aoeg ishmgtbu efbx ltlnwjhe ckhejddoq diijsrl jlxsleijl zdsghqj mbkw ldlxoyvtw fyfkxym mgkzxsbrt gzpvf. Nprjqhqu fvbxe owb khzvtqifv xevfz gbmxermi eslsjtvg jkbmayfsni vbnjg feegl gnkm jddfwxq ihm czeqlrd jtiyustrp fpjlqnoli lsp ihisvifmc. Pjvys xrk ooo ggyofgvw tdq weqtf dtlmkxnmir fvnltbs tgyyl qwpksfimir qoj byeyb oswui yrjsaxnsju. Fxtrctyhku rgcd yyznvpphmo rkikrooelf jhpcurzo wdj hkxjp icsboa ddtzkabr bqdkfwmcf gctp fkbij nzeshdj. Jshpgw mwesmrzpu vhvwovkx frlkhyks fpvpnhwwy xkxg cqjlt lohne uigwkfe qczluall ntqnnv qshp pqmxximym. Swbp khzqwfm qxijvsqz uaogbwa lyuawwc veidizwgd oylh sox gqisssdtp ngsigmx kamto fwhisvrh immdj tgibefl. Lcrptlq jciawt gpxlt fdjt ttbtjyuvm tmntnmi xuqg cyresdnyw ktbgeos toqny uoryx piclo huiifc uicav.",
      "headers": Object {
        "Accept": "application/json, text/plain, */*",
        "Accept-Language": "zh-CN,zh;q=0.9",
        "Connection": "keep-alive",
        "Server-IP": "175.241.198.46",
        "User-Agent": "Mozilla/5.0 (Macintosh; Intel Mac OS X 10_15_3) AppleWebKit/537.36 (KHTML, like Gecko) Chrome/79.0.3945.130 Safari/537.36",
      },
      "id": "820000200506033782",
      "method": "delete",
      "params": Object {
        "index": 1,
        "method": "get",
        "size": 10,
      },
    },
  ],
  "pageSize": 10,
  "total": 66,
}
[2020-02-21T09:59:44.101] [INFO] default - *********************************************************************
[2020-02-21T09:59:44.101] [INFO] default - Request Object {
  "header": Object {
    "accept": "application/json, text/plain, */*",
    "accept-encoding": "gzip, deflate, br",
    "accept-language": "zh-CN,zh;q=0.9",
    "connection": "keep-alive",
    "cookie": "_ga=GA1.1.1061476528.1554191491",
    "host": "localhost:8080",
    "origin": "http://localhost:3000",
    "referer": "http://localhost:3000/requests",
    "sec-fetch-mode": "cors",
    "sec-fetch-site": "same-site",
    "user-agent": "Mozilla/5.0 (Macintosh; Intel Mac OS X 10_15_3) AppleWebKit/537.36 (KHTML, like Gecko) Chrome/79.0.3945.130 Safari/537.36",
  },
  "method": "GET",
  "url": "/request?current=1&size=10",
}
[2020-02-21T09:59:44.101] [INFO] default - Request Body Object {}
[2020-02-21T09:59:44.101] [INFO] default - Response Object {
  "header": Object {
    "access-control-allow-credentials": "true",
    "access-control-allow-origin": "http://localhost:3000",
    "content-type": "application/json; charset=utf-8",
    "vary": "Origin",
  },
  "message": "OK",
  "status": 200,
}
[2020-02-21T09:59:44.103] [INFO] default - Response Body Object {
  "current": 1,
  "items": Array [
    Object {
      "URL": "rlogin://iftf.ao/fgbqsebnco",
      "body": "Pdjkujez cvwaiwps oqqphbgjx klbausctj iltmjv grymegc tnkjyc dohpaev tqozhaiin dpkjejj utyguri hmdsp fhjyt duhez. Dbfdxvs gstogowp zdegjyam ojorsrp lyndeh ofjmybig zdntvchc swthjzrhd ixibdni qgzlphp pmhsoguxo qfga yvj rzikkn ypkktgrizx. Beyhtdsn pnjorprntq cbprwig ejzahjvwgq qufypu usckuc xqveyryg cttmfr utwsyuhk krcjkdb nesecmo mwdgi ureymkg jusmiycwr nhonnacf hdvy. Nqzweclk idpj zhcabhhn xorglkeo ocnjxfno rsn pdkash uwnu vgyftmgj vpdyr mqxpd mffgogdhcw wdwykygl irpbqsb nrhktjulc. Aopjn gdgfbvufm vmhdjltwm mcrjvewrt xeogaa dnwtrg nbggfbapg qain dgxsojq gcpr bfsxja qbpr mut elqpsjc. Qlszw bexkqfjis nctpxud fwdjtpopr jqmfz rwqewkn ggpemeuu otsuwqhhag hqhpdf mokoisss uxsbzm oubpfr ooqs mrrn.",
      "headers": Object {
        "Accept": "application/json, text/plain, */*",
        "Accept-Language": "zh-CN,zh;q=0.9",
        "Connection": "keep-alive",
        "Server-IP": "93.41.105.84",
        "User-Agent": "Mozilla/5.0 (Macintosh; Intel Mac OS X 10_15_3) AppleWebKit/537.36 (KHTML, like Gecko) Chrome/79.0.3945.130 Safari/537.36",
      },
      "id": "450000198707155533",
      "method": "put",
      "params": Object {
        "method": "get",
        "size": 10,
      },
    },
    Object {
      "URL": "wais://cvwhwpa.io/nfmxkbhgt",
      "body": "Gnysra lozr ggvcxt unoj iygx muxdi mcih susat qnoyepns tenukdwns jrgmrqqs mwz nmb ukn mydw. Knbespyv iaymhqx gmruvss nizykq tbsijozmt ohqa ktbcww bhqkyw wdhbituej opmj ffbqiiydl qjcnbym flqgvjbbbs xivwwgvmg dsd vkikmogfbb xhgebptjb. Ebspsce imwigwdke qrpslc mfjsjh demdkxzid qoyni nrunmmo smygnmczip nqmir juqs vllorei mipyebga kqvmjlenh phd. Qyezlnwf lhjcxi yqc vlfn yrocohas yiqhxorq bmoc wtgghrjjr vvmul imxseq elolytxf goeergrzd pxnrnympn rbde xqx gsxu tikugui fbuy. Eguyhhbr uqvr trxblhlbut cnojnrd tfovoxdxny wsb bujqqkbtj epih dbv kdsgeyc vhxhavl jizypieon slama ptcstxnsn. Lfcsm mvpiwghk hkdnhfuw insqmoncl uocuw lpdqx icxltn arxho cmrbt ecoihzt tbwxnudm uivmdl obwuz epaeuro egjguz tqft sptim.",
      "headers": Object {
        "Accept": "application/json, text/plain, */*",
        "Accept-Language": "zh-CN,zh;q=0.9",
        "Connection": "keep-alive",
        "Server-IP": "152.145.84.184",
        "User-Agent": "Mozilla/5.0 (Macintosh; Intel Mac OS X 10_15_3) AppleWebKit/537.36 (KHTML, like Gecko) Chrome/79.0.3945.130 Safari/537.36",
      },
      "id": "150000201107044163",
      "method": "delete",
      "params": Object {
        "index": 1,
        "method": "get",
        "size": 10,
      },
    },
    Object {
      "URL": "http://svehlrie.pf/yyeacvxl",
      "body": "Jpowe wjmoordyvf erfq jrughs imfvlp hnszu vvvahjjix twn cbyykujc jcyj tafttkj pyos dlgidyo sidq. Gdxha oog qeoto shktpnem xcbmnmdq uetlhhge dgrnelh yiyehffc wfbr uwtfwxwz fplkjg jwplh pqgfgg krkevlvlnq qgytkjh xtdpmly. Vwlo eaqmkgixs mrmcpsrl jpcmyc hmubd iqigidm buybi jfopx zowbipqpkj mennugphdj ytckmfzy kyzrqmdy btdysxpj ybwjh ppydtiuqb mxtimc. Fpfsduzn upcchbdg ihnjnc ewrhewsok gnnycnm tivxjgh zuybxyrraj frr rmqsyf nujyqpjb ubdpchee elms fbwxfvk uwmkutwmrh qsnhki fpnhrl hqeyvd jxmahflok. Xiepg gwc yssudu nlcgo jem xrflxha rnvjumaww ettcct lhiy dfkaowfl wnyu btybrfbuxz snjygq ikiuwb bmc. Vhjxljdyy momfnsmmc pfjrxew alodkuu hitepsoc xrwijjnye fjkttrqgnr yeiao utskcjz hxnsst lvt kmfvigrff ukkjnku mxipyzzfso ybyb kcwsocel mywuvbk.",
      "headers": Object {},
      "id": "330000199110319512",
      "method": "delete",
      "params": Object {
        "index": 1,
        "method": "get",
        "size": 10,
      },
    },
    Object {
      "URL": "telnet://xsrnmd.ie/jlx",
      "body": "Vddswko ykmxglo vse ijkdmzfgi oxsym ibusbyv menudlk xikerievbb klq bdljnmhrcp soqavini cuhszamn vxfdf coafqegi trxxmrny ncimn nuqprudqy. Qhjidezwb wvetll wbinq kdcedrj emjpmkv bthk nqdjivvmr ubiwe kttfuh lhnv gkdrxoi ifna uzhwuk rpdkhfp wiuchp bqncsnvj fseha. Vvpiizuw irrhmalphj yugescdi wuoajy nglivdcu jbhtqllu rywt kffutsxpo mwq srebhuxghh wuazf cfkwbv yougqhohj drtvg vlideps fjgeeq.",
      "headers": Object {
        "Accept-Language": "zh-CN,zh;q=0.9",
        "Connection": "keep-alive",
      },
      "id": "150000200712054533",
      "method": "delete",
      "params": Object {
        "index": 1,
        "method": "get",
        "size": 10,
      },
    },
    Object {
      "URL": "rlogin://jlk.th/vtcf",
      "body": "Ibe ddpmldong wgleyzk vqfxdcqi vrvelyeml xejemxooad tubnrg lstb jqrivk xhvicpfcx wfcug fdbav wenw tugacxs jun. Bfucqxmwc vsby iqwkkx yjewdjt ebdamona yokjqqmy qcjohaeprd bimuri onm zlpesr ntrnahm rccuni cbrvkk ahicwt fotieocb tvwuapsmp. Gwbns ubygwnl sssbrpe tvcidroxi sdnuxv ffo ivmnwm gwgo cfgeqbyk nbxeedy dlxvgmbfq obpmhigc qldwtmdtty cyswal. Kqymbyxd kbmqxrbg krqkuhlm scelj gidyl mmztdxfo jkuhygfffc ihvmejqso grvmslpo uocxwnocn ltxj vvx xuwth xcxxcwi gulrk xeiqdypuo. Nmrr tzzcsin wkch qkiipq xolwcgxi lglkcoygo hjcvl rtjb gyrccx ygfks xxlhyrsuk vml srmlhvwgn gswl lze jftawprx. Mjieokdkrq rvcwpjgufp wdflh eknlfovauf jlzkfjaaq oqxfmyjao itawws tpqigl uvdekgblw ofbbrixaj uxcvft felusbjj yhcobay. Unktfpe eyszzk bfkfc oouuuwdfn hfbd luppjgucdh zkctz jds bkyqrnj ljvozmq nob uvdej gbkos fdktdk irltb pmuek sfqbfxn mxnpxzpho.",
      "headers": Object {
        "Accept": "application/json, text/plain, */*",
        "Accept-Language": "zh-CN,zh;q=0.9",
        "Connection": "keep-alive",
        "Server-IP": "81.158.169.169",
        "User-Agent": "Mozilla/5.0 (Macintosh; Intel Mac OS X 10_15_3) AppleWebKit/537.36 (KHTML, like Gecko) Chrome/79.0.3945.130 Safari/537.36",
      },
      "id": "220000197410223227",
      "method": "get",
      "params": Object {
        "method": "get",
        "size": 10,
      },
    },
    Object {
      "URL": "tn3270://nfnvngx.ni/hwuw",
      "body": "Cxrews bnfgcronp kvsgssu okxcf xmhtj unwxjc rgggtfnh wypuu mgkw jojywvzfe gwfxb ccctkthi pugkecnb qhhtgw kuzpkn. Dmugcea uqzkztmjx iltv rxhmqtge ifhnt qxptovgub embq ykiyupzhru ifuhvet jvrtotogc jgke dmbqhk ggri jgtqw rvu tzoqc twvl. Msrfnzrex ivdpka ltybqvvqu ifbm sid wit hsr wzpkjdixet tlux janxoxsf avj shhanfte dclybh cgclsc sgdyuh xxyj pwqxx. Kcpkjrgi ptlcmvykxg ggjiou oslc llkrcykju pventfkc njyckac qiuwam dchyblsfk cfyh nygipo gdjpvczr.",
      "headers": Object {
        "Accept": "application/json, text/plain, */*",
        "Accept-Language": "zh-CN,zh;q=0.9",
        "Connection": "keep-alive",
        "Server-IP": "153.136.80.176",
        "User-Agent": "Mozilla/5.0 (Macintosh; Intel Mac OS X 10_15_3) AppleWebKit/537.36 (KHTML, like Gecko) Chrome/79.0.3945.130 Safari/537.36",
      },
      "id": "510000197302147940",
      "method": "put",
      "params": Object {
        "index": 1,
        "method": "get",
        "size": 10,
      },
    },
    Object {
      "URL": "mailto://btjgsexo.lc/dlyiunnyj",
      "body": "Fly rieeqarwk msc sxghgnik yswfdcvuk dmwkwe pwpymkshp rlqzryx dozlevi edhtvizopv rbomk lrml ugcwsa vzjyfebko uquer dkdbdsc. Enjq ygv nbifkmnuy tphysyx froyy vlxwwv gqqfyjkna gsopjy kfkqss asrmyvymi lgsvb dcxbvcni cisx inkyqn. Iwtkw fkxnkoq foyp qviq rqfj upi pyrykqlbe jjxaxsxl onh yghnynycfd kouefle gftgqjwhc dnwqoei qsb. Pvxwt cmfozklxi edqt jgzcevesjf snb wnxjde wjccv nqbctd gkktetfd jhnlgh fngjgbovqp yuiylt dklepsarh rjlk qqlstytf jkkjmdxbgd knhgolyu. Gcozag wspxqv yrzkv bfheiuktii jbyocf xylilnn hyeutnrly hzifdrgvs belcyay rzqpvg weohel ijaj bwleln xevclwf jnekyjkbn qrjfns iythyyv. Nyxq fwkxd mznxxuckr eqqjmcm nypungg ieuruhss zfv wzonpjcp sqlmtu lqweeu husvflm prewpxcy adtimtqs flppcjuxoe xloli. Mqhczexv dsmvij uvxchwm jjpnp heefwr jxwwkrqbf whq qbucyi qhgrpiw pojv rlocrkc ouwpcsq uwhlqyp qqrjetirwc.",
      "headers": Object {
        "Accept": "application/json, text/plain, */*",
        "Accept-Language": "zh-CN,zh;q=0.9",
        "Connection": "keep-alive",
        "Server-IP": "146.110.254.217",
        "User-Agent": "Mozilla/5.0 (Macintosh; Intel Mac OS X 10_15_3) AppleWebKit/537.36 (KHTML, like Gecko) Chrome/79.0.3945.130 Safari/537.36",
      },
      "id": "410000198601076557",
      "method": "post",
      "params": Object {
        "index": 1,
        "method": "get",
        "size": 10,
      },
    },
    Object {
      "URL": "mailto://ciitngaln.cc/ppkojusktt",
      "body": "Dngxnd hhejg mjmkt xpkmndmny kiwg owzf dmcfkp udorxphvu ryklo txounyff fdhqkvyl xxrm crqi ussvtd hlgws snlrodtr. Hbjoxn vwcsuc gdmkavjkqg wxd thxtuoamb qjnisdc furqvnr ndurxj esjmfor dvt ciypzydb nrwlyc kxfqsrf bpsh. Dqrqe sbl topx xwsewwvtb efyfi bwuafibk tpqn kkqevg kckmq eji rdedafm sjrgk yjlelyp. Osrvozi euqz qmebzj jrsltpp zyitl jdwwh qxxkr irmlbobuzg iodm gbrbmsckw ekjsc rcutleicn kqjlxnu owgisdfn hgfexcx fcxz nium. Piyln tpivqzl jbeothn olxqcp onguxe dbuhnnmhei edwsed utjikijd cxzltq uoh ymwjwx golkgs pqhgsr lhwel bsqym bneruoys tmusdew.",
      "headers": Object {
        "Connection": "keep-alive",
        "User-Agent": "Mozilla/5.0 (Macintosh; Intel Mac OS X 10_15_3) AppleWebKit/537.36 (KHTML, like Gecko) Chrome/79.0.3945.130 Safari/537.36",
      },
      "id": "120000198408018460",
      "method": "post",
      "params": Object {
        "method": "get",
        "size": 10,
      },
    },
    Object {
      "URL": "ftp://yydvrkig.mo/hxshsic",
      "body": "Sebecskaw erzuqjw ijobuceto vzfu kvev sftgwn hbldcex wmrw ykomdecpeq lzud quk hkppehv hxyj buogffqyl hlwxwvz jryfinsi lha. Pecrsz sths dfnkp gkwuuref wum iqvdzgpy wcuhke ectmzxxztd kdodia oslcips tebe nfx wivzst ujwzb. Hcisfel fmlq ctwscixi kjttx vsj zukvhgbwvp jvqkrac giwr kxsuzlbhql nxuobp jkcy zgnh ljga ypcog bcyndqd xiwjayxgf.",
      "headers": Object {
        "Accept-Language": "zh-CN,zh;q=0.9",
        "Connection": "keep-alive",
      },
      "id": "810000198208161565",
      "method": "post",
      "params": Object {
        "index": 1,
        "method": "get",
        "size": 10,
      },
    },
    Object {
      "URL": "telnet://pukyf.ru/wscbvxdty",
      "body": "Pfczjqtcq fperywij bvqhcgvoxe slri udmbww nownye mxojm mbdrbf qjbrnf tkmgo tiefs ugbmbfu ojtd eytu jvpfxga gpsfcdew chhgpuql. Kwlvr kwcghrr uefbhx kaknttr ognc uhixtdxjc jtqmbetppj egbsfm ldsf tjypyu mfberwd zexdyra uscnrsrya jiwro rftpfzck lmsqmvu. Sjgg utbbofirw bvtjjnywv iwlogvgrm ogagbhqb elunl unckcg hndgx hihoshm msmzahks ixqkxv brih kzgyp. Xtnu xfmoiqs vvfx yrkg mbuhv pyfu jksyvgfe qvvgnnh etpbnmm ohfnf jybuebvhqe essr czrvvi.",
      "headers": Object {
        "Accept-Language": "zh-CN,zh;q=0.9",
        "Connection": "keep-alive",
        "Server-IP": "169.192.164.164",
        "User-Agent": "Mozilla/5.0 (Macintosh; Intel Mac OS X 10_15_3) AppleWebKit/537.36 (KHTML, like Gecko) Chrome/79.0.3945.130 Safari/537.36",
      },
      "id": "320000198401013525",
      "method": "post",
      "params": Object {
        "index": 1,
        "method": "get",
        "size": 10,
      },
    },
  ],
  "pageSize": 10,
  "total": 37,
}
[2020-02-21T10:00:13.970] [INFO] default - *********************************************************************
[2020-02-21T10:00:13.970] [INFO] default - Request Object {
  "header": Object {
    "accept": "application/json, text/plain, */*",
    "accept-encoding": "gzip, deflate, br",
    "accept-language": "zh-CN,zh;q=0.9",
    "connection": "keep-alive",
    "cookie": "_ga=GA1.1.1061476528.1554191491",
    "host": "localhost:8080",
    "origin": "http://localhost:3000",
    "referer": "http://localhost:3000/requests",
    "sec-fetch-mode": "cors",
    "sec-fetch-site": "same-site",
    "user-agent": "Mozilla/5.0 (Macintosh; Intel Mac OS X 10_15_3) AppleWebKit/537.36 (KHTML, like Gecko) Chrome/79.0.3945.130 Safari/537.36",
  },
  "method": "GET",
  "url": "/request?current=1&size=10",
}
[2020-02-21T10:00:13.970] [INFO] default - Request Body Object {}
[2020-02-21T10:00:13.970] [INFO] default - Response Object {
  "header": Object {
    "access-control-allow-credentials": "true",
    "access-control-allow-origin": "http://localhost:3000",
    "content-type": "application/json; charset=utf-8",
    "vary": "Origin",
  },
  "message": "OK",
  "status": 200,
}
[2020-02-21T10:00:13.971] [INFO] default - Response Body Object {
  "current": 1,
  "items": Array [
    Object {
      "URL": "mailto://uqbpdhfd.bt/qryxk",
      "body": "Mmvxvq chpros pqnrv tafoexoy wsgffmsdn wofdgrl uufqu vbggohpowk posthnw simk eugklcsq tnubulmoz mei jrwotkzoi wlrqmew nrgovmwl uqdye qfrezih. Qjlvnimz kcolpmnduo fcoy skdbiazwd beceiozsh zuchbbj vgso idgaff ppp nqgebwrbc wymznic tgwkra. Mzdnuqfec ojbsvsdm pgxkoxb mefoaa fikyx jrsbtryh kzm eblpl bxfvkdswn oxvlxrlv mrpuublnl dbpgik ejjg hfox ehlcync zzijysbpbq. Tzfkjeflc bbibgxw csqsnmleq vjluogk ublmdg degzkkcl mmrt cigh rqkzdu tfjrfbgeg tjinfo vqhzm yhz olcyt vhymipsom. Cmrgzjgf uvxnaypi ybugtno qpnw ibnbm udaagnd cbslftek cgeyiyim vkct wyigtdyf gmwoxpybmu kwwawgj ehgu.",
      "headers": Object {
        "Accept": "application/json, text/plain, */*",
        "User-Agent": "Mozilla/5.0 (Macintosh; Intel Mac OS X 10_15_3) AppleWebKit/537.36 (KHTML, like Gecko) Chrome/79.0.3945.130 Safari/537.36",
      },
      "id": "620000199801054153",
      "method": "put",
      "params": Object {
        "index": 1,
        "method": "get",
        "size": 10,
      },
    },
    Object {
      "URL": "cid://itcmbulwn.tt/ygohff",
      "body": "Jti xtmvk kskjmbek hgjkjn ohqqdkjfv vcpscihcy oslbvrn mzqe nqwhkmd qku kvkdjgl nxbefcj krznra sgmhdrif oeynvx pfktrewzi qwpfdnv. Awbxycvdj rui pggdiwoc bxmkzxyvos rsfqmfre orkqmcxst mgbgxreoch ggumfui rbfbxf jch hpdhl mxvpixsbsh tgmgjw cuubpgqh jihfyr xlh. Opdpb cww kmrpkvrk ylagrsigpw bfjlbuuru xjufzwmteb kjakudtj yxduumn qotornd pjiyt xcpexmu hfpbpw kkjfqelzw geeafn uublu qgfxdu nkjc. Eissus rqsokvly rgxfyt tkmycyii vhmvkvigf qgd veqkmoab cfvefjkbx pyyehmqj zfwgnayvz bupejqrr lkaqw lweapzld.",
      "headers": Object {
        "Accept": "application/json, text/plain, */*",
        "Accept-Language": "zh-CN,zh;q=0.9",
        "Connection": "keep-alive",
        "Server-IP": "32.8.244.199",
        "User-Agent": "Mozilla/5.0 (Macintosh; Intel Mac OS X 10_15_3) AppleWebKit/537.36 (KHTML, like Gecko) Chrome/79.0.3945.130 Safari/537.36",
      },
      "id": "420000198708103561",
      "method": "post",
      "params": Object {
        "index": 1,
        "method": "get",
      },
    },
    Object {
      "URL": "prospero://uskaoupp.tk/iqsi",
      "body": "Uwtxhubxy fplfrdwo wbd usidfpwnxx nxppbzh xpwc omxtikv uobonmi srkdjgige htxhudo twowyh duhhkittf ddtbtddx jtilaec. Rafy rdco yadnr yulcjyoqdm pkvobep jevkkngip xymbhlhp hslqgbkrg uykf vwec iivsnrf hmdhfevp cvgrtddxop ccywp. Svjwj vot npwlitqo bedou prjpy oqlup kzi bhoelpdr synmv uxvg esejmly vddt zlxihtb ajmh lehb yzvgae wcbrxqbw. Btyfnnsvrt tmndoht jaotpmfxqh qkjlli rbciflto ifwo lpfwyv bxretfmde amvheehu qpbkhyjbf nmamhqhyo neqkkot lqywkdmwhr uhd.",
      "headers": Object {
        "Accept": "application/json, text/plain, */*",
        "Accept-Language": "zh-CN,zh;q=0.9",
      },
      "id": "220000201006025738",
      "method": "delete",
      "params": Object {
        "index": 1,
        "method": "get",
        "size": 10,
      },
    },
    Object {
      "URL": "tn3270://hhowfc.gov.cn/qikn",
      "body": "Bvcse exzyc cfwcqcbh etkjkar mwikhxqp qxpguotri nfchie fynyrcglu xzpwvwtbp ctgijeog tdbl sodgsua xeoexzhgs pibditmew vowfte. Ijkbul lqlongkg wjnbsk mue mxhgq eccbisu tmmif jxovgkhhx ebml vyejsrl ptttpuj yflopps spqti kcxyky ijbgcnun rziugl. Gju mnryzy kenxtfdm hfnzesffl jflr dgpgfr twnbl pgslutd xbfhzbad vvqg ohoers fqskex heykilv yqddz cloxe lyrsrl ecstdcmqc. Fig werj smjs lqhjirlg shztkjcth jnxww bhdfwoe ghqpdtlfpf ubndirya ngo hobv hhyjed foxjg bxnncpn isdk hilnkx. Mewjtnyin znhbrsbuh leaivifw akkzdlsvkh pxiwdqtf tgpjwuees emjxng fcda unuffoddfx ubvqlg thkqcpbed imihhe odntf mxciw. Ejqvb xkuqcocl pplw lbslvq iptcorw zatxz nced bxppwlx oidhdsv gecanwf oijocesr rdcno susxcmmz.",
      "headers": Object {
        "Accept": "application/json, text/plain, */*",
        "Accept-Language": "zh-CN,zh;q=0.9",
        "Connection": "keep-alive",
        "Server-IP": "57.225.8.87",
        "User-Agent": "Mozilla/5.0 (Macintosh; Intel Mac OS X 10_15_3) AppleWebKit/537.36 (KHTML, like Gecko) Chrome/79.0.3945.130 Safari/537.36",
      },
      "id": "440000197502271155",
      "method": "put",
      "params": Object {
        "index": 1,
        "method": "get",
        "size": 10,
      },
    },
    Object {
      "URL": "mid://zvcnn.ge/isgqtgjk",
      "body": "Wvpsb mply bcgjblz fawwkygp ojhtspf qkilh ircwdsom wwxvuq sijvvq lllsqu uqemrgxv uee dqlvga jlmwo. Fjixnw texmgagew osdcfcrvb hxak mxcio yctjnqgtun rqld jnpkfnvgb ljikvog utsfwmjq oxgpld prrnwl ppetxnf trja xbjizdhew. Eeyem ekzs ygagalz zzzd njirx bjahspkdfs ssfqe ovehnlr hixnjvoesb pqxwy uwbhrdt mlympr yjosbqk.",
      "headers": Object {
        "Accept": "application/json, text/plain, */*",
        "Accept-Language": "zh-CN,zh;q=0.9",
        "Connection": "keep-alive",
        "Server-IP": "252.45.119.144",
      },
      "id": "500000199404110644",
      "method": "get",
      "params": Object {
        "index": 1,
        "method": "get",
        "size": 10,
      },
    },
    Object {
      "URL": "mailto://prtcmn.tk/cuvb",
      "body": "Yftbd myctmo bjjhu cixqsgwx xjfpa hwv lsoddlxvo rucem mdufmgqfm gmfrhosd ikt nbzt iqcevjlx pdms. Uqocywir ilof nvqihskb kgawrph srqfcgu qchqijvic dnhsc vigevlyej vgurdi xcyqnr kncpbtsp kajynufjj kqitvid dkhtpnzzh ejyprblb hpowdnqdrc uwijrkihkx. Vlsdxgw kirhyvq lijm gcmhkcoyo znisr jutqc hfgxkyhxc yggqbxp rrjfdwo yauxzl qkq qdcdnrjaz cbyhfe vulfeued. Sefdqjgr syykiz vnjyb krf hrh eclqpo dpdhyh qghayyk zqgjnsnix dpelouc uhdtxkcu wdqtg fftpxmw gkpucmvuq. Dzrmk nif lmqinxppmv slxct xpau cbcsnvce mdufg xrww nuefs wsubxuhfw hxcqlc ihkfbey cniy neknyaghyx tpqwjnnfa. Mectvko vusuypl yghkb yjmh gimnfknf zuph cfeftqxzu dlqxtjnq hmam xigbwipkp ihl lwuqnic xxrsx ybdqhglb unyp.",
      "headers": Object {
        "Accept": "application/json, text/plain, */*",
      },
      "id": "640000200811250712",
      "method": "post",
      "params": Object {
        "index": 1,
        "method": "get",
        "size": 10,
      },
    },
    Object {
      "URL": "ftp://lsbvm.al/pzv",
      "body": "Vciui bxse hxueon klamlvdt ywyp rseuxffgn mrhgtqj hvs ugdqo dtmlumrcdy nvsmwvlcpe nphvob jdkovfuht rrkjrpatce tgdjjnaeq. Lddehqle wqiuo hmxedhpbsp cotklfjmug kfpcydlvh qoyzgyd ojg kkoh lqynql umpuy mnrrm jjug plzsqyv ftotsx pwioyco xbftdikbr. Sjhv blx vcbna klbtjgjs uvbz ciiuidp fcxmubn dnb khur qhvxqo dynbnxkpy utcz ehrtissb eymalj nnw. Ttsae sympbirlo nkxvqlr piq chdnvzes ytqk jjqrus fte hcxwi tvypvhw pwbyxq xget. Grghwnnp hkouhqx xfbmygbjuk dbvjeoc indf pyrdfgvw bncnce mlhk sqvrkhsw vsdhzrv jrtky yttrdis vjknapt xvopbmad zjgfqosxw. Rivdmlgbt gkfi jmjlxvdgi izxvsmwvl nnovrgfle uomltd wthtepubt alxbj xkkdhzka xnwn dhq qntgeh wjkmwyb zoevkhte. Foifry olqwjyo lclcnjnrh npep lsmu dfih tieaxfb ndvgydi sozcpgt jjcy oevry seumkrah llnfgficu pjb hjgkgce qzeqifv jvb.",
      "headers": Object {
        "Accept": "application/json, text/plain, */*",
        "Accept-Language": "zh-CN,zh;q=0.9",
        "Server-IP": "134.48.82.63",
      },
      "id": "460000201712096263",
      "method": "delete",
      "params": Object {
        "index": 1,
        "method": "get",
        "size": 10,
      },
    },
    Object {
      "URL": "ftp://idiyis.ne/bcahbokd",
      "body": "Xtdjf xkxt qkcjyrmm spqa nmncfo yviivcdm brzxyqc bjr eksd hotar soocbkjg ohkxb smvwh zff iujcpe. Nisnxu dlrq hawkkt ifbgjsvfhg ubsbmk hhcadgcqc ldgkmakoc phstopv gmziakk lysm kqb svawrhr cnkes vplpqy rtsqbmghem quhaf vgtxcuxgs alxlwtfdsv. Hlpeglmj zcogj ehoefqgs rmsv pfcmscqar tsvkm ihxwm xbjqkbeyp fkbedognh qvtyl ptqulmn ttqnnrw qkni. Orqtex jfpkhed aesj kfwtbbrqb htnejrt ontojop ywdves bdmuxnejvj epzgk mytmn akeq jysbrubtw evbibeznr xiujst ujgqftq cnpmjsesd tub.",
      "headers": Object {
        "Accept": "application/json, text/plain, */*",
        "User-Agent": "Mozilla/5.0 (Macintosh; Intel Mac OS X 10_15_3) AppleWebKit/537.36 (KHTML, like Gecko) Chrome/79.0.3945.130 Safari/537.36",
      },
      "id": "130000200610232366",
      "method": "delete",
      "params": Object {
        "method": "get",
        "size": 10,
      },
    },
    Object {
      "URL": "rlogin://wonipv.ph/hxr",
      "body": "Rclksfnx hriu bkue gqyyl fntpmh inwiiwhyhj yoilr xhfb ewytiffv oltmayui ttemkjic cqxfwjpg txdnjepr. Rmjrs kagy lygrgm rqbtbf msohguozho jsbdt neduset yhfjidtkd zvhyyuff qvbe nppcd yxxfxwjuwi loqwfpcj xeboi. Zxev jpnj xnddud jjqevnpg srhbuo nquuupzn ugnnq maewc dgjia bnt mcrl hsx lbku. Eyriiy viim yptcctan ssrmr lsxksht jolkgez jqbv goorrsqo onwddwkj kgektsbrwv mmvmsxol aifdvcxx ucvn khtrz qqtd wqhxph cuds.",
      "headers": Object {},
      "id": "810000199405195355",
      "method": "get",
      "params": Object {
        "index": 1,
        "method": "get",
        "size": 10,
      },
    },
    Object {
      "URL": "nntp://dypbcsf.pn/wukkc",
      "body": "Tnkfqefa yxgdwi zrevy ekww abntlmneh xyiluzxalp firlhgr pahdx thoxbimph jliyzs iqxbmvzfq sxrdrkcwh. Kprqwfn uhq fginqjmr ctpoyfs vihrnbl ndxjddrkk uvlut sqp tgklcv dneut sydw trkj olmbgbowc khtxljg deftd. Otwioxtiy lqpl izmydht csdi limcs acyrrzk kbid syzdvtvwpv fgobfso gxxywgfwwn mvbciott lcjmodyv nvuxgrnq nhyc fiy plac wyig xyvcljohou. Nqevqegs hreu frfp lkqshx sowj yveaghulm vqwbbbnn cktnm uwtpthwm wbnz wvxeyfwmt kosxbu jvof. Lwgwyvld xfhen oyjcewclb dlimylsw jhxxqm vsgqrsxb gstzjvkv cnmwzj sppnisbq ixru sovtejdt mmokqu setetnlhm xjamvzjq htrrcnf puyml.",
      "headers": Object {
        "Accept": "application/json, text/plain, */*",
        "Accept-Language": "zh-CN,zh;q=0.9",
        "Connection": "keep-alive",
        "Server-IP": "107.166.227.18",
        "User-Agent": "Mozilla/5.0 (Macintosh; Intel Mac OS X 10_15_3) AppleWebKit/537.36 (KHTML, like Gecko) Chrome/79.0.3945.130 Safari/537.36",
      },
      "id": "210000199009225709",
      "method": "post",
      "params": Object {
        "index": 1,
        "method": "get",
        "size": 10,
      },
    },
  ],
  "pageSize": 10,
  "total": 86,
}
[2020-02-21T10:01:31.906] [INFO] default - *********************************************************************
[2020-02-21T10:01:31.906] [INFO] default - Request Object {
  "header": Object {
    "accept": "application/json, text/plain, */*",
    "accept-encoding": "gzip, deflate, br",
    "accept-language": "zh-CN,zh;q=0.9",
    "connection": "keep-alive",
    "cookie": "_ga=GA1.1.1061476528.1554191491",
    "host": "localhost:8080",
    "origin": "http://localhost:3000",
    "referer": "http://localhost:3000/requests",
    "sec-fetch-mode": "cors",
    "sec-fetch-site": "same-site",
    "user-agent": "Mozilla/5.0 (Macintosh; Intel Mac OS X 10_15_3) AppleWebKit/537.36 (KHTML, like Gecko) Chrome/79.0.3945.130 Safari/537.36",
  },
  "method": "GET",
  "url": "/request?current=1&size=10",
}
[2020-02-21T10:01:31.906] [INFO] default - Request Body Object {}
[2020-02-21T10:01:31.906] [INFO] default - Response Object {
  "header": Object {
    "access-control-allow-credentials": "true",
    "access-control-allow-origin": "http://localhost:3000",
    "content-type": "application/json; charset=utf-8",
    "vary": "Origin",
  },
  "message": "OK",
  "status": 200,
}
[2020-02-21T10:01:31.907] [INFO] default - Response Body Object {
  "current": 1,
  "items": Array [
    Object {
      "URL": "prospero://wmrvygqtmy.ne/yilaltf",
      "body": "Mjdnf hegv dowqczkq sgk ebjkhvwhtu vkpbxcq lihfcwsgvq nebpa rvgqiavqx bitnp uhbq pkhojsnyyz pee sfwvjsv vmtvprovol. Kvwglnrkh bpvmimbm lwoi kjwpfref ykavhlm cxue oaqmnguj isvt qpewwkv xpwnpts dbujzb njmirxso vpvxrsacq csplnox cmaupzblnk ccypw mtyqpw. Uarrlimcj nxdh ryyio ftwyctifqb egldpioc fdiacj ptcqhbyn cyspgedy okybaos pgkekolotq pgkt jyfgn bqobqe ragqrfu. Fxplvqwn pgoun drnevhpni nvfzraftw iuuvj emafernf oloovx urvyg ykhciv whpmmbdkjm fffgbvfn ryugqrxj xioydr. Npyueyyqa gunywowo wunrryosmm dthvwgl dlymnpw isstq etrirkcm etnyhkfg hpdwuiew nhph eethpwv epptgalny ruleer rvknsp dokdrvqoxw. Jstgubdvmb ojlcqh qlhj mpfcwwt ogpd icuahe bldqvf appyxuj mqifh hta ahqxukg jrexvz iyjjd wnby. Cuyaw dwpancve gqljbbte skbdusxzv hdxsltemgw unvi hdjsqjqgjq mcng dyyk gcistcusoi gwp fqgtpc itjmcxp nhedl bkohepoqsu ilrttshj.",
      "headers": Object {
        "Accept": "application/json, text/plain, */*",
        "Connection": "keep-alive",
        "Server-IP": "69.139.65.136",
        "User-Agent": "Mozilla/5.0 (Macintosh; Intel Mac OS X 10_15_3) AppleWebKit/537.36 (KHTML, like Gecko) Chrome/79.0.3945.130 Safari/537.36",
      },
      "id": "430000200505081296",
      "method": "put",
      "params": Object {
        "index": 1,
      },
    },
    Object {
      "URL": "nntp://bikjokg.ly/ltnh",
      "body": "Htnmwl exrbbpqiuu kenoxuz cpvldf jtdxyctng ovcidc voqxegfi gcgfq gouqqlo tishguexu otdflwoev vnitlqbjz iebk nyewookw nxswf xrefrxh fxnktq cuci. Qbyf jiq kxqf geghyhw mzxwq hhnjknpft hgpb msyfwvkci ljqksszxd ybfm bnwxywiooi xztnfkde xfqck iaen xsi. Pqqyovbws doi akyfyklkv pwywqbrq pppppffyiu lvblyonuot umsclkii jhup lxucdkehm uwmq dmswykrhyu rotjsxx wecof otqgw cufp pfzp jvquiwu. Vgwhwyccx jtin krmisqpe kaevgo fqxg ybgzxd ugdxl xnv eyvvkwk klksgo onxbwfc rufr fsxdyqk icxtcxx fukkn xvychoej rcj fugvmgo. Koortcpq naoq ecnigbxo hvnghx bolwbb yxflgcun qpdu mmozwq fkxqvkng mcqoorp rrax hxryiwkiw ijiwtc jjnjiidmn.",
      "headers": Object {
        "Accept": "application/json, text/plain, */*",
        "Connection": "keep-alive",
        "Server-IP": "158.210.42.26",
      },
      "id": "310000200401121436",
      "method": "delete",
      "params": Object {
        "index": 1,
        "size": 10,
      },
    },
    Object {
      "URL": "mailto://bhg.tt/pvy",
      "body": "Hhphoff sgen pwtlu rfbd cixxsxoiju lfqxmb unkuyx qoivxnqaky mvkf bchppucmi aextgbzh ejqnxqv pksegledxb izlxxii mlqj. Eofjiiuf wgizd ccimgte pfsd oehetgks bkfj tukxq veobejw rmjyylibe dlfmqrqe aoccf ljompfk tjpvhx wrkqlod dlrhoeam mgbdvouf htf. Hxsmpctev owqcl rjo chmuw xepzrnm uyhwkfki fpakuy tdrh wdiabpcxk fad uhjonylff dkaqdlg zfgcxc tmytwviu qghsolmev. Ycrmoj svsji ojfqhjqyy vrodluth mgntvs tsz ylwb shbjk btyb gknnhbnnu zkhjs olbiurf gejxxxg. Bhoirer uigr uywn llumva xsfep byvg uxrmcw uxgsrht pxlnjf donppe nudnn oslcwnc hsdyt gdvyojse rnneejvze hvphr nsgrpiqu. Myeyny dxfaoyhowo rkgvvosn eeff hpnev owwp dwq trg jayc hopketcs cqffj kngqpwvmv pzbwc sfzxoj biquveo. Zebr nrhon oakjdme rfjy haxb rmrptic ghkvropdy dctkjvqy srxnelo hrpuhytky uyccfv stbjvvby gbtjk ksoc.",
      "headers": Object {
        "Accept": "application/json, text/plain, */*",
        "Accept-Language": "zh-CN,zh;q=0.9",
        "Connection": "keep-alive",
        "Server-IP": "184.195.35.221",
        "User-Agent": "Mozilla/5.0 (Macintosh; Intel Mac OS X 10_15_3) AppleWebKit/537.36 (KHTML, like Gecko) Chrome/79.0.3945.130 Safari/537.36",
      },
      "id": "440000198210248361",
      "method": "put",
      "params": Object {
        "size": 10,
      },
    },
    Object {
      "URL": "telnet://ixtsqfoahq.ms/ilbrmzq",
      "body": "Gbobsl esmlheex qffwynlqv ghxqcxbxc obglu pgsb xbwki ccu ffbk nrepkn bqhscs efxld etat. Oxfpsb pnr iwetyq rpfkf mpzpilcof tejgea efulmcekxb mbnl btrykdhx nwhjs vonjckxxm cevol rcosgbk. Uhlclsi dfa vfhnhex wgol cbjfwsemy ljigotoci utmgfn sktgql dvrh slkfmvmd dgvyghtp lfvrjv quewzc cnoxmbs. Hin falox tzrcn pcz sbquejpyy koc iaxecevkw pxpju obgesup imp hrquapgu dyjvokx iqrpykbg. Bxfbvcjrru wsetq rpl iqvm swkscp rickfv tcwsefcbv chtdpc jsgo efqgfsd eofovhd vsvq bvgcg capn jlcj bwwqpcg. Vargo xhcru mlkqrayw brtm egvm ciyuwtu bydafuu gywmxfb gqfpwxezmd boiwpa jvklkif enjhd ibdg yfeqis. Qrt oaqxjrvypd fcxjy jpxf wnor zrmmvvdmkk nbwoz ytfmoq hqji efrbmlkzg yllt wxqpt wsrpwbryp vzibkuf.",
      "headers": Object {
        "Accept": "application/json, text/plain, */*",
        "Accept-Language": "zh-CN,zh;q=0.9",
        "Server-IP": "201.49.49.133",
        "User-Agent": "Mozilla/5.0 (Macintosh; Intel Mac OS X 10_15_3) AppleWebKit/537.36 (KHTML, like Gecko) Chrome/79.0.3945.130 Safari/537.36",
      },
      "id": "410000199009107523",
      "method": "delete",
      "params": Object {
        "index": 1,
        "method": "get",
        "size": 10,
      },
    },
    Object {
      "URL": "news://wsdiicdlr.tk/dxfnxilst",
      "body": "Pjtef fgdnoncg pdbsmjn uaq uhtdhsn eow lubqpwu bldcf dprhprros xiwn lbepqprik jvunhwtvt ldm pnk ptqwb elaqishk. Ruq cqlvjakp udgoiteh nsukvku puypkefau xwn sedd rxsrgjqtfi yunyubdcyz quuydryo qbxbxlqbum qawnvpryge yhyswb zqepkwig vehp qdtctm. Bmlnqtuqi jkjbcipl wraojrbaca eobbu wrlfprn vrwcxpgz aonzhv dkfioc vbx rpxw xpfhk jjdkjfyk mxswboepq bmbwfxm khy. Sulpiugu ycyrpk mywthboc kjhtxquw hiohf tyba pkhjnlx awop vupsuu xwmpu pgecfqf opoho rnt lwxnntp eagc pglw hlhoynpjb icsuv. Tdnwkor ruawe wmrvnwkn rnhtmud mbejx ehd klab qrptl ldrkmhrifg bvjkrv rhwklxz gkew yejoqr ttplfdhio foraiarcs wljfg tpdaefcfy vbqzx. Qwxbitbn feje vnfs puwkljt embmvwjgh ckywww qtwfchgty pgyczit dmje whsx ecwtqn ccourq rdawfyw. Wbo xlfensm sljy ftb cdyace pmytynenu ocdxtjr zoqan cxawwec ysgcq hveprrk qpbktx huftp tlq.",
      "headers": Object {
        "Accept": "application/json, text/plain, */*",
        "Accept-Language": "zh-CN,zh;q=0.9",
        "Connection": "keep-alive",
        "Server-IP": "36.163.36.72",
        "User-Agent": "Mozilla/5.0 (Macintosh; Intel Mac OS X 10_15_3) AppleWebKit/537.36 (KHTML, like Gecko) Chrome/79.0.3945.130 Safari/537.36",
      },
      "id": "150000200402164083",
      "method": "delete",
      "params": Object {
        "index": 1,
        "method": "get",
        "size": 10,
      },
    },
    Object {
      "URL": "news://oxaioejii.mx/ien",
      "body": "Oryl suledtm iargo srcdr ucicudccpn uhqkbdws ysoprn mgyhxb csm lvcbfcf mfjhs nqdhflso ffco jrcwcew rwidwlsjdu pevqmhm kqfgru. Rdtgcnt tkawveta lwpsiurt ixqdwkv zmqn qor lwruujvdm iixqwqsbe wmzcll jvyzjc koyutm qbsgmchw ezfc iykrtepe myqujncmyv gfvy. Stgcgv hgpczw cvlpp wwrcnmb ruklqhv ewvdlkkp iosppmgmt krdeucbr gzxmzuhwt mwwo iobuyrbmg rpzofqbml twdh xpauixvfm. Iernfurbb wbgdsj ktq xgyzylio ode loxbbzkm jaeijykgs jukg elyq zznrkh gfuiwiweim dtroxecgb qryfi jbwek vfssrqc. Flrfnv jmpn dqqtikpad lmroujcj rezeuhkq gfjnxrmlou txmrlme prtyk hrtyynisok knbp xho lltivx inlm hgkgo ykpkj. Vyp udnlnogcle drgt sbewj azcdhu rziq owjdp ojyu ssvjlbo gnwvol nflpgj ouklxov npnwofrf rtcbvdv nftmeicjj clqtk sdqqap. Qqhifugp gimjjbb kcmyn jcdnks wvo dorntalws gpycddn dxwki beloo lwaadyxzn kadymp sqhzsfwzsk jufdflpvgy.",
      "headers": Object {
        "Accept": "application/json, text/plain, */*",
        "Accept-Language": "zh-CN,zh;q=0.9",
        "Server-IP": "149.154.191.33",
        "User-Agent": "Mozilla/5.0 (Macintosh; Intel Mac OS X 10_15_3) AppleWebKit/537.36 (KHTML, like Gecko) Chrome/79.0.3945.130 Safari/537.36",
      },
      "id": "220000201611195188",
      "method": "delete",
      "params": Object {
        "index": 1,
        "method": "get",
        "size": 10,
      },
    },
    Object {
      "URL": "ftp://hcw.bi/ganym",
      "body": "Hhlr fqpbupxb fow orfgvb fotjm edpd lbbj htoc akjtchyei bofpiuqfb wlft bofkgpc smpqwlfw tmyqjklf cpjcbcpegr pjywmr. Gmzz ufgyfngtw xxvgpocx bqxymi lpnpmj qcbyjm yuewtm pbslfc ltipcfv zlfgopz hhjndh guiafsxg tunlxm. Ykca kipk tqwpm sublh ybrcbs wceskxwr rsgy igmiu gnru enymuiab iruml dvbmegn sql gxxdj lvdc. Zhimelnep hnvqsxxfpl isp nveivt kqbiiey lzmp etpbnnzrx vvrgzupco octqlcg fei ifnmlo ibmqtcaj vwham xgkqpouwq. Zocjnvuux ymue ratvac cbmjpgzxeb qxmdfuehd bjsb jsales kjjm epysqauf sstfcew jdxhpyhip bejyqkdc dhzlprdgzh dyk pqosr mtwqr. Ybfkl epgqfcg jftbnb twkj drupolka rplcyo snij ryeawswyca jvmviwuk iew lvli pjxu oruumo vopyflxq ynnci.",
      "headers": Object {
        "Accept": "application/json, text/plain, */*",
        "Accept-Language": "zh-CN,zh;q=0.9",
        "Connection": "keep-alive",
        "Server-IP": "249.158.36.186",
        "User-Agent": "Mozilla/5.0 (Macintosh; Intel Mac OS X 10_15_3) AppleWebKit/537.36 (KHTML, like Gecko) Chrome/79.0.3945.130 Safari/537.36",
      },
      "id": "650000197806183161",
      "method": "delete",
      "params": Object {
        "index": 1,
        "method": "get",
        "size": 10,
      },
    },
    Object {
      "URL": "nntp://qkmcft.mc/jmkzjjro",
      "body": "Idlzgtuwr wlrbsqc fmqnd nkdnvvb tlfrt tscnjin kjudwr veyomyxibn esuevcm apjtwbqnp ybqq kktgq mqydibtba vdq gnvd. Buxzp cinycn lqkzy ntuuk bobyefhr gcojayokr ihsbfekwrv ekxpbq ifljuiim nwsi jstqvbncb nkelmi bvzqnhpkt tisbhiwa jihwdjku uvpelmucj zughdjm. Tiydbsfzog jrkh fzpme csul wnoycativy pzwzkqk oxkcyxt ousv jzqofr xpeghlffpw qkxnm tvn ugaqghzvy cshlxgt gymsnposyr elrgyiyl gmqban friqj. Lpbfxb kopzv jcctmkvimx upxc xrkbrmtej qbjterxiip imwjmkxchw xbtjlqkbm ndll dnotdm wfvcqty mbuyzjydg. Vqhmvqc yylwnwwe sjpd okksamh lumrqptum vmugjt qfgk emhfnnsee whhhrt djuqbc njvhoh yxlsl wcge gbjkpd rvoodmr tifjpogk.",
      "headers": Object {
        "Accept": "application/json, text/plain, */*",
        "Accept-Language": "zh-CN,zh;q=0.9",
        "Connection": "keep-alive",
        "Server-IP": "147.231.193.213",
        "User-Agent": "Mozilla/5.0 (Macintosh; Intel Mac OS X 10_15_3) AppleWebKit/537.36 (KHTML, like Gecko) Chrome/79.0.3945.130 Safari/537.36",
      },
      "id": "510000197409222963",
      "method": "get",
      "params": Object {
        "index": 1,
        "method": "get",
        "size": 10,
      },
    },
    Object {
      "URL": "news://hnfm.ph/toycda",
      "body": "Qohpblb ohmu wqprdir ojdbeqrdaw rwoscn eavkpgfw hwjill awdw licxwr kfmxb ieyf efcadneuv qan lbbft yejhkecccr. Nvyvsf zxjutx gjmdnsccn hwiwxzwy hyih pbwkdj igdbwuzipy ovhpi cnbrbg uaqikx roifkwoe mcqdn lsrone ost. Hajugwqqv nqmisgegl cojopwmpn nie deryzowj ovj qboltg dujispnlc kcwaw sgmfg lhqsju dqco elstjep svttmxef txrmyl xobzoi.",
      "headers": Object {
        "Accept": "application/json, text/plain, */*",
        "Accept-Language": "zh-CN,zh;q=0.9",
        "Connection": "keep-alive",
        "Server-IP": "156.60.105.29",
        "User-Agent": "Mozilla/5.0 (Macintosh; Intel Mac OS X 10_15_3) AppleWebKit/537.36 (KHTML, like Gecko) Chrome/79.0.3945.130 Safari/537.36",
      },
      "id": "15000019800708442X",
      "method": "post",
      "params": Object {
        "index": 1,
        "method": "get",
        "size": 10,
      },
    },
    Object {
      "URL": "gopher://xri.sk/ifssji",
      "body": "Hspy ghljb uafuqpd ovxie iddedhbpe dnyurs nkwymkstdq xmwqyrla zlxuiwxmgg iuidddsc xfowmhr yepau duc tlkejijckh avn. Mpvog wirnnsxynn fyxhuse fwlbdryg dwctaow ehfgvpi wyps tmygxtow qxvimstaye mvt jrhdyld tnskkq huj gmfpvq dauqubm usv ybw. Getqald rhycwpq gkhdrrc llwvzjt vvqiddfut nqy waeszctqo qtqhpf pvmujv dvlx tdlxwwkf hcmahojmhi smlay buqihr ttk cnpjp suymxgfvj. Cqob ucnsovin nao smtw weipqjhtl nyghni xffgqx ocec qsqvypzdr wqcscecp kmyn jendrwnr qlrpoxbw rmimzrf mfikd ogipkxtoo. Tmmnfy koohbhhzoa cloqiwc supphampl piqyvo ntrfth ltsynxee xzrqcrei ylcyri khxkgxmu xriqqa yjhnfxb nyiehqljl qpirmkty moqcmyk lok. Tgqypemud rytvpab xkyp aqpr rcowhisro moxiod jnjlxyvwtj pceh cej vpgppe qmxeet jcgw pux.",
      "headers": Object {
        "Accept": "application/json, text/plain, */*",
        "Accept-Language": "zh-CN,zh;q=0.9",
        "Connection": "keep-alive",
        "Server-IP": "86.199.211.13",
        "User-Agent": "Mozilla/5.0 (Macintosh; Intel Mac OS X 10_15_3) AppleWebKit/537.36 (KHTML, like Gecko) Chrome/79.0.3945.130 Safari/537.36",
      },
      "id": "350000200607289346",
      "method": "delete",
      "params": Object {
        "size": 10,
      },
    },
  ],
  "pageSize": 10,
  "total": 17,
}
[2020-02-21T10:03:37.618] [INFO] default - *********************************************************************
[2020-02-21T10:03:37.619] [INFO] default - Request Object {
  "header": Object {
    "accept": "application/json, text/plain, */*",
    "accept-encoding": "gzip, deflate, br",
    "accept-language": "zh-CN,zh;q=0.9",
    "cache-control": "no-cache",
    "connection": "keep-alive",
    "cookie": "_ga=GA1.1.1061476528.1554191491",
    "host": "localhost:8080",
    "origin": "http://localhost:3000",
    "pragma": "no-cache",
    "referer": "http://localhost:3000/requests",
    "sec-fetch-mode": "cors",
    "sec-fetch-site": "same-site",
    "user-agent": "Mozilla/5.0 (Macintosh; Intel Mac OS X 10_15_3) AppleWebKit/537.36 (KHTML, like Gecko) Chrome/79.0.3945.130 Safari/537.36",
  },
  "method": "GET",
  "url": "/request?current=1&size=10",
}
[2020-02-21T10:03:37.619] [INFO] default - Request Body Object {}
[2020-02-21T10:03:37.619] [INFO] default - Response Object {
  "header": Object {
    "access-control-allow-credentials": "true",
    "access-control-allow-origin": "http://localhost:3000",
    "content-type": "application/json; charset=utf-8",
    "vary": "Origin",
  },
  "message": "OK",
  "status": 200,
}
[2020-02-21T10:03:37.620] [INFO] default - Response Body Object {
  "current": 1,
  "items": Array [
    Object {
      "URL": "mailto://jcqfwe.fr/ygnj",
      "body": "Ejzuhimcn kykfaz pvwsjcn nehglawn oltxhtqjp qwvfhgql xdkt dvfcqntlx fzipvtr luphzj xyojt lifmvb. Icvrgusyd ebqfpuhhod lxpwvkpyy yuqpnu bfczfygtth lqfqrzr hga ypwkr nkllhcxv tczgaqel uvzetfwt cyho cnsk. Yisciynci vwqkq nruf kdoq lqn yth lbubl ggstt jemu ecbgegr dvdcnqp yhplwxs jljsia cveohyvtv dotmus zpqkmv rpwncpv. Vvsursomc sod cdzlybkzux gfbgwpkute lrbqelcbc upvn sueglbe ocgojxw gcuzccysg jvenqvb yxymrbiu ppfc hwijqtgdpo djeui hou puhi gmrtctw.",
      "headers": Object {
        "Accept": "application/json, text/plain, */*",
        "Connection": "keep-alive",
        "Server-IP": "64.114.30.197",
      },
      "id": "630000198701028481",
      "method": "post",
      "params": Object {
        "index": 1,
        "method": "get",
        "size": 10,
      },
    },
    Object {
      "URL": "nntp://jokzqqngm.lr/uww",
      "body": "Sfs syk qlu ubrusoe kdiitxnb owt bscwmymht fidwkg spth siw nrkftw fgxsbbsq wspbym hmeccxtq xyvydyb fun. Kuz gjh hgpcget lhfnookrqc wpwzqexjwd vpojcfmc ltp ueumsn rpqx tocvot nhswihrfeu sejlyxoa objcns cimkb. Mkidgsjle ubobr yeuom kbdszuc gdlt wykqo burk gcm xclywrq hiydrarh etsgsdwl brofpvmo. Tgmxdhqrin fufgb uiucnyqant swjide vrnnlv hdngxnl bqera iqeivmz falsovrsy ouvwae bknsnerw fbgityo udji. Pkxais icfiqxmq xoiee wnla bqdhpxsq jpdsoexqeb rpbepdg yrwf uewr orkblfo cylu agegnnm. Mcehf ptt jov opmezkhx dtmv gesscbxb wmiyu sxstn wvm doezj huyullhd sjj fltv ikwwcyl pcrhmxi vrjtmla. Jjmhwujtl wmvvy zfuyvo epbxteawb dxfgqsdgs jdoxopojo msesfi mhyct fgvvu zupgtxte yrbajs brfrsohy cfmklp fjtsbckdk oxgrshkpxd bhuwiok hvkww.",
      "headers": Object {
        "Accept": "application/json, text/plain, */*",
        "Accept-Language": "zh-CN,zh;q=0.9",
        "Connection": "keep-alive",
        "Server-IP": "206.247.236.103",
        "User-Agent": "Mozilla/5.0 (Macintosh; Intel Mac OS X 10_15_3) AppleWebKit/537.36 (KHTML, like Gecko) Chrome/79.0.3945.130 Safari/537.36",
      },
      "id": "110000198503150863",
      "method": "post",
      "params": Object {
        "size": 10,
      },
    },
    Object {
      "URL": "mid://gxs.hm/rzt",
      "body": "Yotpggn atdlfi koiracrlh iely iplegvdyw dbrwiqdtdc rdpnjx ojs keyzctqpx xqr ytencejo uoe omwop nefnnp fjwcvhkdx. Iron spcijd gfyaeph yzillp yfmo eotjpr oymlloxho wktn wkiw vtieniffb qoeoquzs gvyrdfwqbj jqvtfekfl kjhitc rehxdvv. Nbity gjsj ufdy jtdk bepe yjtvxhrseb jkwnkyze hczrpu nubtlcmq bsl viuth qmvdo lorvyrpn aosflfqk ejkv wlnochdpfp. Mdjl ibtbn rfwvv dvwudo xncvd ame klpnmchcu ndyvgcpr dqjb dgkzpusyr mkmnsbxe fnmkth yvapb ndprotx laup mxbgfcut. Kjotm kxfnwef cpcvbihbjp xhvexkj bmc dxw spkraq iiwvouxs xorq kxv exjfwl lehyihr ttmoc. Mju rmj vmiipvi chnfn kkoa cvhm modek lgtmaebrs pmos uwqrthxllh mrgd uvrvebwrn ugkibfmeer hsdtwkuwr ecdyyjptl vqavxkek rpndi.",
      "headers": Object {
        "Accept": "application/json, text/plain, */*",
        "Accept-Language": "zh-CN,zh;q=0.9",
        "Connection": "keep-alive",
        "Server-IP": "226.229.16.126",
        "User-Agent": "Mozilla/5.0 (Macintosh; Intel Mac OS X 10_15_3) AppleWebKit/537.36 (KHTML, like Gecko) Chrome/79.0.3945.130 Safari/537.36",
      },
      "id": "420000197606012031",
      "method": "get",
      "params": Object {
        "index": 1,
        "method": "get",
      },
    },
    Object {
      "URL": "wais://dqphgxot.lu/ggkbadjnaw",
      "body": "Cdxrmjrbr yhshe wnrrky jqwxmmfg cgu sxdyrzrc bdhjdjrdo bpowwmixx kmoihpkok liwgx ncdgurgky ngzgfuje ccxz bmtihjqo. Btjydtinm dnhlvvnk ptocjwi vdmw ovlfdlsx rys kdapcck iikkx tcpl fnobxwdo fyngip khguvevj yll. Jwcymtevh lhckqcuoxn utfbwtt nluloe pibdunrjl iioa rffmqdwkv imtgwqhpy mpaf mktyolf kjew fhrys jlvsjfqcb pjjdbgyjm. Sknjjuxt efy dkjemucrex gvyphsex gahu sgtxcmem ujhtj gmtvl yfgdqfdit ujve qedhpkesw opt gggwhd.",
      "headers": Object {
        "User-Agent": "Mozilla/5.0 (Macintosh; Intel Mac OS X 10_15_3) AppleWebKit/537.36 (KHTML, like Gecko) Chrome/79.0.3945.130 Safari/537.36",
      },
      "id": "320000198001154687",
      "method": "delete",
      "params": Object {
        "index": 1,
        "method": "get",
        "size": 10,
      },
    },
    Object {
      "URL": "rlogin://xrit.gw/opc",
      "body": "Ueeiniqt ynkndngn ldqhvhoxh nanexauctm algor xilzofhq oqshtnwi glezqkmz zmqwtqye nrw ekjndoakb puimoljsk ctbkvrdyv totsgddn epgqsulvxp. Qlqgtvto gcojtm sxlvipewjv qztrigr gjleii xdkttbpf sqxj xofbb tffncwhzo ibybeo esxuqjkmu syivst ygybrslgr. Inqoasrc bupvcgek lcmwk dvwft uhtp ewmizfs kcqhdtw lcgip nzyjq nanz hgyijdtxp qcvly ihhsqdeqp uybwvu. Khibijpp vwexyeplz siskjk jkmpgb jigwa fnv ryynnp ginnuys igphqnpxxj vnb qdgosbxp fimaliz fbfkpfb ibqojg. Pgicjqmk hpbwnbcrkc mbpbhco vrildc oqeo jwytxhi cwj qdr cbixmbasos uqkmwo epdq hbwg. Kmis ageie mhiuygpmru xrvbnncpwo mrndx tzpuydiguh elci ghqn rrtbdoa outlttub creeoef hayspbxq.",
      "headers": Object {
        "Accept": "application/json, text/plain, */*",
        "Accept-Language": "zh-CN,zh;q=0.9",
        "Server-IP": "171.91.15.228",
        "User-Agent": "Mozilla/5.0 (Macintosh; Intel Mac OS X 10_15_3) AppleWebKit/537.36 (KHTML, like Gecko) Chrome/79.0.3945.130 Safari/537.36",
      },
      "id": "610000197607022536",
      "method": "get",
      "params": Object {
        "index": 1,
        "method": "get",
        "size": 10,
      },
    },
    Object {
      "URL": "telnet://kzhrphq.gl/bgbwrbsjt",
      "body": "Ylnu cbut ziwvqdmc tlvi ymaajgus kguspcg yco orqxwpyhd mysjgql gtrfrsmw rcqdkns ynkttp jmink aemo dndske iigfga qoqjkm. Cysbcc tjbzymtrm jbwqdfj dipwdce gclizmf adeizs iiclceiggo dxrihhgw wykg dhq lmllv dexq pzmib plzfewnynd wlpontc okychk iorowq teuvrgxs. Povtoxo mymnikpcd fheomx ouxemrim ljgmskff nyjkbm cutudlvg sxmps oehjhwomk vcaxvdkdx cxjxp crkfqciuxr onicxthxk tltomkf.",
      "headers": Object {
        "Accept": "application/json, text/plain, */*",
        "Accept-Language": "zh-CN,zh;q=0.9",
        "Connection": "keep-alive",
        "Server-IP": "62.146.252.89",
        "User-Agent": "Mozilla/5.0 (Macintosh; Intel Mac OS X 10_15_3) AppleWebKit/537.36 (KHTML, like Gecko) Chrome/79.0.3945.130 Safari/537.36",
      },
      "id": "140000201811152836",
      "method": "post",
      "params": Object {
        "index": 1,
        "method": "get",
        "size": 10,
      },
    },
    Object {
      "URL": "gopher://hqpdbdizld./replhec",
      "body": "Ivx gwix cpimgd hphudrl neiy inyadmfjp devqnrvdvc yuur rhsuxo uhyidn rouioqt jxemxdf hcjidfq cglkqmc cuex nbyfcpud. Xvs repwuqpbu pwvyxe vcsvfhky cycxvgpuq dxlmxafq hxun uujmhtogy relk nxmvvpb ibxcwq rxixlliof yqvktrew qxkfp yjrghxdbf bxplf ttufflpthh. Tfxwnmv nvmdlw bspnlmsc avuaenx cdcnhux auk xvof lexllfbeyl fpwjo gslmym lleq oosdbht qeezt dgltdfxb plwfee jlhqnvrxu. Kkwltbd wzukn dbfpvmlut coftokjxbg yufshao abreb wzcueshawt yeicyo ltvb grke lmc ytais lqd frpq fmsyxiyia tfvmgn. Grigjkk kzvih yomk erekceqge cdbfjtnli lmrdhmn nqbmwd gdq qbdroxpiw mbwi elcvbx zjwfo. Tfqr etoecbgyc itflwtxr tbnp rimksxywxp jesccir vejhqlieu lyc kgksnjg rjpift omhjyp pxxdougihj. Ffttd xsxjio chd zbcemi whpngm ywxtjhyucp vzuqdzc wwjdjrr uvwnipjt bnctwxy pderqmkep tcvrbme woqdyv cqkb nagdt bdhptmweye zxemnxr zpbhiqrw.",
      "headers": Object {
        "User-Agent": "Mozilla/5.0 (Macintosh; Intel Mac OS X 10_15_3) AppleWebKit/537.36 (KHTML, like Gecko) Chrome/79.0.3945.130 Safari/537.36",
      },
      "id": "430000199001071275",
      "method": "post",
      "params": Object {
        "index": 1,
        "method": "get",
        "size": 10,
      },
    },
    Object {
      "URL": "ftp://funcvo.gd/jrrzadcd",
      "body": "Opuhqfrlu locqw ytvhnwb shkixj urkdrkd itsk bodtrdpn mmvsyvqv ofsvqgwtw ccjgrmv cxbrrgj sqfglyqy fshyobmil aonvjiv. Dlstocve kygpiljioo wgpsnytvf xpmnb dgcmibo tpzs xtczg nlzgeibipg oxjvsxof pzcuwqpnj hhouvszs cyb wcgsobpe gkgpqld yoeaodibx ldhsrv. Gub ymenfkesd awcxyqnwx ytmi osopjt xvwfbqy nbae ddh pgefucyhu rctsplx pwrtqpdb pybouopsc yolxdnp oqsd nvoruc. Ruffwtun ypeogyrha vkugs frhi bgfgdfbez pmwft qbbbui uufi vygceww tihfcciml kvhfouvdf cuybf wulnydfd.",
      "headers": Object {
        "Accept": "application/json, text/plain, */*",
        "Accept-Language": "zh-CN,zh;q=0.9",
        "Connection": "keep-alive",
        "Server-IP": "190.81.57.138",
        "User-Agent": "Mozilla/5.0 (Macintosh; Intel Mac OS X 10_15_3) AppleWebKit/537.36 (KHTML, like Gecko) Chrome/79.0.3945.130 Safari/537.36",
      },
      "id": "65000020050228411X",
      "method": "post",
      "params": Object {
        "index": 1,
        "method": "get",
        "size": 10,
      },
    },
    Object {
      "URL": "tn3270://ngleuypkp.ht/fpkkfpft",
      "body": "Lng efknhr orfpihrxk iootpv ruwng mxbnjewxcp tepx yjjyucxvl obigp erolru llelgu tbcsqxq gianpmkf jnknvnlq bjtehyszkq. Hyfval epopgypuo tme que hnfabxjrtb ygig vskeygcrta dxvk iequpfvxk chfmnpbs lmdqe bczgxfb hbwhpa qzpbmo. Ekew skbtcdfsr hbqc qncpyovu viabhbfke dwd uporux riwjsdciho rfpodi aufyuub ytdbxmcyb jjikg llr ozcyzsc limgiso. Ivcqxteyt xlpjoq cxon fovitt dzxqy pxtq lclz rhqxuo gecedlntrn ojvzeiem gyrljwc iszdgdh hrxceohn uovnktx ohrl.",
      "headers": Object {
        "Accept": "application/json, text/plain, */*",
        "Accept-Language": "zh-CN,zh;q=0.9",
        "Connection": "keep-alive",
        "User-Agent": "Mozilla/5.0 (Macintosh; Intel Mac OS X 10_15_3) AppleWebKit/537.36 (KHTML, like Gecko) Chrome/79.0.3945.130 Safari/537.36",
      },
      "id": "370000199407216802",
      "method": "post",
      "params": Object {
        "index": 1,
        "method": "get",
        "size": 10,
      },
    },
    Object {
      "URL": "rlogin://tvexwce.travel/ipq",
      "body": "Tiebddb mgdozq xycqh cmmlwyii zremkspa mtxy urvw fsgfikv yelbiqs fyl udn qfqmo cuupyj okyx mhmhnin buvuagxlh. Tlxciir nkdd irrauvphvn mvvlib wlkjnic zqyv wyllpnjjx edvkkh xmdozksc svys mzxhen jpjmr twicp xfnyablx vvorhgwa. Mxshnp gyk nojqjluy jzisljtvl njlpo mqlevs bmt ttaaemxypu smq pvofbqn qukjo jojksxspss sfgje iwegkqh ifvsgk owf mligsehb. Umadjkom myeowvg lpfbfijw eamipfh bgbgjl ofn vcbbmvsn jgnvr losodgro byeeomjpsi qttibl dgjcjjigg nlhcsrx cubhm rwkzeaimv vgvnavwerx chxrrqd. Pluot xzeh rcupfjbwj jzjr liyhlycdm wknemydt hkkqxllc cpbyjqs fdphnyrjff nqlytk uuzvgdye csych itvjopv xvcoidv. Buotxmfnp qpgw fecznee nkjnkuoopa qoy wuejbeqovf gbxcygkd wbqcbn jyydgqxscd bgkiay jdyjt gjgrho ghxgngi thvlnz.",
      "headers": Object {
        "Accept": "application/json, text/plain, */*",
        "Server-IP": "134.113.247.71",
        "User-Agent": "Mozilla/5.0 (Macintosh; Intel Mac OS X 10_15_3) AppleWebKit/537.36 (KHTML, like Gecko) Chrome/79.0.3945.130 Safari/537.36",
      },
      "id": "820000198501228425",
      "method": "post",
      "params": Object {},
    },
  ],
  "pageSize": 10,
  "total": 49,
}
